2019-08-11 04:34:36 INFO  Application:26 - Application number 1 was created for JOINT account
2019-08-11 04:34:36 INFO  Application:26 - Application number 1 was created for JOINT account
2019-08-11 04:36:28 INFO  Application:26 - Application number 1 was created for JOINT account
2019-08-11 04:36:28 INFO  Application:26 - Application number 1 was created for JOINT account
2019-08-11 04:39:27 INFO  Application:26 - Application number 1 was created for JOINT account
2019-08-11 04:39:27 INFO  Application:26 - Application number 1 was created for JOINT account
2019-08-11 04:42:48 INFO  Application:26 - Application number 1 was created for JOINT account
2019-08-11 04:42:48 INFO  Application:26 - Application number 1 was created for JOINT account
2019-08-11 05:26:42 INFO  Application:26 - Application number 1 was created for JOINT account
2019-08-11 05:26:42 INFO  Application:26 - Application number 1 was created for JOINT account
2019-08-11 05:26:42 INFO  Application:26 - Application number 2 was created for JOINT account
2019-08-11 05:33:09 INFO  Application:26 - Application number 1 was created for JOINT account
2019-08-11 05:33:09 INFO  Application:26 - Application number 1 was created for JOINT account
2019-08-11 05:33:09 INFO  Application:26 - Application number 3 was created for JOINT account
2019-08-11 05:49:39 INFO  Application:26 - Application number 1 was created for JOINT account
2019-08-11 05:49:39 INFO  Application:26 - Application number 1 was created for JOINT account
2019-08-11 05:49:39 INFO  Application:26 - Application number 3 was created for JOINT account
2019-08-11 05:57:20 INFO  Application:26 - Application number 1 was created for JOINT account
2019-08-11 05:57:20 INFO  Application:26 - Application number 1 was created for JOINT account
2019-08-11 05:57:20 INFO  Application:26 - Application number 4 was created for JOINT account
2019-08-11 06:06:13 INFO  Application:26 - Application number 1 was created for JOINT account
2019-08-11 06:06:13 INFO  Application:26 - Application number 1 was created for JOINT account
2019-08-11 06:06:13 INFO  Application:26 - Application number 5 was created for JOINT account
2019-08-11 06:25:38 INFO  Application:26 - Application number 1 was created for JOINT account
2019-08-11 06:25:38 INFO  Application:26 - Application number 1 was created for JOINT account
2019-08-11 06:25:38 INFO  Application:26 - Application number 6 was created for JOINT account
2019-08-11 06:33:08 INFO  Application:26 - Application number 1 was created for JOINT account
2019-08-11 06:33:08 INFO  Application:26 - Application number 1 was created for JOINT account
2019-08-11 06:34:35 INFO  Application:26 - Application number 1 was created for JOINT account
2019-08-11 06:34:35 INFO  Application:26 - Application number 1 was created for JOINT account
2019-08-11 06:42:07 INFO  Application:26 - Application number 1 was created for JOINT account
2019-08-11 06:42:07 INFO  Application:26 - Application number 1 was created for JOINT account
2019-08-11 07:21:52 INFO  BankAccount:23 - JOINT 2200.0 was deposited to Bank Account number 1
2019-08-11 07:22:38 INFO  BankAccount:29 - JOINT 1800.0 was withdrawn from Bank Account number 1
2019-08-11 07:24:22 INFO  BankAccount:29 - JOINT 1800.0 was withdrawn from Bank Account number 1
2019-08-11 07:24:22 INFO  BankAccount:23 - JOINT 2200.0 was deposited to Bank Account number 1
2019-08-11 07:29:21 INFO  BankAccount:29 - JOINT 1800.0 was withdrawn from Bank Account number 1
2019-08-11 07:29:21 INFO  BankAccount:23 - JOINT 2200.0 was deposited to Bank Account number 1
2019-08-11 07:35:43 INFO  BankAccount:29 - JOINT 1800.0 was withdrawn from Bank Account number 1
2019-08-11 07:35:43 INFO  BankAccount:23 - JOINT 2200.0 was deposited to Bank Account number 1
2019-08-11 07:46:53 INFO  BankAccount:29 - JOINT 1800.0 was withdrawn from Bank Account number 1
2019-08-11 07:46:53 INFO  BankAccount:23 - JOINT 2000.0 was deposited to Bank Account number 1
2019-08-11 07:48:48 INFO  BankAccount:29 - JOINT 1800.0 was withdrawn from Bank Account number 1
2019-08-11 07:48:48 INFO  BankAccount:23 - JOINT 2000.0 was deposited to Bank Account number 1
2019-08-11 07:50:06 INFO  BankAccount:29 - JOINT 1800.0 was withdrawn from Bank Account number 1
2019-08-11 07:50:06 INFO  BankAccount:23 - JOINT 2000.0 was deposited to Bank Account number 1
2019-08-11 08:02:09 INFO  BankAccount:29 - JOINT 1800.0 was withdrawn from Bank Account number 1
2019-08-11 08:02:09 INFO  BankAccount:23 - JOINT 2000.0 was deposited to Bank Account number 1
2019-08-11 08:07:10 INFO  BankAccount:29 - JOINT 1800.0 was withdrawn from Bank Account number 1
2019-08-11 08:07:10 INFO  BankAccount:23 - JOINT 2000.0 was deposited to Bank Account number 1
2019-08-11 08:08:01 INFO  BankAccount:29 - JOINT 1800.0 was withdrawn from Bank Account number 1
2019-08-11 08:08:01 INFO  BankAccount:23 - JOINT 2000.0 was deposited to Bank Account number 1
2019-08-12 04:38:21 INFO  Customer:17 - Registered new customer DANNY LIM
2019-08-12 05:09:03 INFO  Customer:17 - Registered new customer ROBERT JACKSON
2019-08-12 05:16:43 INFO  Customer:17 - Registered new customer SAM WALTON
2019-08-12 07:31:41 INFO  Customer:14 - Registered new customer ROBERT JACKSON
2019-08-12 07:34:21 INFO  Customer:14 - Registered new customer MICKEY JOHNS
2019-08-12 07:35:38 INFO  Customer:14 - Registered new customer JOSHUA TRENCH
2019-08-12 09:59:57 INFO  Customer:14 - Registered new customer GABRIEL FERRER
2019-08-12 10:00:20 INFO  BankAccount:23 - JOINT 4000.0 was deposited to Bank Account number 1
2019-08-12 10:03:04 INFO  Customer:14 - Registered new customer GABRIEL FERRER
2019-08-12 10:03:34 INFO  BankAccount:23 - JOINT 4000.12 was deposited to Bank Account number 1
2019-08-12 10:08:15 INFO  Customer:14 - Registered new customer GABRIEL FERRER
2019-08-12 10:08:22 INFO  BankAccount:23 - JOINT 4000.0 was deposited to Bank Account number 1
2019-08-12 10:08:41 INFO  BankAccount:29 - JOINT 2000.0 was withdrawn from Bank Account number 1
2019-08-12 10:09:00 INFO  BankAccount:23 - JOINT 2300.67 was deposited to Bank Account number 1
2019-08-12 10:09:26 INFO  BankAccount:29 - JOINT 2000.0 was withdrawn from Bank Account number 1
2019-08-12 10:30:06 INFO  Customer:14 - Registered new customer GABRIEL FERRER
2019-08-12 10:30:58 INFO  Customer:14 - Registered new customer GABRIEL FERRER
2019-08-12 10:33:10 INFO  Customer:14 - Registered new customer GABRIEL FERRER
2019-08-12 10:38:50 INFO  Customer:14 - Registered new customer GABRIEL FERRER
2019-08-12 10:39:11 INFO  BankAccount:29 - JOINT 1800.0 was withdrawn from Bank Account number 1
2019-08-12 10:39:11 INFO  BankAccount:23 - JOINT 6506.75 was deposited to Bank Account number 2
2019-08-12 11:20:19 INFO  Customer:14 - Registered new customer GABRIEL FERRER
2019-08-12 11:20:30 INFO  BankAccount:23 - JOINT 2200.0 was deposited to Bank Account number 1
2019-08-12 11:20:53 INFO  BankAccount:29 - JOINT 2000.0 was withdrawn from Bank Account number 1
2019-08-12 11:21:13 INFO  BankAccount:29 - JOINT 1800.0 was withdrawn from Bank Account number 1
2019-08-12 11:21:13 INFO  BankAccount:23 - JOINT 6506.75 was deposited to Bank Account number 2
2019-08-12 11:21:42 INFO  BankAccount:23 - JOINT 2000.0 was deposited to Bank Account number 1
2019-08-12 11:22:27 INFO  Customer:14 - Registered new customer GABRIEL FERRER
2019-08-12 11:31:52 INFO  Customer:14 - Registered new customer GABRIEL FERRER
2019-08-12 11:32:49 INFO  Customer:14 - Registered new customer GABRIEL FERRER
2019-08-12 11:35:00 INFO  Customer:14 - Registered new customer GABRIEL FERRER
2019-08-12 11:36:31 INFO  Customer:14 - Registered new customer GABRIEL FERRER
2019-08-12 11:37:33 INFO  BankAccount:29 - JOINT 1800.0 was withdrawn from Bank Account number 1
2019-08-12 11:37:33 INFO  BankAccount:23 - JOINT 6706.75 was deposited to Bank Account number 2
2019-08-12 12:32:30 INFO  BankAccount:23 - JOINT 2000.0 was deposited to Bank Account number 1
2019-08-12 12:42:33 INFO  Customer:14 - Registered new customer JASON FERRER
2019-08-12 12:42:58 INFO  BankAccount:23 - JOINT 2200.0 was deposited to Bank Account number 1
2019-08-12 13:08:24 INFO  Customer:14 - Registered new customer GABRIEL FERRER
2019-08-12 13:08:30 INFO  BankAccount:23 - JOINT 2500.0 was deposited to Bank Account number 1
2019-08-12 13:09:05 INFO  BankAccount:29 - JOINT 2000.0 was withdrawn from Bank Account number 1
2019-08-12 13:09:31 INFO  BankAccount:29 - JOINT -18000.0 was withdrawn from Bank Account number 1
2019-08-12 13:14:39 INFO  Customer:14 - Registered new customer JASON FERRER
2019-08-12 13:14:44 INFO  BankAccount:29 - JOINT -3000.0 was withdrawn from Bank Account number 1
2019-08-12 13:27:30 INFO  Customer:14 - Registered new customer GABRIEL FERRER
2019-08-12 13:41:38 INFO  Customer:14 - Registered new customer GABRIEL FERRER
2019-08-12 13:43:32 INFO  Customer:14 - Registered new customer GABRIEL FERRER
2019-08-12 13:46:36 INFO  Customer:14 - Registered new customer GABRIEL FERRER
2019-08-12 13:50:06 INFO  Customer:14 - Registered new customer GABRIEL FERRER
2019-08-12 14:01:36 INFO  Customer:14 - Registered new customer GABRIEL FERRER
2019-08-12 14:01:46 INFO  BankAccount:23 - JOINT 2200.0 was deposited to Bank Account number 1
2019-08-12 14:08:08 INFO  BankAccount:29 - JOINT 2000.0 was withdrawn from Bank Account number 1
2019-08-12 14:08:17 INFO  BankAccount:23 - JOINT 2300.0 was deposited to Bank Account number 1
2019-08-12 14:10:52 INFO  BankAccount:29 - JOINT 2000.0 was withdrawn from Bank Account number 1
2019-08-12 14:10:52 INFO  BankAccount:23 - JOINT 7006.75 was deposited to Bank Account number 2
2019-08-12 14:26:34 INFO  Application:26 - Application number 1 was created for JOINT account
2019-08-12 14:26:34 INFO  Application:26 - Application number 1 was created for JOINT account
2019-08-13 04:30:19 INFO  BankAccount:23 - JOINT 21000.0 was deposited to Bank Account number 3
2019-08-13 04:33:22 INFO  BankAccount:29 - JOINT 7000.0 was withdrawn from Bank Account number 2
2019-08-13 04:35:25 INFO  BankAccount:29 - JOINT 6998.0 was withdrawn from Bank Account number 2
2019-08-13 04:35:25 INFO  BankAccount:23 - JOINT 2001.0 was deposited to Bank Account number 1
2019-08-13 04:40:18 INFO  BankAccount:29 - JOINT 1500.0 was withdrawn from Bank Account number 1
2019-08-13 04:40:18 INFO  BankAccount:23 - JOINT 7500.0 was deposited to Bank Account number 2
2019-08-13 04:41:24 INFO  BankAccount:29 - JOINT 10000.0 was withdrawn from Bank Account number 3
2019-08-13 04:49:31 INFO  BankAccount:29 - JOINT 5000.0 was withdrawn from Bank Account number 2
2019-08-13 04:49:31 INFO  BankAccount:23 - JOINT 4000.0 was deposited to Bank Account number 1
2019-08-13 04:52:21 INFO  BankAccount:29 - JOINT 3000.0 was withdrawn from Bank Account number 1
2019-08-13 04:53:16 INFO  BankAccount:29 - JOINT 4000.0 was withdrawn from Bank Account number 2
2019-08-13 04:53:16 INFO  BankAccount:23 - JOINT 4000.0 was deposited to Bank Account number 1
2019-08-13 07:59:41 INFO  Thrower:152 - Username geneferr successfully logged in
2019-08-13 08:01:18 INFO  BankAccountDAOI:95 - Deleted Bank Account number 3
2019-08-13 09:00:28 INFO  Thrower:152 - Username geneferr successfully logged in
2019-08-13 09:03:09 INFO  Thrower:152 - Username geneferr successfully logged in
2019-08-13 09:05:30 INFO  Thrower:152 - Username geneferr successfully logged in
2019-08-13 09:05:42 INFO  ApplicationDAOI:130 - Application number 6 has a/an APPROVED status
2019-08-13 09:09:34 INFO  Thrower:152 - Username geneferr successfully logged in
2019-08-13 09:09:51 INFO  ApplicationDAOI:130 - Application number 5 has a/an APPROVED status
2019-08-13 09:10:15 INFO  CustomerDAOI:108 - Unregistred customer kobegre
2019-08-13 09:10:15 INFO  BankAccountDAOI:100 - Deleted Bank Account number 5
2019-08-13 09:40:35 INFO  Thrower:139 - Username juana2 successfully logged in
2019-08-13 09:40:45 INFO  ApplicationDAOI:130 - Application number 1 has a/an APPROVED status
2019-08-13 09:41:06 INFO  ApplicationDAOI:130 - Application number 2 has a/an DENIED status
2019-08-13 09:47:02 INFO  Thrower:139 - Username juana2 successfully logged in
2019-08-13 09:48:20 INFO  ApplicationDAOI:130 - Application number 3 has a/an APPROVED status
2019-08-13 09:48:32 INFO  ApplicationDAOI:130 - Application number 4 has a/an DENIED status
2019-08-13 09:49:04 INFO  Thrower:152 - Username geneferr successfully logged in
2019-08-13 09:49:32 INFO  ApplicationDAOI:130 - Application number 5 has a/an APPROVED status
2019-08-13 09:49:56 INFO  ApplicationDAOI:130 - Application number 6 has a/an DENIED status
2019-08-13 09:50:30 INFO  UserAccountDAOI:57 - Unregistred Customers and User Accounts with Bank Account Number of 6
2019-08-13 09:50:30 INFO  BankAccountDAOI:99 - Deleted Bank Account number 6
2019-08-13 09:51:02 INFO  UserAccountDAOI:57 - Unregistred Customers and User Accounts with Bank Account Number of 7
2019-08-13 09:51:02 INFO  BankAccountDAOI:99 - Deleted Bank Account number 7
2019-08-13 09:51:28 INFO  UserAccountDAOI:57 - Unregistred Customers and User Accounts with Bank Account Number of 8
2019-08-13 09:51:28 INFO  BankAccountDAOI:99 - Deleted Bank Account number 8
2019-08-13 10:01:58 INFO  Thrower:139 - Username juana2 successfully logged in
2019-08-13 10:10:29 INFO  Thrower:151 - Username geneferr successfully logged in
2019-08-13 10:10:41 INFO  ApplicationDAOI:130 - Application number 1 has a/an APPROVED status
2019-08-13 10:10:51 INFO  ApplicationDAOI:130 - Application number 2 has a/an APPROVED status
2019-08-13 10:10:57 INFO  ApplicationDAOI:130 - Application number 3 has a/an APPROVED status
2019-08-13 10:12:01 INFO  CustomerDAOI:88 - Changed firstname and lastname of customer gabferr
2019-08-13 10:20:11 INFO  ApplicationDAOI:130 - Application number 4 has a/an APPROVED status
2019-08-13 12:26:32 INFO  ApplicationDAOI:113 - Application number 7 was created for INDIVIDUAL account
2019-08-13 12:27:27 INFO  Thrower:140 - Username juana2 successfully logged in
2019-08-13 12:27:53 INFO  ApplicationDAOI:130 - Application number 7 has a/an APPROVED status
2019-08-13 12:31:07 INFO  Thrower:127 - Username jeffbezos successfully logged in
2019-08-13 12:31:54 INFO  BankAccountDAOI:74 - USD 3.4E10 was the balance of Bank Account number 13
2019-08-13 12:58:05 INFO  ApplicationDAOI:113 - Application number 8 was created for INDIVIDUAL account
2019-08-13 12:58:25 INFO  Thrower:140 - Username juana2 successfully logged in
2019-08-13 12:58:37 INFO  ApplicationDAOI:130 - Application number 8 has a/an APPROVED status
2019-08-13 12:59:48 INFO  Thrower:127 - Username carloslim successfully logged in
2019-08-13 13:00:08 INFO  BankAccountDAOI:74 - USD 6.69999999998E10 was the balance of Bank Account number 14
