2019-08-02 16:06:33 INFO  User:18 - Added new Admin:@0 Devon
2019-08-03 14:40:24 INFO  User:18 - Added new Admin:@0 Devon
2019-08-03 14:41:46 INFO  User:18 - Added new Admin:@0 Devon
2019-08-03 14:42:25 INFO  User:18 - Added new employee:#1 Darth Vader
2019-08-03 14:42:58 INFO  User:18 - Added new Admin:@0 Devon
2019-08-03 14:44:13 INFO  User:18 - Added new Admin:@0 Devon
2019-08-03 14:46:21 INFO  User:18 - Added new Admin:@0 Devon
2019-08-03 14:46:41 INFO  User:19 - Added new Customer:sam sam
2019-08-03 14:47:34 INFO  Account:34 - Account sam0Opened.
	Balance: $100000.0
2019-08-03 14:49:56 INFO  User:19 - Added new Customer:3 3
2019-08-03 14:57:05 INFO  User:18 - Added new Admin:@0 Devon
2019-08-03 15:07:43 INFO  User:18 - Added new Admin:@0 Devon
2019-08-03 15:08:00 INFO  User:19 - Added new Customer:sam 
2019-08-03 15:29:06 INFO  User:18 - Added new Admin:@4 Bob
2019-08-03 15:29:06 INFO  User:18 - Added new employee:#5 Rob
2019-08-03 15:29:06 INFO  User:19 - Added new Customer:fullMetal Edward
2019-08-03 15:29:06 INFO  Account:34 - Account Checking11545Opened.
	Balance: $4445.45
2019-08-03 15:29:06 INFO  User:18 - Added new Admin:@4 Bob
2019-08-03 15:29:06 INFO  User:18 - Added new employee:#5 Rob
2019-08-03 15:29:06 INFO  User:19 - Added new Customer:fullMetal Edward
2019-08-03 15:29:06 INFO  Account:34 - Account Checking11545Opened.
	Balance: $4445.45
2019-08-03 15:29:06 INFO  User:18 - Added new Admin:@4 Bob
2019-08-03 15:29:06 INFO  User:18 - Added new employee:#5 Rob
2019-08-03 15:29:06 INFO  User:19 - Added new Customer:fullMetal Edward
2019-08-03 15:29:06 INFO  Account:34 - Account Checking11545Opened.
	Balance: $4445.45
2019-08-03 15:29:06 INFO  User:18 - Added new Admin:@4 Bob
2019-08-03 15:29:06 INFO  User:18 - Added new employee:#5 Rob
2019-08-03 15:29:06 INFO  User:19 - Added new Customer:fullMetal Edward
2019-08-03 15:29:06 INFO  Account:34 - Account Checking11545Opened.
	Balance: $4445.45
2019-08-03 15:29:06 INFO  User:18 - Added new Admin:@4 Bob
2019-08-03 15:29:06 INFO  User:18 - Added new employee:#5 Rob
2019-08-03 15:29:06 INFO  User:19 - Added new Customer:fullMetal Edward
2019-08-03 15:29:06 INFO  Account:34 - Account Checking11545Opened.
	Balance: $4445.45
2019-08-03 15:29:06 INFO  User:18 - Added new Admin:@4 Bob
2019-08-03 15:29:06 INFO  User:18 - Added new employee:#5 Rob
2019-08-03 15:29:06 INFO  User:19 - Added new Customer:fullMetal Edward
2019-08-03 15:29:06 INFO  Account:34 - Account Checking11545Opened.
	Balance: $4445.45
2019-08-03 15:29:06 INFO  User:18 - Added new Admin:@4 Bob
2019-08-03 15:29:06 INFO  User:18 - Added new employee:#5 Rob
2019-08-03 15:29:06 INFO  User:19 - Added new Customer:fullMetal Edward
2019-08-03 15:29:06 INFO  Account:34 - Account Checking11545Opened.
	Balance: $4445.45
2019-08-03 15:29:06 INFO  User:18 - Added new Admin:@4 Bob
2019-08-03 15:29:06 INFO  User:18 - Added new employee:#5 Rob
2019-08-03 15:29:06 INFO  User:19 - Added new Customer:fullMetal Edward
2019-08-03 15:29:06 INFO  Account:34 - Account Checking11545Opened.
	Balance: $4445.45
2019-08-03 15:29:06 INFO  User:18 - Added new Admin:@4 Bob
2019-08-03 15:29:06 INFO  User:18 - Added new employee:#5 Rob
2019-08-03 15:29:06 INFO  User:19 - Added new Customer:fullMetal Edward
2019-08-03 15:29:06 INFO  Account:34 - Account Checking11545Opened.
	Balance: $4445.45
2019-08-03 15:29:06 INFO  User:18 - Added new Admin:@4 Bob
2019-08-03 15:29:06 INFO  User:18 - Added new employee:#5 Rob
2019-08-03 15:29:06 INFO  User:19 - Added new Customer:fullMetal Edward
2019-08-03 15:29:06 INFO  Account:34 - Account Checking11545Opened.
	Balance: $4445.45
2019-08-03 15:29:06 INFO  User:18 - Added new Admin:@0 Abaddon
2019-08-03 15:29:06 INFO  User:18 - Added new Admin:@0 Abaddon
2019-08-03 15:29:06 INFO  User:18 - Added new Admin:@4 Bob
2019-08-03 15:29:07 INFO  User:18 - Added new employee:#5 Rob
2019-08-03 15:29:07 INFO  User:19 - Added new Customer:fullMetal Edward
2019-08-03 15:29:07 INFO  Account:34 - Account Checking11545Opened.
	Balance: $4445.45
2019-08-03 15:29:07 INFO  User:18 - Added new Admin:@4 Bob
2019-08-03 15:29:07 INFO  User:18 - Added new employee:#5 Rob
2019-08-03 15:29:07 INFO  User:19 - Added new Customer:fullMetal Edward
2019-08-03 15:29:07 INFO  Account:34 - Account Checking11545Opened.
	Balance: $4445.45
2019-08-03 15:29:07 INFO  User:18 - Added new Admin:@4 Bob
2019-08-03 15:29:07 INFO  User:18 - Added new employee:#5 Rob
2019-08-03 15:29:07 INFO  User:19 - Added new Customer:fullMetal Edward
2019-08-03 15:29:07 INFO  Account:34 - Account Checking11545Opened.
	Balance: $4445.45
2019-08-03 15:29:07 INFO  User:18 - Added new employee:#0 Abaddon
2019-08-03 15:29:07 INFO  User:18 - Added new employee:#0 Abaddon
2019-08-03 15:29:07 INFO  User:18 - Added new Admin:@4 Bob
2019-08-03 15:29:07 INFO  User:18 - Added new employee:#5 Rob
2019-08-03 15:29:07 INFO  User:19 - Added new Customer:fullMetal Edward
2019-08-03 15:29:07 INFO  Account:34 - Account Checking11545Opened.
	Balance: $4445.45
2019-08-03 15:29:07 INFO  User:18 - Added new Admin:@4 Bob
2019-08-03 15:29:07 INFO  User:18 - Added new employee:#5 Rob
2019-08-03 15:29:07 INFO  User:19 - Added new Customer:fullMetal Edward
2019-08-03 15:29:07 INFO  Account:34 - Account Checking11545Opened.
	Balance: $4445.45
2019-08-03 15:29:07 INFO  User:18 - Added new Admin:@4 Bob
2019-08-03 15:29:07 INFO  User:18 - Added new employee:#5 Rob
2019-08-03 15:29:07 INFO  User:19 - Added new Customer:fullMetal Edward
2019-08-03 15:29:07 INFO  Account:34 - Account Checking11545Opened.
	Balance: $4445.45
2019-08-03 15:29:07 INFO  User:18 - Added new Admin:@4 Bob
2019-08-03 15:29:07 INFO  User:18 - Added new employee:#5 Rob
2019-08-03 15:29:07 INFO  User:19 - Added new Customer:fullMetal Edward
2019-08-03 15:29:07 INFO  Account:34 - Account Checking11545Opened.
	Balance: $4445.45
2019-08-03 15:29:07 INFO  User:18 - Added new Admin:@4 Bob
2019-08-03 15:29:07 INFO  User:18 - Added new employee:#5 Rob
2019-08-03 15:29:07 INFO  User:19 - Added new Customer:fullMetal Edward
2019-08-03 15:29:07 INFO  Account:34 - Account Checking11545Opened.
	Balance: $4445.45
2019-08-03 15:29:07 INFO  User:18 - Added new Admin:@4 Bob
2019-08-03 15:29:07 INFO  User:18 - Added new employee:#5 Rob
2019-08-03 15:29:07 INFO  User:19 - Added new Customer:fullMetal Edward
2019-08-03 15:29:07 INFO  Account:34 - Account Checking11545Opened.
	Balance: $4445.45
2019-08-03 15:29:07 INFO  User:18 - Added new Admin:@4 Bob
2019-08-03 15:29:07 INFO  User:18 - Added new employee:#5 Rob
2019-08-03 15:29:07 INFO  User:19 - Added new Customer:fullMetal Edward
2019-08-03 15:29:07 INFO  Account:34 - Account Checking11545Opened.
	Balance: $4445.45
2019-08-03 15:29:07 INFO  User:18 - Added new Admin:@4 Bob
2019-08-03 15:29:07 INFO  User:18 - Added new employee:#5 Rob
2019-08-03 15:29:07 INFO  User:19 - Added new Customer:fullMetal Edward
2019-08-03 15:29:07 INFO  Account:34 - Account Checking11545Opened.
	Balance: $4445.45
2019-08-03 15:29:07 INFO  User:18 - Added new Admin:@4 Bob
2019-08-03 15:29:07 INFO  User:18 - Added new employee:#5 Rob
2019-08-03 15:29:07 INFO  User:19 - Added new Customer:fullMetal Edward
2019-08-03 15:29:07 INFO  Account:34 - Account Checking11545Opened.
	Balance: $4445.45
2019-08-03 17:47:03 INFO  User:18 - Added new Admin:@4 Bob
2019-08-03 17:47:03 INFO  User:18 - Added new employee:#5 Rob
2019-08-03 17:47:03 INFO  User:19 - Added new Customer:fullMetal Edward
2019-08-03 17:47:03 INFO  Account:34 - Account Checking11545Opened.
	Balance: $4445.45
2019-08-03 17:47:03 INFO  User:18 - Added new Admin:@4 Bob
2019-08-03 17:47:03 INFO  User:18 - Added new employee:#5 Rob
2019-08-03 17:47:03 INFO  User:19 - Added new Customer:fullMetal Edward
2019-08-03 17:47:03 INFO  Account:34 - Account Checking11545Opened.
	Balance: $4445.45
2019-08-03 17:47:03 INFO  User:18 - Added new Admin:@4 Bob
2019-08-03 17:47:03 INFO  User:18 - Added new employee:#5 Rob
2019-08-03 17:47:03 INFO  User:19 - Added new Customer:fullMetal Edward
2019-08-03 17:47:03 INFO  Account:34 - Account Checking11545Opened.
	Balance: $4445.45
2019-08-03 17:47:03 INFO  User:18 - Added new Admin:@4 Bob
2019-08-03 17:47:03 INFO  User:18 - Added new employee:#5 Rob
2019-08-03 17:47:03 INFO  User:19 - Added new Customer:fullMetal Edward
2019-08-03 17:47:03 INFO  Account:34 - Account Checking11545Opened.
	Balance: $4445.45
2019-08-03 17:47:03 INFO  User:18 - Added new Admin:@4 Bob
2019-08-03 17:47:03 INFO  User:18 - Added new employee:#5 Rob
2019-08-03 17:47:03 INFO  User:19 - Added new Customer:fullMetal Edward
2019-08-03 17:47:03 INFO  Account:34 - Account Checking11545Opened.
	Balance: $4445.45
2019-08-03 17:47:03 INFO  User:18 - Added new Admin:@4 Bob
2019-08-03 17:47:03 INFO  User:18 - Added new employee:#5 Rob
2019-08-03 17:47:03 INFO  User:19 - Added new Customer:fullMetal Edward
2019-08-03 17:47:03 INFO  Account:34 - Account Checking11545Opened.
	Balance: $4445.45
2019-08-03 17:47:03 INFO  User:18 - Added new Admin:@4 Bob
2019-08-03 17:47:03 INFO  User:18 - Added new employee:#5 Rob
2019-08-03 17:47:03 INFO  User:19 - Added new Customer:fullMetal Edward
2019-08-03 17:47:03 INFO  Account:34 - Account Checking11545Opened.
	Balance: $4445.45
2019-08-03 17:47:03 INFO  User:18 - Added new Admin:@4 Bob
2019-08-03 17:47:03 INFO  User:18 - Added new employee:#5 Rob
2019-08-03 17:47:03 INFO  User:19 - Added new Customer:fullMetal Edward
2019-08-03 17:47:03 INFO  Account:34 - Account Checking11545Opened.
	Balance: $4445.45
2019-08-03 17:47:03 INFO  User:18 - Added new Admin:@4 Bob
2019-08-03 17:47:03 INFO  User:18 - Added new employee:#5 Rob
2019-08-03 17:47:03 INFO  User:19 - Added new Customer:fullMetal Edward
2019-08-03 17:47:03 INFO  Account:34 - Account Checking11545Opened.
	Balance: $4445.45
2019-08-03 17:47:03 INFO  User:18 - Added new Admin:@4 Bob
2019-08-03 17:47:03 INFO  User:18 - Added new employee:#5 Rob
2019-08-03 17:47:03 INFO  User:19 - Added new Customer:fullMetal Edward
2019-08-03 17:47:03 INFO  Account:34 - Account Checking11545Opened.
	Balance: $4445.45
2019-08-03 17:47:03 INFO  User:18 - Added new Admin:@0 Abaddon
2019-08-03 17:47:03 INFO  User:18 - Added new Admin:@0 Abaddon
2019-08-03 17:47:03 INFO  User:18 - Added new Admin:@4 Bob
2019-08-03 17:47:03 INFO  User:18 - Added new employee:#5 Rob
2019-08-03 17:47:03 INFO  User:19 - Added new Customer:fullMetal Edward
2019-08-03 17:47:03 INFO  Account:34 - Account Checking11545Opened.
	Balance: $4445.45
2019-08-03 17:47:03 INFO  User:18 - Added new Admin:@4 Bob
2019-08-03 17:47:03 INFO  User:18 - Added new employee:#5 Rob
2019-08-03 17:47:03 INFO  User:19 - Added new Customer:fullMetal Edward
2019-08-03 17:47:03 INFO  Account:34 - Account Checking11545Opened.
	Balance: $4445.45
2019-08-03 17:47:03 INFO  User:18 - Added new Admin:@4 Bob
2019-08-03 17:47:03 INFO  User:18 - Added new employee:#5 Rob
2019-08-03 17:47:03 INFO  User:19 - Added new Customer:fullMetal Edward
2019-08-03 17:47:03 INFO  Account:34 - Account Checking11545Opened.
	Balance: $4445.45
2019-08-03 17:47:03 INFO  User:18 - Added new employee:#0 Abaddon
2019-08-03 17:47:03 INFO  User:18 - Added new employee:#0 Abaddon
2019-08-03 17:47:03 INFO  User:18 - Added new Admin:@4 Bob
2019-08-03 17:47:03 INFO  User:18 - Added new employee:#5 Rob
2019-08-03 17:47:03 INFO  User:19 - Added new Customer:fullMetal Edward
2019-08-03 17:47:03 INFO  Account:34 - Account Checking11545Opened.
	Balance: $4445.45
2019-08-03 17:47:03 INFO  User:18 - Added new Admin:@4 Bob
2019-08-03 17:47:03 INFO  User:18 - Added new employee:#5 Rob
2019-08-03 17:47:03 INFO  User:19 - Added new Customer:fullMetal Edward
2019-08-03 17:47:03 INFO  Account:34 - Account Checking11545Opened.
	Balance: $4445.45
2019-08-03 17:47:03 INFO  User:18 - Added new Admin:@4 Bob
2019-08-03 17:47:03 INFO  User:18 - Added new employee:#5 Rob
2019-08-03 17:47:03 INFO  User:19 - Added new Customer:fullMetal Edward
2019-08-03 17:47:03 INFO  Account:34 - Account Checking11545Opened.
	Balance: $4445.45
2019-08-03 17:47:03 INFO  User:18 - Added new Admin:@4 Bob
2019-08-03 17:47:03 INFO  User:18 - Added new employee:#5 Rob
2019-08-03 17:47:03 INFO  User:19 - Added new Customer:fullMetal Edward
2019-08-03 17:47:03 INFO  Account:34 - Account Checking11545Opened.
	Balance: $4445.45
2019-08-03 17:47:03 INFO  User:18 - Added new Admin:@4 Bob
2019-08-03 17:47:03 INFO  User:18 - Added new employee:#5 Rob
2019-08-03 17:47:03 INFO  User:19 - Added new Customer:fullMetal Edward
2019-08-03 17:47:03 INFO  Account:34 - Account Checking11545Opened.
	Balance: $4445.45
2019-08-03 17:47:03 INFO  User:18 - Added new Admin:@4 Bob
2019-08-03 17:47:03 INFO  User:18 - Added new employee:#5 Rob
2019-08-03 17:47:03 INFO  User:19 - Added new Customer:fullMetal Edward
2019-08-03 17:47:03 INFO  Account:34 - Account Checking11545Opened.
	Balance: $4445.45
2019-08-03 17:47:03 INFO  User:18 - Added new Admin:@4 Bob
2019-08-03 17:47:03 INFO  User:18 - Added new employee:#5 Rob
2019-08-03 17:47:03 INFO  User:19 - Added new Customer:fullMetal Edward
2019-08-03 17:47:03 INFO  Account:34 - Account Checking11545Opened.
	Balance: $4445.45
2019-08-03 17:47:03 INFO  User:18 - Added new Admin:@4 Bob
2019-08-03 17:47:03 INFO  User:18 - Added new employee:#5 Rob
2019-08-03 17:47:03 INFO  User:19 - Added new Customer:fullMetal Edward
2019-08-03 17:47:03 INFO  Account:34 - Account Checking11545Opened.
	Balance: $4445.45
2019-08-03 17:47:03 INFO  User:18 - Added new Admin:@4 Bob
2019-08-03 17:47:03 INFO  User:18 - Added new employee:#5 Rob
2019-08-03 17:47:03 INFO  User:19 - Added new Customer:fullMetal Edward
2019-08-03 17:47:03 INFO  Account:34 - Account Checking11545Opened.
	Balance: $4445.45
2019-08-03 17:47:37 INFO  User:18 - Added new Admin:@0 Devon
2019-08-03 17:48:18 INFO  User:19 - Added new Customer:AAAAaa gghhj
2019-08-03 18:07:33 INFO  User:18 - Added new Admin:@4 Bob
2019-08-03 18:07:33 INFO  User:18 - Added new employee:#5 Rob
2019-08-03 18:07:33 INFO  User:19 - Added new Customer:fullMetal Edward
2019-08-03 18:07:33 INFO  Account:34 - Account Checking11545Opened.
	Balance: $4445.45
2019-08-03 18:07:33 INFO  User:18 - Added new Admin:@4 Bob
2019-08-03 18:07:33 INFO  User:18 - Added new employee:#5 Rob
2019-08-03 18:07:33 INFO  User:19 - Added new Customer:fullMetal Edward
2019-08-03 18:07:33 INFO  Account:34 - Account Checking11545Opened.
	Balance: $4445.45
2019-08-03 18:07:33 INFO  User:18 - Added new Admin:@4 Bob
2019-08-03 18:07:33 INFO  User:18 - Added new employee:#5 Rob
2019-08-03 18:07:33 INFO  User:19 - Added new Customer:fullMetal Edward
2019-08-03 18:07:33 INFO  User:18 - Added new Admin:@4 Bob
2019-08-03 18:07:33 INFO  Account:34 - Account Checking11545Opened.
	Balance: $4445.45
2019-08-03 18:07:33 INFO  User:18 - Added new Admin:@4 Bob
2019-08-03 18:07:33 INFO  User:18 - Added new employee:#5 Rob
2019-08-03 18:07:33 INFO  User:19 - Added new Customer:fullMetal Edward
2019-08-03 18:07:33 INFO  User:18 - Added new employee:#5 Rob
2019-08-03 18:07:33 INFO  User:19 - Added new Customer:fullMetal Edward
2019-08-03 18:07:33 INFO  Account:34 - Account Checking11545Opened.
	Balance: $4445.45
2019-08-03 18:07:33 INFO  User:18 - Added new Admin:@4 Bob
2019-08-03 18:07:33 INFO  User:18 - Added new employee:#5 Rob
2019-08-03 18:07:33 INFO  User:19 - Added new Customer:fullMetal Edward
2019-08-03 18:07:33 INFO  Account:34 - Account Checking11545Opened.
	Balance: $4445.45
2019-08-03 18:07:33 INFO  User:18 - Added new Admin:@4 Bob
2019-08-03 18:07:33 INFO  User:18 - Added new employee:#5 Rob
2019-08-03 18:07:33 INFO  User:19 - Added new Customer:fullMetal Edward
2019-08-03 18:07:33 INFO  Account:34 - Account Checking11545Opened.
	Balance: $4445.45
2019-08-03 18:07:33 INFO  User:18 - Added new Admin:@4 Bob
2019-08-03 18:07:33 INFO  Account:34 - Account Checking11545Opened.
	Balance: $4445.45
2019-08-03 18:07:33 INFO  User:18 - Added new Admin:@4 Bob
2019-08-03 18:07:33 INFO  User:18 - Added new employee:#5 Rob
2019-08-03 18:07:33 INFO  User:18 - Added new employee:#5 Rob
2019-08-03 18:07:33 INFO  User:19 - Added new Customer:fullMetal Edward
2019-08-03 18:07:33 INFO  User:19 - Added new Customer:fullMetal Edward
2019-08-03 18:07:33 INFO  Account:34 - Account Checking11545Opened.
	Balance: $4445.45
2019-08-03 18:07:33 INFO  User:18 - Added new Admin:@4 Bob
2019-08-03 18:07:33 INFO  User:18 - Added new employee:#5 Rob
2019-08-03 18:07:33 INFO  User:19 - Added new Customer:fullMetal Edward
2019-08-03 18:07:33 INFO  Account:34 - Account Checking11545Opened.
	Balance: $4445.45
2019-08-03 18:07:33 INFO  User:18 - Added new Admin:@4 Bob
2019-08-03 18:07:33 INFO  User:18 - Added new employee:#5 Rob
2019-08-03 18:07:33 INFO  User:19 - Added new Customer:fullMetal Edward
2019-08-03 18:07:33 INFO  Account:34 - Account Checking11545Opened.
	Balance: $4445.45
2019-08-03 18:07:33 INFO  User:18 - Added new Admin:@4 Bob
2019-08-03 18:07:33 INFO  User:18 - Added new employee:#5 Rob
2019-08-03 18:07:33 INFO  User:19 - Added new Customer:fullMetal Edward
2019-08-03 18:07:33 INFO  Account:34 - Account Checking11545Opened.
	Balance: $4445.45
2019-08-03 18:07:33 INFO  User:18 - Added new Admin:@4 Bob
2019-08-03 18:07:33 INFO  Account:34 - Account Checking11545Opened.
	Balance: $4445.45
2019-08-03 18:07:33 INFO  User:18 - Added new Admin:@4 Bob
2019-08-03 18:07:33 INFO  User:18 - Added new employee:#5 Rob
2019-08-03 18:07:33 INFO  User:19 - Added new Customer:fullMetal Edward
2019-08-03 18:07:33 INFO  User:18 - Added new employee:#5 Rob
2019-08-03 18:07:33 INFO  User:19 - Added new Customer:fullMetal Edward
2019-08-03 18:07:33 INFO  Account:34 - Account Checking11545Opened.
	Balance: $4445.45
2019-08-03 18:07:33 INFO  User:18 - Added new Admin:@4 Bob
2019-08-03 18:07:33 INFO  User:18 - Added new employee:#5 Rob
2019-08-03 18:07:33 INFO  User:19 - Added new Customer:fullMetal Edward
2019-08-03 18:07:33 INFO  Account:34 - Account Checking11545Opened.
	Balance: $4445.45
2019-08-03 18:07:33 INFO  User:18 - Added new Admin:@4 Bob
2019-08-03 18:07:33 INFO  User:18 - Added new employee:#5 Rob
2019-08-03 18:07:33 INFO  Account:34 - Account Checking11545Opened.
	Balance: $4445.45
2019-08-03 18:07:33 INFO  User:19 - Added new Customer:fullMetal Edward
2019-08-03 18:07:33 INFO  User:18 - Added new Admin:@0 Abaddon
2019-08-03 18:07:33 INFO  Account:34 - Account Checking11545Opened.
	Balance: $4445.45
2019-08-03 18:07:33 INFO  User:18 - Added new Admin:@0 Abaddon
2019-08-03 18:07:33 INFO  User:18 - Added new Admin:@4 Bob
2019-08-03 18:07:33 INFO  User:18 - Added new employee:#5 Rob
2019-08-03 18:07:33 INFO  User:19 - Added new Customer:fullMetal Edward
2019-08-03 18:07:33 INFO  Account:34 - Account Checking11545Opened.
	Balance: $4445.45
2019-08-03 18:07:33 INFO  User:18 - Added new Admin:@4 Bob
2019-08-03 18:07:33 INFO  User:18 - Added new employee:#5 Rob
2019-08-03 18:07:33 INFO  User:19 - Added new Customer:fullMetal Edward
2019-08-03 18:07:33 INFO  Account:34 - Account Checking11545Opened.
	Balance: $4445.45
2019-08-03 18:07:33 INFO  User:18 - Added new Admin:@4 Bob
2019-08-03 18:07:33 INFO  User:18 - Added new Admin:@4 Bob
2019-08-03 18:07:33 INFO  User:18 - Added new employee:#5 Rob
2019-08-03 18:07:33 INFO  User:19 - Added new Customer:fullMetal Edward
2019-08-03 18:07:33 INFO  Account:34 - Account Checking11545Opened.
	Balance: $4445.45
2019-08-03 18:07:33 INFO  User:18 - Added new Admin:@4 Bob
2019-08-03 18:07:33 INFO  User:18 - Added new employee:#5 Rob
2019-08-03 18:07:33 INFO  User:19 - Added new Customer:fullMetal Edward
2019-08-03 18:07:33 INFO  Account:34 - Account Checking11545Opened.
	Balance: $4445.45
2019-08-03 18:07:33 INFO  User:18 - Added new Admin:@4 Bob
2019-08-03 18:07:33 INFO  User:18 - Added new employee:#5 Rob
2019-08-03 18:07:33 INFO  User:19 - Added new Customer:fullMetal Edward
2019-08-03 18:07:33 INFO  Account:34 - Account Checking11545Opened.
	Balance: $4445.45
2019-08-03 18:07:33 INFO  User:18 - Added new employee:#0 Abaddon
2019-08-03 18:07:33 INFO  User:18 - Added new employee:#5 Rob
2019-08-03 18:07:33 INFO  User:18 - Added new employee:#0 Abaddon
2019-08-03 18:07:33 INFO  User:18 - Added new Admin:@4 Bob
2019-08-03 18:07:33 INFO  User:19 - Added new Customer:fullMetal Edward
2019-08-03 18:07:33 INFO  User:18 - Added new employee:#5 Rob
2019-08-03 18:07:33 INFO  Account:34 - Account Checking11545Opened.
	Balance: $4445.45
2019-08-03 18:07:33 INFO  User:18 - Added new Admin:@4 Bob
2019-08-03 18:07:33 INFO  User:18 - Added new employee:#5 Rob
2019-08-03 18:07:33 INFO  User:19 - Added new Customer:fullMetal Edward
2019-08-03 18:07:33 INFO  User:19 - Added new Customer:fullMetal Edward
2019-08-03 18:07:33 INFO  Account:34 - Account Checking11545Opened.
	Balance: $4445.45
2019-08-03 18:07:33 INFO  Account:34 - Account Checking11545Opened.
	Balance: $4445.45
2019-08-03 18:07:33 INFO  User:18 - Added new Admin:@4 Bob
2019-08-03 18:07:33 INFO  User:18 - Added new Admin:@0 Abaddon
2019-08-03 18:07:33 INFO  User:18 - Added new Admin:@0 Abaddon
2019-08-03 18:07:33 INFO  User:18 - Added new Admin:@4 Bob
2019-08-03 18:07:33 INFO  User:18 - Added new employee:#5 Rob
2019-08-03 18:07:33 INFO  User:19 - Added new Customer:fullMetal Edward
2019-08-03 18:07:33 INFO  User:18 - Added new employee:#5 Rob
2019-08-03 18:07:33 INFO  User:19 - Added new Customer:fullMetal Edward
2019-08-03 18:07:33 INFO  Account:34 - Account Checking11545Opened.
	Balance: $4445.45
2019-08-03 18:07:33 INFO  Account:34 - Account Checking11545Opened.
	Balance: $4445.45
2019-08-03 18:07:33 INFO  User:18 - Added new Admin:@4 Bob
2019-08-03 18:07:33 INFO  User:18 - Added new Admin:@4 Bob
2019-08-03 18:07:33 INFO  User:18 - Added new employee:#5 Rob
2019-08-03 18:07:33 INFO  User:18 - Added new employee:#5 Rob
2019-08-03 18:07:33 INFO  User:19 - Added new Customer:fullMetal Edward
2019-08-03 18:07:33 INFO  User:19 - Added new Customer:fullMetal Edward
2019-08-03 18:07:33 INFO  Account:34 - Account Checking11545Opened.
	Balance: $4445.45
2019-08-03 18:07:33 INFO  User:18 - Added new Admin:@4 Bob
2019-08-03 18:07:33 INFO  User:18 - Added new employee:#5 Rob
2019-08-03 18:07:33 INFO  User:19 - Added new Customer:fullMetal Edward
2019-08-03 18:07:33 INFO  Account:34 - Account Checking11545Opened.
	Balance: $4445.45
2019-08-03 18:07:33 INFO  User:18 - Added new Admin:@4 Bob
2019-08-03 18:07:33 INFO  User:18 - Added new employee:#5 Rob
2019-08-03 18:07:33 INFO  User:19 - Added new Customer:fullMetal Edward
2019-08-03 18:07:33 INFO  Account:34 - Account Checking11545Opened.
	Balance: $4445.45
2019-08-03 18:07:33 INFO  User:18 - Added new employee:#0 Abaddon
2019-08-03 18:07:33 INFO  Account:34 - Account Checking11545Opened.
	Balance: $4445.45
2019-08-03 18:07:33 INFO  User:18 - Added new employee:#0 Abaddon
2019-08-03 18:07:33 INFO  User:18 - Added new Admin:@4 Bob
2019-08-03 18:07:33 INFO  User:18 - Added new Admin:@4 Bob
2019-08-03 18:07:33 INFO  User:18 - Added new employee:#5 Rob
2019-08-03 18:07:33 INFO  User:18 - Added new employee:#5 Rob
2019-08-03 18:07:33 INFO  User:19 - Added new Customer:fullMetal Edward
2019-08-03 18:07:33 INFO  User:19 - Added new Customer:fullMetal Edward
2019-08-03 18:07:33 INFO  Account:34 - Account Checking11545Opened.
	Balance: $4445.45
2019-08-03 18:07:33 INFO  User:18 - Added new Admin:@4 Bob
2019-08-03 18:07:33 INFO  Account:34 - Account Checking11545Opened.
	Balance: $4445.45
2019-08-03 18:07:33 INFO  User:18 - Added new employee:#5 Rob
2019-08-03 18:07:33 INFO  User:18 - Added new Admin:@4 Bob
2019-08-03 18:07:33 INFO  User:19 - Added new Customer:fullMetal Edward
2019-08-03 18:07:33 INFO  User:18 - Added new employee:#5 Rob
2019-08-03 18:07:33 INFO  User:19 - Added new Customer:fullMetal Edward
2019-08-03 18:07:33 INFO  Account:34 - Account Checking11545Opened.
	Balance: $4445.45
2019-08-03 18:07:33 INFO  User:18 - Added new Admin:@4 Bob
2019-08-03 18:07:33 INFO  User:18 - Added new employee:#5 Rob
2019-08-03 18:07:33 INFO  Account:34 - Account Checking11545Opened.
	Balance: $4445.45
2019-08-03 18:07:33 INFO  User:18 - Added new Admin:@4 Bob
2019-08-03 18:07:33 INFO  User:18 - Added new employee:#5 Rob
2019-08-03 18:07:33 INFO  User:19 - Added new Customer:fullMetal Edward
2019-08-03 18:07:33 INFO  User:19 - Added new Customer:fullMetal Edward
2019-08-03 18:07:34 INFO  Account:34 - Account Checking11545Opened.
	Balance: $4445.45
2019-08-03 18:07:34 INFO  User:18 - Added new Admin:@4 Bob
2019-08-03 18:07:34 INFO  Account:34 - Account Checking11545Opened.
	Balance: $4445.45
2019-08-03 18:07:34 INFO  User:18 - Added new employee:#5 Rob
2019-08-03 18:07:34 INFO  User:19 - Added new Customer:fullMetal Edward
2019-08-03 18:07:34 INFO  Account:34 - Account Checking11545Opened.
	Balance: $4445.45
2019-08-03 18:07:34 INFO  User:18 - Added new Admin:@4 Bob
2019-08-03 18:07:34 INFO  User:18 - Added new Admin:@4 Bob
2019-08-03 18:07:34 INFO  User:18 - Added new employee:#5 Rob
2019-08-03 18:07:34 INFO  User:19 - Added new Customer:fullMetal Edward
2019-08-03 18:07:34 INFO  User:18 - Added new employee:#5 Rob
2019-08-03 18:07:34 INFO  User:19 - Added new Customer:fullMetal Edward
2019-08-03 18:07:34 INFO  Account:34 - Account Checking11545Opened.
	Balance: $4445.45
2019-08-03 18:07:34 INFO  Account:34 - Account Checking11545Opened.
	Balance: $4445.45
2019-08-03 18:07:34 INFO  User:18 - Added new Admin:@4 Bob
2019-08-03 18:07:34 INFO  User:18 - Added new employee:#5 Rob
2019-08-03 18:07:34 INFO  User:19 - Added new Customer:fullMetal Edward
2019-08-03 18:07:34 INFO  Account:34 - Account Checking11545Opened.
	Balance: $4445.45
2019-08-03 18:07:34 INFO  User:18 - Added new Admin:@4 Bob
2019-08-03 18:07:34 INFO  User:18 - Added new employee:#5 Rob
2019-08-03 18:07:34 INFO  User:19 - Added new Customer:fullMetal Edward
2019-08-03 18:07:34 INFO  Account:34 - Account Checking11545Opened.
	Balance: $4445.45
2019-08-03 18:07:34 INFO  User:18 - Added new Admin:@4 Bob
2019-08-03 18:07:34 INFO  User:18 - Added new employee:#5 Rob
2019-08-03 18:07:34 INFO  User:19 - Added new Customer:fullMetal Edward
2019-08-03 18:07:34 INFO  Account:34 - Account Checking11545Opened.
	Balance: $4445.45
2019-08-03 18:07:34 INFO  User:18 - Added new Admin:@4 Bob
2019-08-03 18:07:34 INFO  User:18 - Added new employee:#5 Rob
2019-08-03 18:07:34 INFO  User:19 - Added new Customer:fullMetal Edward
2019-08-03 18:07:34 INFO  Account:34 - Account Checking11545Opened.
	Balance: $4445.45
2019-08-03 18:07:34 INFO  User:18 - Added new Admin:@4 Bob
2019-08-03 18:07:34 INFO  User:18 - Added new employee:#5 Rob
2019-08-03 18:07:34 INFO  User:19 - Added new Customer:fullMetal Edward
2019-08-03 18:07:34 INFO  Account:34 - Account Checking11545Opened.
	Balance: $4445.45
2019-08-03 20:41:18 INFO  User:18 - Added new Admin:@0 Devon
2019-08-03 20:41:32 INFO  User:19 - Added new Customer:sam sam
2019-08-03 20:46:06 INFO  User:18 - Added new Admin:@0 Devon
2019-08-03 20:47:19 INFO  User:19 - Added new Customer:beastmate Abaddon
2019-08-03 20:51:25 INFO  User:18 - Added new Admin:@0 Devon
2019-08-04 17:42:38 INFO  User:18 - Added new Admin:@4 Bob
2019-08-04 17:42:38 INFO  User:18 - Added new employee:#5 Rob
2019-08-04 17:42:38 INFO  User:19 - Added new Customer:fullMetal Edward
2019-08-04 17:42:38 INFO  Account:33 - Account Checking11545Opened.
	Balance: $4445.45
2019-08-04 17:42:38 INFO  User:18 - Added new Admin:@4 Bob
2019-08-04 17:42:38 INFO  User:18 - Added new employee:#5 Rob
2019-08-04 17:42:38 INFO  User:19 - Added new Customer:fullMetal Edward
2019-08-04 17:42:38 INFO  Account:33 - Account Checking11545Opened.
	Balance: $4445.45
2019-08-04 17:42:38 INFO  User:18 - Added new Admin:@4 Bob
2019-08-04 17:42:38 INFO  User:18 - Added new employee:#5 Rob
2019-08-04 17:42:38 INFO  User:19 - Added new Customer:fullMetal Edward
2019-08-04 17:42:38 INFO  Account:33 - Account Checking11545Opened.
	Balance: $4445.45
2019-08-04 17:42:38 INFO  User:18 - Added new Admin:@4 Bob
2019-08-04 17:42:38 INFO  User:18 - Added new employee:#5 Rob
2019-08-04 17:42:38 INFO  User:19 - Added new Customer:fullMetal Edward
2019-08-04 17:42:38 INFO  Account:33 - Account Checking11545Opened.
	Balance: $4445.45
2019-08-04 17:42:38 INFO  User:18 - Added new Admin:@4 Bob
2019-08-04 17:42:38 INFO  User:18 - Added new employee:#5 Rob
2019-08-04 17:42:38 INFO  User:19 - Added new Customer:fullMetal Edward
2019-08-04 17:42:38 INFO  Account:33 - Account Checking11545Opened.
	Balance: $4445.45
2019-08-04 17:42:38 INFO  User:18 - Added new Admin:@4 Bob
2019-08-04 17:42:38 INFO  User:18 - Added new employee:#5 Rob
2019-08-04 17:42:38 INFO  User:19 - Added new Customer:fullMetal Edward
2019-08-04 17:42:38 INFO  Account:33 - Account Checking11545Opened.
	Balance: $4445.45
2019-08-04 17:42:38 INFO  User:18 - Added new Admin:@4 Bob
2019-08-04 17:42:38 INFO  User:18 - Added new employee:#5 Rob
2019-08-04 17:42:38 INFO  User:19 - Added new Customer:fullMetal Edward
2019-08-04 17:42:38 INFO  Account:33 - Account Checking11545Opened.
	Balance: $4445.45
2019-08-04 17:42:38 INFO  User:18 - Added new Admin:@4 Bob
2019-08-04 17:42:38 INFO  User:18 - Added new employee:#5 Rob
2019-08-04 17:42:38 INFO  User:19 - Added new Customer:fullMetal Edward
2019-08-04 17:42:38 INFO  Account:33 - Account Checking11545Opened.
	Balance: $4445.45
2019-08-04 17:42:38 INFO  User:18 - Added new Admin:@4 Bob
2019-08-04 17:42:38 INFO  User:18 - Added new employee:#5 Rob
2019-08-04 17:42:38 INFO  User:19 - Added new Customer:fullMetal Edward
2019-08-04 17:42:39 INFO  Account:33 - Account Checking11545Opened.
	Balance: $4445.45
2019-08-04 17:42:39 INFO  User:18 - Added new Admin:@4 Bob
2019-08-04 17:42:39 INFO  User:18 - Added new employee:#5 Rob
2019-08-04 17:42:39 INFO  User:19 - Added new Customer:fullMetal Edward
2019-08-04 17:42:39 INFO  Account:33 - Account Checking11545Opened.
	Balance: $4445.45
2019-08-04 17:42:39 INFO  User:18 - Added new Admin:@0 Abaddon
2019-08-04 17:42:39 INFO  User:18 - Added new Admin:@0 Abaddon
2019-08-04 17:42:39 INFO  User:18 - Added new Admin:@4 Bob
2019-08-04 17:42:39 INFO  User:18 - Added new employee:#5 Rob
2019-08-04 17:42:39 INFO  User:19 - Added new Customer:fullMetal Edward
2019-08-04 17:42:39 INFO  Account:33 - Account Checking11545Opened.
	Balance: $4445.45
2019-08-04 17:42:39 INFO  User:18 - Added new Admin:@4 Bob
2019-08-04 17:42:39 INFO  User:18 - Added new employee:#5 Rob
2019-08-04 17:42:39 INFO  User:19 - Added new Customer:fullMetal Edward
2019-08-04 17:42:39 INFO  Account:33 - Account Checking11545Opened.
	Balance: $4445.45
2019-08-04 17:42:39 INFO  User:18 - Added new Admin:@4 Bob
2019-08-04 17:42:39 INFO  User:18 - Added new employee:#5 Rob
2019-08-04 17:42:39 INFO  User:19 - Added new Customer:fullMetal Edward
2019-08-04 17:42:39 INFO  Account:33 - Account Checking11545Opened.
	Balance: $4445.45
2019-08-04 17:42:39 INFO  User:18 - Added new employee:#0 Abaddon
2019-08-04 17:42:39 INFO  User:18 - Added new employee:#0 Abaddon
2019-08-04 17:42:39 INFO  User:18 - Added new Admin:@4 Bob
2019-08-04 17:42:39 INFO  User:18 - Added new employee:#5 Rob
2019-08-04 17:42:39 INFO  User:19 - Added new Customer:fullMetal Edward
2019-08-04 17:42:39 INFO  Account:33 - Account Checking11545Opened.
	Balance: $4445.45
2019-08-04 17:42:39 INFO  User:18 - Added new Admin:@4 Bob
2019-08-04 17:42:39 INFO  User:18 - Added new employee:#5 Rob
2019-08-04 17:42:39 INFO  User:19 - Added new Customer:fullMetal Edward
2019-08-04 17:42:39 INFO  Account:33 - Account Checking11545Opened.
	Balance: $4445.45
2019-08-04 17:42:39 INFO  User:18 - Added new Admin:@4 Bob
2019-08-04 17:42:39 INFO  User:18 - Added new employee:#5 Rob
2019-08-04 17:42:39 INFO  User:19 - Added new Customer:fullMetal Edward
2019-08-04 17:42:39 INFO  Account:33 - Account Checking11545Opened.
	Balance: $4445.45
2019-08-04 17:42:39 INFO  User:18 - Added new Admin:@4 Bob
2019-08-04 17:42:39 INFO  User:18 - Added new employee:#5 Rob
2019-08-04 17:42:39 INFO  User:19 - Added new Customer:fullMetal Edward
2019-08-04 17:42:39 INFO  Account:33 - Account Checking11545Opened.
	Balance: $4445.45
2019-08-04 17:42:39 INFO  User:18 - Added new Admin:@4 Bob
2019-08-04 17:42:39 INFO  User:18 - Added new employee:#5 Rob
2019-08-04 17:42:39 INFO  User:19 - Added new Customer:fullMetal Edward
2019-08-04 17:42:39 INFO  Account:33 - Account Checking11545Opened.
	Balance: $4445.45
2019-08-04 17:42:39 INFO  User:18 - Added new Admin:@4 Bob
2019-08-04 17:42:39 INFO  User:18 - Added new employee:#5 Rob
2019-08-04 17:42:39 INFO  User:19 - Added new Customer:fullMetal Edward
2019-08-04 17:42:39 INFO  Account:33 - Account Checking11545Opened.
	Balance: $4445.45
2019-08-04 17:42:39 INFO  User:18 - Added new Admin:@4 Bob
2019-08-04 17:42:39 INFO  User:18 - Added new employee:#5 Rob
2019-08-04 17:42:39 INFO  User:19 - Added new Customer:fullMetal Edward
2019-08-04 17:42:39 INFO  Account:33 - Account Checking11545Opened.
	Balance: $4445.45
2019-08-04 17:42:39 INFO  User:18 - Added new Admin:@4 Bob
2019-08-04 17:42:39 INFO  User:18 - Added new employee:#5 Rob
2019-08-04 17:42:39 INFO  User:19 - Added new Customer:fullMetal Edward
2019-08-04 17:42:39 INFO  Account:33 - Account Checking11545Opened.
	Balance: $4445.45
2019-08-04 17:42:39 INFO  User:18 - Added new Admin:@4 Bob
2019-08-04 17:42:39 INFO  User:18 - Added new employee:#5 Rob
2019-08-04 17:42:39 INFO  User:19 - Added new Customer:fullMetal Edward
2019-08-04 17:42:39 INFO  Account:33 - Account Checking11545Opened.
	Balance: $4445.45
2019-08-05 12:56:22 INFO  User:18 - Added new Admin:@4 Bob
2019-08-05 12:56:22 INFO  User:18 - Added new employee:#5 Rob
2019-08-05 12:56:22 INFO  User:19 - Added new Customer:fullMetal Edward
2019-08-05 12:56:22 INFO  Account:33 - Account Checking11545Opened.
	Balance: $4445.45
2019-08-05 12:56:22 INFO  User:18 - Added new Admin:@4 Bob
2019-08-05 12:56:22 INFO  User:18 - Added new employee:#5 Rob
2019-08-05 12:56:22 INFO  User:19 - Added new Customer:fullMetal Edward
2019-08-05 12:56:22 INFO  Account:33 - Account Checking11545Opened.
	Balance: $4445.45
2019-08-05 12:56:22 INFO  User:18 - Added new Admin:@4 Bob
2019-08-05 12:56:22 INFO  User:18 - Added new employee:#5 Rob
2019-08-05 12:56:22 INFO  User:19 - Added new Customer:fullMetal Edward
2019-08-05 12:56:22 INFO  Account:33 - Account Checking11545Opened.
	Balance: $4445.45
2019-08-05 12:56:22 INFO  User:18 - Added new Admin:@4 Bob
2019-08-05 12:56:22 INFO  User:18 - Added new employee:#5 Rob
2019-08-05 12:56:22 INFO  User:19 - Added new Customer:fullMetal Edward
2019-08-05 12:56:22 INFO  Account:33 - Account Checking11545Opened.
	Balance: $4445.45
2019-08-05 12:56:22 INFO  User:18 - Added new Admin:@4 Bob
2019-08-05 12:56:22 INFO  User:18 - Added new employee:#5 Rob
2019-08-05 12:56:22 INFO  User:19 - Added new Customer:fullMetal Edward
2019-08-05 12:56:22 INFO  Account:33 - Account Checking11545Opened.
	Balance: $4445.45
2019-08-05 12:56:22 INFO  User:18 - Added new Admin:@4 Bob
2019-08-05 12:56:22 INFO  User:18 - Added new employee:#5 Rob
2019-08-05 12:56:22 INFO  User:19 - Added new Customer:fullMetal Edward
2019-08-05 12:56:22 INFO  Account:33 - Account Checking11545Opened.
	Balance: $4445.45
2019-08-05 12:56:22 INFO  User:18 - Added new Admin:@4 Bob
2019-08-05 12:56:22 INFO  User:18 - Added new employee:#5 Rob
2019-08-05 12:56:22 INFO  User:19 - Added new Customer:fullMetal Edward
2019-08-05 12:56:22 INFO  Account:33 - Account Checking11545Opened.
	Balance: $4445.45
2019-08-05 12:56:22 INFO  User:18 - Added new Admin:@4 Bob
2019-08-05 12:56:22 INFO  User:18 - Added new employee:#5 Rob
2019-08-05 12:56:22 INFO  User:19 - Added new Customer:fullMetal Edward
2019-08-05 12:56:22 INFO  Account:33 - Account Checking11545Opened.
	Balance: $4445.45
2019-08-05 12:56:22 INFO  User:18 - Added new Admin:@4 Bob
2019-08-05 12:56:22 INFO  User:18 - Added new employee:#5 Rob
2019-08-05 12:56:22 INFO  User:19 - Added new Customer:fullMetal Edward
2019-08-05 12:56:22 INFO  Account:33 - Account Checking11545Opened.
	Balance: $4445.45
2019-08-05 12:56:22 INFO  User:18 - Added new Admin:@4 Bob
2019-08-05 12:56:22 INFO  User:18 - Added new employee:#5 Rob
2019-08-05 12:56:22 INFO  User:19 - Added new Customer:fullMetal Edward
2019-08-05 12:56:22 INFO  Account:33 - Account Checking11545Opened.
	Balance: $4445.45
2019-08-05 12:56:22 INFO  User:18 - Added new Admin:@0 Abaddon
2019-08-05 12:56:22 INFO  User:18 - Added new Admin:@0 Abaddon
2019-08-05 12:56:22 INFO  User:18 - Added new Admin:@4 Bob
2019-08-05 12:56:22 INFO  User:18 - Added new employee:#5 Rob
2019-08-05 12:56:22 INFO  User:19 - Added new Customer:fullMetal Edward
2019-08-05 12:56:22 INFO  Account:33 - Account Checking11545Opened.
	Balance: $4445.45
2019-08-05 12:56:22 INFO  User:18 - Added new Admin:@4 Bob
2019-08-05 12:56:22 INFO  User:18 - Added new employee:#5 Rob
2019-08-05 12:56:22 INFO  User:19 - Added new Customer:fullMetal Edward
2019-08-05 12:56:22 INFO  Account:33 - Account Checking11545Opened.
	Balance: $4445.45
2019-08-05 12:56:22 INFO  User:18 - Added new Admin:@4 Bob
2019-08-05 12:56:22 INFO  User:18 - Added new employee:#5 Rob
2019-08-05 12:56:22 INFO  User:19 - Added new Customer:fullMetal Edward
2019-08-05 12:56:22 INFO  Account:33 - Account Checking11545Opened.
	Balance: $4445.45
2019-08-05 12:56:22 INFO  User:18 - Added new employee:#0 Abaddon
2019-08-05 12:56:22 INFO  User:18 - Added new employee:#0 Abaddon
2019-08-05 12:56:22 INFO  User:18 - Added new Admin:@4 Bob
2019-08-05 12:56:22 INFO  User:18 - Added new employee:#5 Rob
2019-08-05 12:56:22 INFO  User:19 - Added new Customer:fullMetal Edward
2019-08-05 12:56:22 INFO  Account:33 - Account Checking11545Opened.
	Balance: $4445.45
2019-08-05 12:56:22 INFO  User:18 - Added new Admin:@4 Bob
2019-08-05 12:56:22 INFO  User:18 - Added new employee:#5 Rob
2019-08-05 12:56:22 INFO  User:19 - Added new Customer:fullMetal Edward
2019-08-05 12:56:22 INFO  Account:33 - Account Checking11545Opened.
	Balance: $4445.45
2019-08-05 12:56:22 INFO  User:18 - Added new Admin:@4 Bob
2019-08-05 12:56:22 INFO  User:18 - Added new employee:#5 Rob
2019-08-05 12:56:22 INFO  User:19 - Added new Customer:fullMetal Edward
2019-08-05 12:56:22 INFO  Account:33 - Account Checking11545Opened.
	Balance: $4445.45
2019-08-05 12:56:22 INFO  User:18 - Added new Admin:@4 Bob
2019-08-05 12:56:22 INFO  User:18 - Added new employee:#5 Rob
2019-08-05 12:56:22 INFO  User:19 - Added new Customer:fullMetal Edward
2019-08-05 12:56:22 INFO  Account:33 - Account Checking11545Opened.
	Balance: $4445.45
2019-08-05 12:56:22 INFO  User:18 - Added new Admin:@4 Bob
2019-08-05 12:56:22 INFO  User:18 - Added new employee:#5 Rob
2019-08-05 12:56:22 INFO  User:19 - Added new Customer:fullMetal Edward
2019-08-05 12:56:22 INFO  Account:33 - Account Checking11545Opened.
	Balance: $4445.45
2019-08-05 12:56:22 INFO  User:18 - Added new Admin:@4 Bob
2019-08-05 12:56:22 INFO  User:18 - Added new employee:#5 Rob
2019-08-05 12:56:22 INFO  User:19 - Added new Customer:fullMetal Edward
2019-08-05 12:56:22 INFO  Account:33 - Account Checking11545Opened.
	Balance: $4445.45
2019-08-05 12:56:22 INFO  User:18 - Added new Admin:@4 Bob
2019-08-05 12:56:22 INFO  User:18 - Added new employee:#5 Rob
2019-08-05 12:56:22 INFO  User:19 - Added new Customer:fullMetal Edward
2019-08-05 12:56:23 INFO  Account:33 - Account Checking11545Opened.
	Balance: $4445.45
2019-08-05 12:56:23 INFO  User:18 - Added new Admin:@4 Bob
2019-08-05 12:56:23 INFO  User:18 - Added new employee:#5 Rob
2019-08-05 12:56:23 INFO  User:19 - Added new Customer:fullMetal Edward
2019-08-05 12:56:23 INFO  Account:33 - Account Checking11545Opened.
	Balance: $4445.45
2019-08-05 12:56:23 INFO  User:18 - Added new Admin:@4 Bob
2019-08-05 12:56:23 INFO  User:18 - Added new employee:#5 Rob
2019-08-05 12:56:23 INFO  User:19 - Added new Customer:fullMetal Edward
2019-08-05 12:56:23 INFO  Account:33 - Account Checking11545Opened.
	Balance: $4445.45
2019-08-05 14:05:21 INFO  User:18 - Added new Admin:@4 Bob
2019-08-05 14:05:21 INFO  User:18 - Added new employee:#5 Rob
2019-08-05 14:05:21 INFO  User:19 - Added new Customer:fullMetal Edward
2019-08-05 14:05:21 INFO  Account:33 - Account Checking11545Opened.
	Balance: $4445.45
2019-08-05 14:05:21 INFO  User:18 - Added new Admin:@4 Bob
2019-08-05 14:05:21 INFO  User:18 - Added new employee:#5 Rob
2019-08-05 14:05:21 INFO  User:19 - Added new Customer:fullMetal Edward
2019-08-05 14:05:21 INFO  Account:33 - Account Checking11545Opened.
	Balance: $4445.45
2019-08-05 14:05:21 INFO  User:18 - Added new Admin:@4 Bob
2019-08-05 14:05:21 INFO  User:18 - Added new employee:#5 Rob
2019-08-05 14:05:21 INFO  User:19 - Added new Customer:fullMetal Edward
2019-08-05 14:05:21 INFO  Account:33 - Account Checking11545Opened.
	Balance: $4445.45
2019-08-05 14:05:21 INFO  User:18 - Added new Admin:@4 Bob
2019-08-05 14:05:21 INFO  User:18 - Added new employee:#5 Rob
2019-08-05 14:05:21 INFO  User:19 - Added new Customer:fullMetal Edward
2019-08-05 14:05:21 INFO  Account:33 - Account Checking11545Opened.
	Balance: $4445.45
2019-08-05 14:05:21 INFO  User:18 - Added new Admin:@4 Bob
2019-08-05 14:05:21 INFO  User:18 - Added new employee:#5 Rob
2019-08-05 14:05:21 INFO  User:19 - Added new Customer:fullMetal Edward
2019-08-05 14:05:21 INFO  Account:33 - Account Checking11545Opened.
	Balance: $4445.45
2019-08-05 14:05:21 INFO  User:18 - Added new Admin:@4 Bob
2019-08-05 14:05:21 INFO  User:18 - Added new employee:#5 Rob
2019-08-05 14:05:21 INFO  User:19 - Added new Customer:fullMetal Edward
2019-08-05 14:05:21 INFO  Account:33 - Account Checking11545Opened.
	Balance: $4445.45
2019-08-05 14:05:21 INFO  User:18 - Added new Admin:@4 Bob
2019-08-05 14:05:21 INFO  User:18 - Added new employee:#5 Rob
2019-08-05 14:05:21 INFO  User:19 - Added new Customer:fullMetal Edward
2019-08-05 14:05:21 INFO  Account:33 - Account Checking11545Opened.
	Balance: $4445.45
2019-08-05 14:05:21 INFO  User:18 - Added new Admin:@4 Bob
2019-08-05 14:05:21 INFO  User:18 - Added new employee:#5 Rob
2019-08-05 14:05:21 INFO  User:19 - Added new Customer:fullMetal Edward
2019-08-05 14:05:21 INFO  Account:33 - Account Checking11545Opened.
	Balance: $4445.45
2019-08-05 14:05:21 INFO  User:18 - Added new Admin:@4 Bob
2019-08-05 14:05:21 INFO  User:18 - Added new employee:#5 Rob
2019-08-05 14:05:21 INFO  User:19 - Added new Customer:fullMetal Edward
2019-08-05 14:05:21 INFO  Account:33 - Account Checking11545Opened.
	Balance: $4445.45
2019-08-05 14:05:21 INFO  User:18 - Added new Admin:@4 Bob
2019-08-05 14:05:21 INFO  User:18 - Added new employee:#5 Rob
2019-08-05 14:05:21 INFO  User:19 - Added new Customer:fullMetal Edward
2019-08-05 14:05:22 INFO  Account:33 - Account Checking11545Opened.
	Balance: $4445.45
2019-08-05 14:05:22 INFO  User:18 - Added new Admin:@0 Abaddon
2019-08-05 14:05:22 INFO  User:18 - Added new Admin:@0 Abaddon
2019-08-05 14:05:22 INFO  User:18 - Added new Admin:@4 Bob
2019-08-05 14:05:22 INFO  User:18 - Added new employee:#5 Rob
2019-08-05 14:05:22 INFO  User:19 - Added new Customer:fullMetal Edward
2019-08-05 14:05:22 INFO  Account:33 - Account Checking11545Opened.
	Balance: $4445.45
2019-08-05 14:05:22 INFO  User:18 - Added new Admin:@4 Bob
2019-08-05 14:05:22 INFO  User:18 - Added new employee:#5 Rob
2019-08-05 14:05:22 INFO  User:19 - Added new Customer:fullMetal Edward
2019-08-05 14:05:22 INFO  Account:33 - Account Checking11545Opened.
	Balance: $4445.45
2019-08-05 14:05:22 INFO  User:18 - Added new Admin:@4 Bob
2019-08-05 14:05:22 INFO  User:18 - Added new employee:#5 Rob
2019-08-05 14:05:22 INFO  User:19 - Added new Customer:fullMetal Edward
2019-08-05 14:05:22 INFO  Account:33 - Account Checking11545Opened.
	Balance: $4445.45
2019-08-05 14:05:22 INFO  User:18 - Added new employee:#0 Abaddon
2019-08-05 14:05:22 INFO  User:18 - Added new employee:#0 Abaddon
2019-08-05 14:05:22 INFO  User:18 - Added new Admin:@4 Bob
2019-08-05 14:05:22 INFO  User:18 - Added new employee:#5 Rob
2019-08-05 14:05:22 INFO  User:19 - Added new Customer:fullMetal Edward
2019-08-05 14:05:22 INFO  Account:33 - Account Checking11545Opened.
	Balance: $4445.45
2019-08-05 14:05:22 INFO  User:18 - Added new Admin:@4 Bob
2019-08-05 14:05:22 INFO  User:18 - Added new employee:#5 Rob
2019-08-05 14:05:22 INFO  User:19 - Added new Customer:fullMetal Edward
2019-08-05 14:05:22 INFO  Account:33 - Account Checking11545Opened.
	Balance: $4445.45
2019-08-05 14:05:22 INFO  User:18 - Added new Admin:@4 Bob
2019-08-05 14:05:22 INFO  User:18 - Added new employee:#5 Rob
2019-08-05 14:05:22 INFO  User:19 - Added new Customer:fullMetal Edward
2019-08-05 14:05:22 INFO  Account:33 - Account Checking11545Opened.
	Balance: $4445.45
2019-08-05 14:05:22 INFO  User:18 - Added new Admin:@4 Bob
2019-08-05 14:05:22 INFO  User:18 - Added new employee:#5 Rob
2019-08-05 14:05:22 INFO  User:19 - Added new Customer:fullMetal Edward
2019-08-05 14:05:22 INFO  Account:33 - Account Checking11545Opened.
	Balance: $4445.45
2019-08-05 14:05:22 INFO  User:18 - Added new Admin:@4 Bob
2019-08-05 14:05:22 INFO  User:18 - Added new employee:#5 Rob
2019-08-05 14:05:22 INFO  User:19 - Added new Customer:fullMetal Edward
2019-08-05 14:05:22 INFO  Account:33 - Account Checking11545Opened.
	Balance: $4445.45
2019-08-05 14:05:22 INFO  User:18 - Added new Admin:@4 Bob
2019-08-05 14:05:22 INFO  User:18 - Added new employee:#5 Rob
2019-08-05 14:05:22 INFO  User:19 - Added new Customer:fullMetal Edward
2019-08-05 14:05:22 INFO  Account:33 - Account Checking11545Opened.
	Balance: $4445.45
2019-08-05 14:05:22 INFO  User:18 - Added new Admin:@4 Bob
2019-08-05 14:05:22 INFO  User:18 - Added new employee:#5 Rob
2019-08-05 14:05:22 INFO  User:19 - Added new Customer:fullMetal Edward
2019-08-05 14:05:22 INFO  Account:33 - Account Checking11545Opened.
	Balance: $4445.45
2019-08-05 14:05:22 INFO  User:18 - Added new Admin:@4 Bob
2019-08-05 14:05:22 INFO  User:18 - Added new employee:#5 Rob
2019-08-05 14:05:22 INFO  User:19 - Added new Customer:fullMetal Edward
2019-08-05 14:05:22 INFO  Account:33 - Account Checking11545Opened.
	Balance: $4445.45
2019-08-05 14:05:22 INFO  User:18 - Added new Admin:@4 Bob
2019-08-05 14:05:22 INFO  User:18 - Added new employee:#5 Rob
2019-08-05 14:05:22 INFO  User:19 - Added new Customer:fullMetal Edward
2019-08-05 14:05:22 INFO  Account:33 - Account Checking11545Opened.
	Balance: $4445.45
2019-08-05 14:05:43 INFO  Account:100 - Devon signed in.
2019-08-05 14:05:57 INFO  User:39 - Devon signed out.
2019-08-05 14:06:10 INFO  User:19 - Added new Customer:Hello Hello
2019-08-05 14:06:21 INFO  Account:100 - Hello signed in.
2019-08-05 14:07:05 INFO  User:39 - Hello signed out.
2019-08-05 14:07:22 INFO  Account:100 - Hello signed in.
2019-08-05 14:07:49 INFO  Account:33 - Account account0Opened.
	Balance: $4000.0
2019-08-05 14:08:06 INFO  User:39 - Hello signed out.
2019-08-05 14:08:11 INFO  Account:100 - Devon signed in.
2019-08-05 14:08:31 INFO  Account:86 - Account account0Approved by Devon
2019-08-05 14:08:31 INFO  Account:257 - Devon approved account: banking.application.Account@7591083d
2019-08-05 14:08:48 INFO  User:39 - Devon signed out.
2019-08-05 14:08:54 INFO  Account:100 - Hello signed in.
2019-08-05 14:09:06 INFO  Account:141 - Hello withdrew $500.0 from account account0.
	Balance: $3500.0
2019-08-05 14:09:18 INFO  Account:114 - Deposited $1000.0 into account account0.
	Balance: $4500.0
2019-08-05 14:09:38 INFO  User:39 - Hello signed out.
2019-08-10 11:19:11 INFO  User:14 - Added new Admin:@0 Devon
2019-08-10 11:19:17 INFO  Account:103 - Devon signed in.
2019-08-10 11:19:20 INFO  User:44 - Devon signed out.
2019-08-10 16:39:58 INFO  User:16 - Added new Admin:@0 Devon
2019-08-10 16:45:43 INFO  User:16 - Added new Admin:@0 Devon
2019-08-10 16:52:47 INFO  User:15 - Added new Admin:@0 Devon
2019-08-10 16:55:38 INFO  User:15 - Added new Admin:@0 Devon
2019-08-10 16:59:22 INFO  User:15 - Added new Admin:@0 Devon
2019-08-10 17:02:34 INFO  User:15 - Added new Admin:@0 Devon
2019-08-10 17:07:58 INFO  User:15 - Added new Admin:@0 Devon
2019-08-10 17:10:39 INFO  User:15 - Added new Admin:@0 Devon
2019-08-10 17:10:47 INFO  Account:78 - Devon signed in.
2019-08-10 17:19:19 INFO  User:15 - Added new Admin:@0 Devon
2019-08-10 17:19:27 INFO  Account:78 - Devon signed in.
2019-08-10 17:21:41 INFO  User:15 - Added new Admin:@0 Devon
2019-08-10 17:21:48 INFO  Account:78 - Devon signed in.
2019-08-10 17:23:56 INFO  User:15 - Added new Admin:@0 Devon
2019-08-10 17:24:02 INFO  Account:78 - Devon signed in.
2019-08-10 17:49:12 INFO  User:12 - Added new Admin:@0 Devon
2019-08-10 17:51:44 INFO  User:12 - Added new Admin:@0 Devon
2019-08-10 17:51:50 INFO  Account:73 - Devon signed in.
2019-08-10 17:51:51 INFO  User:12 - Added new Admin:@0 Devon
2019-08-10 17:54:30 INFO  User:12 - Added new Admin:@0 Devon
2019-08-10 17:54:37 INFO  Account:73 - Devon signed in.
2019-08-10 17:54:38 INFO  User:12 - Added new Admin:@0 Devon
2019-08-10 17:55:10 INFO  User:68 - Devon signed out.
2019-08-10 17:58:53 INFO  User:12 - Added new Admin:@0 Devon
2019-08-10 17:59:03 INFO  Account:73 - Devon signed in.
2019-08-10 17:59:05 INFO  User:12 - Added new Admin:@0 Devon
2019-08-10 17:59:14 INFO  User:68 - Devon signed out.
2019-08-10 18:00:32 INFO  User:12 - Added new Admin:@0 Devon
2019-08-10 18:01:00 INFO  User:16 - Added new Customer:gateship Devon Virden
2019-08-10 18:02:13 INFO  User:12 - Added new Admin:@0 Devon
2019-08-10 18:02:29 INFO  User:16 - Added new Customer:gateship Devon Virden
2019-08-10 18:11:18 INFO  User:12 - Added new Admin:@0 Devon
2019-08-10 18:11:29 INFO  Account:73 - Devon signed in.
2019-08-10 18:11:30 INFO  User:12 - Added new Admin:@0 Devon
2019-08-10 18:11:44 INFO  User:65 - Devon signed out.
2019-08-10 18:11:58 INFO  User:16 - Added new Customer:gateship Devon Virden
2019-08-10 18:12:20 INFO  Account:73 - Devon Virden signed in.
2019-08-10 18:12:21 INFO  User:21 - Added new Customer:gateship Devon Virden
2019-08-10 18:16:28 INFO  User:12 - Added new Admin:@0 Devon
2019-08-10 18:17:00 INFO  User:16 - Added new Customer:vandal James Stevenson
2019-08-10 18:17:47 INFO  Account:73 - James Stevenson signed in.
2019-08-10 18:17:47 INFO  User:21 - Added new Customer:vandal James Stevenson
2019-08-10 18:18:34 INFO  User:65 - James Stevenson signed out.
2019-08-10 18:18:59 INFO  User:16 - Added new Customer:inferno Uri Heim
2019-08-10 18:19:18 INFO  Account:73 - Uri Heim signed in.
2019-08-10 18:19:19 INFO  User:21 - Added new Customer:inferno Uri Heim
2019-08-10 18:27:21 INFO  User:12 - Added new Admin:@0 Devon
2019-08-10 18:27:46 INFO  User:16 - Added new Customer:Vandal James Stevenson
2019-08-10 18:29:17 INFO  Account:73 - James Stevenson signed in.
2019-08-10 18:29:17 INFO  User:21 - Added new Customer:Vandal James Stevenson
2019-08-10 18:29:50 INFO  User:65 - James Stevenson signed out.
2019-08-10 18:30:00 INFO  User:12 - Added new Admin:@0 Devon
2019-08-10 18:30:28 INFO  Account:73 - James Stevenson signed in.
2019-08-10 18:30:29 INFO  User:21 - Added new Customer:Vandal James Stevenson
2019-08-10 18:30:54 INFO  User:65 - James Stevenson signed out.
2019-08-10 18:30:59 INFO  Account:73 - Devon signed in.
2019-08-10 18:30:59 INFO  User:12 - Added new Admin:@0 Devon
2019-08-10 18:31:26 INFO  User:65 - Devon signed out.
2019-08-10 18:31:49 INFO  User:16 - Added new Customer:inferno Uri Heim
2019-08-10 18:32:06 INFO  Account:73 - Uri Heim signed in.
2019-08-10 18:32:06 INFO  User:21 - Added new Customer:inferno Uri Heim
2019-08-10 18:32:14 INFO  User:65 - Uri Heim signed out.
2019-08-10 18:34:09 INFO  User:12 - Added new Admin:@0 Devon
2019-08-10 18:34:39 INFO  User:16 - Added new Customer:gateman Mora Heim
2019-08-10 18:35:22 INFO  Account:73 - James Stevenson signed in.
2019-08-10 18:35:22 INFO  User:21 - Added new Customer:Vandal James Stevenson
2019-08-10 19:17:02 INFO  User:12 - Added new Admin:@0 Devon
2019-08-10 19:17:12 INFO  Account:73 - Devon signed in.
2019-08-10 19:17:13 INFO  User:12 - Added new Admin:@0 Devon
2019-08-10 19:17:16 INFO  User:65 - Devon signed out.
2019-08-10 19:17:34 INFO  User:16 - Added new Customer:Vandal James Stevenson
2019-08-10 19:18:06 INFO  Account:73 - James Stevenson signed in.
2019-08-10 19:18:07 INFO  User:21 - Added new Customer:Vandal James Stevenson
2019-08-10 19:20:18 INFO  User:65 - James Stevenson signed out.
2019-08-10 19:26:26 INFO  User:12 - Added new Admin:@0 Devon
2019-08-10 19:26:38 INFO  Account:73 - James Stevenson signed in.
2019-08-10 19:26:38 INFO  User:21 - Added new Customer:Vandal James Stevenson
2019-08-10 19:27:55 INFO  User:65 - James Stevenson signed out.
2019-08-10 19:29:16 INFO  User:12 - Added new Admin:@0 Devon
2019-08-10 19:29:25 INFO  Account:73 - James Stevenson signed in.
2019-08-10 19:29:25 INFO  User:21 - Added new Customer:Vandal James Stevenson
2019-08-10 19:30:05 INFO  User:65 - James Stevenson signed out.
2019-08-10 19:30:13 INFO  User:12 - Added new Admin:@0 Devon
2019-08-10 19:30:30 INFO  Account:73 - James Stevenson signed in.
2019-08-10 19:30:30 INFO  User:21 - Added new Customer:Vandal James Stevenson
2019-08-10 19:30:53 INFO  User:65 - James Stevenson signed out.
2019-08-10 19:32:40 INFO  User:12 - Added new Admin:@0 Devon
2019-08-10 19:32:52 INFO  Account:73 - Devon signed in.
2019-08-10 19:32:53 INFO  User:12 - Added new Admin:@0 Devon
2019-08-10 19:35:22 INFO  User:12 - Added new Admin:@0 Devon
2019-08-10 19:35:47 INFO  User:12 - Added new Admin:@0 Devon
2019-08-10 19:36:02 INFO  User:16 - Added new Customer:Inferno Uri Heim
2019-08-10 19:36:17 INFO  Account:73 - Uri Heim signed in.
2019-08-10 19:36:18 INFO  User:21 - Added new Customer:Inferno Uri Heim
2019-08-10 19:36:56 INFO  User:65 - Uri Heim signed out.
2019-08-10 19:44:19 INFO  User:12 - Added new Admin:@0 Devon
2019-08-10 19:44:26 INFO  Account:73 - Devon signed in.
2019-08-10 19:44:26 INFO  User:12 - Added new Admin:@0 Devon
2019-08-10 19:47:52 INFO  User:12 - Added new Admin:@0 Devon
2019-08-10 19:52:15 INFO  User:12 - Added new Admin:@3 Devon
2019-08-10 19:52:26 INFO  Account:79 - Devon signed in.
2019-08-10 19:52:27 INFO  User:12 - Added new Admin:@0 Devon
2019-08-10 19:54:54 INFO  User:12 - Added new Admin:@4 Devon
2019-08-10 19:57:28 INFO  User:12 - Added new Admin:@0 Devon
2019-08-10 19:57:35 INFO  Account:81 - Devon signed in.
2019-08-10 19:57:35 INFO  User:12 - Added new Admin:@0 Devon
2019-08-10 19:58:27 INFO  Account:81 - Devon signed in.
2019-08-10 19:58:27 INFO  User:12 - Added new Admin:@0 Devon
2019-08-10 19:58:36 INFO  User:65 - Devon signed out.
2019-08-10 19:59:24 INFO  User:12 - Added new Admin:@0 Devon
2019-08-10 19:59:33 INFO  Account:81 - Devon signed in.
2019-08-10 19:59:34 INFO  User:12 - Added new Admin:@0 Devon
2019-08-10 20:00:06 INFO  User:65 - Devon signed out.
2019-08-10 20:00:20 INFO  User:16 - Added new Customer:Vandal James Stevenson
2019-08-10 20:00:38 INFO  Account:81 - James Stevenson signed in.
2019-08-10 20:00:39 INFO  User:21 - Added new Customer:Vandal James Stevenson
2019-08-10 20:01:09 INFO  User:65 - James Stevenson signed out.
2019-08-10 20:01:16 INFO  Account:81 - Devon signed in.
2019-08-10 20:01:17 INFO  User:12 - Added new Admin:@0 Devon
2019-08-10 20:03:10 INFO  User:16 - Added new Customer:Inferno Uri Heim
2019-08-10 20:03:26 INFO  Account:81 - Uri Heim signed in.
2019-08-10 20:03:26 INFO  User:21 - Added new Customer:Inferno Uri Heim
2019-08-10 20:05:20 INFO  Account:81 - James Stevenson signed in.
2019-08-10 20:05:20 INFO  User:21 - Added new Customer:Vandal James Stevenson
2019-08-10 20:06:37 INFO  User:21 - Added new Customer:Inferno Uri Heim
2019-08-10 20:07:24 INFO  User:65 - James Stevenson signed out.
2019-08-10 20:08:12 INFO  Account:81 - Uri Heim signed in.
2019-08-10 20:08:12 INFO  User:21 - Added new Customer:Inferno Uri Heim
2019-08-10 20:08:27 INFO  User:65 - Uri Heim signed out.
2019-08-10 20:08:39 INFO  Account:81 - James Stevenson signed in.
2019-08-10 20:08:40 INFO  User:21 - Added new Customer:Vandal James Stevenson
2019-08-10 20:08:51 INFO  User:65 - James Stevenson signed out.
2019-08-10 20:08:56 INFO  Account:81 - Devon signed in.
2019-08-10 20:08:57 INFO  User:12 - Added new Admin:@0 Devon
2019-08-10 20:09:59 INFO  User:12 - Added new employee:#3 Jessica Johnson
2019-08-10 20:10:23 INFO  User:65 - Devon signed out.
2019-08-10 20:12:04 INFO  Account:81 - Jessica Johnson signed in.
2019-08-10 20:12:05 INFO  User:12 - Added new employee:#3 Jessica Johnson
2019-08-10 20:14:38 INFO  Account:81 - Jessica Johnson signed in.
2019-08-10 20:14:38 INFO  User:12 - Added new employee:#3 Jessica Johnson
2019-08-10 20:32:22 INFO  Account:82 - James Stevenson signed in.
2019-08-10 20:32:22 INFO  User:21 - Added new Customer:Vandal James Stevenson
2019-08-10 20:32:59 INFO  User:65 - James Stevenson signed out.
2019-08-10 20:33:11 INFO  Account:82 - Devon signed in.
2019-08-10 20:33:11 INFO  User:12 - Added new Admin:@0 Devon
2019-08-10 20:36:08 INFO  Account:82 - Devon signed in.
2019-08-10 20:36:09 INFO  User:12 - Added new Admin:@0 Devon
2019-08-10 20:45:02 INFO  Account:82 - James Stevenson signed in.
2019-08-10 20:45:03 INFO  User:21 - Added new Customer:Vandal James Stevenson
2019-08-10 20:47:31 INFO  Account:82 - James Stevenson signed in.
2019-08-10 20:47:31 INFO  User:21 - Added new Customer:Vandal James Stevenson
2019-08-10 20:49:05 INFO  Account:82 - James Stevenson signed in.
2019-08-10 20:49:06 INFO  User:21 - Added new Customer:Vandal James Stevenson
2019-08-10 20:52:43 INFO  Account:82 - James Stevenson signed in.
2019-08-10 20:52:43 INFO  User:21 - Added new Customer:Vandal James Stevenson
2019-08-10 20:58:34 INFO  Account:82 - James Stevenson signed in.
2019-08-10 20:58:35 INFO  User:21 - Added new Customer:Vandal James Stevenson
2019-08-10 20:58:48 INFO  User:65 - James Stevenson signed out.
2019-08-10 20:59:54 INFO  Account:82 - James Stevenson signed in.
2019-08-10 20:59:55 INFO  User:21 - Added new Customer:Vandal James Stevenson
2019-08-10 21:00:55 INFO  Account:82 - James Stevenson signed in.
2019-08-10 21:00:55 INFO  User:21 - Added new Customer:Vandal James Stevenson
2019-08-10 21:01:58 INFO  Account:82 - James Stevenson signed in.
2019-08-10 21:01:58 INFO  User:21 - Added new Customer:Vandal James Stevenson
2019-08-10 21:03:08 INFO  Account:82 - James Stevenson signed in.
2019-08-10 21:03:09 INFO  User:21 - Added new Customer:Vandal James Stevenson
2019-08-10 21:03:59 INFO  Account:82 - James Stevenson signed in.
2019-08-10 21:03:59 INFO  User:21 - Added new Customer:Vandal James Stevenson
2019-08-10 21:04:33 INFO  Account:82 - James Stevenson signed in.
2019-08-10 21:04:33 INFO  User:21 - Added new Customer:Vandal James Stevenson
2019-08-10 21:20:03 INFO  Account:82 - James Stevenson signed in.
2019-08-10 21:20:03 INFO  User:21 - Added new Customer:Vandal James Stevenson
2019-08-10 21:21:38 INFO  Account:82 - James Stevenson signed in.
2019-08-10 21:21:38 INFO  User:21 - Added new Customer:Vandal James Stevenson
2019-08-10 21:26:20 INFO  Account:82 - James Stevenson signed in.
2019-08-10 21:26:20 INFO  User:21 - Added new Customer:Vandal James Stevenson
2019-08-10 21:27:55 INFO  Account:82 - James Stevenson signed in.
2019-08-10 21:27:55 INFO  User:21 - Added new Customer:Vandal James Stevenson
2019-08-10 21:28:33 INFO  Account:82 - James Stevenson signed in.
2019-08-10 21:28:33 INFO  User:21 - Added new Customer:Vandal James Stevenson
2019-08-10 21:40:14 INFO  Account:82 - James Stevenson signed in.
2019-08-10 21:40:14 INFO  User:21 - Added new Customer:Vandal James Stevenson
2019-08-10 21:40:41 INFO  Account:82 - James Stevenson signed in.
2019-08-10 21:40:42 INFO  User:21 - Added new Customer:Vandal James Stevenson
2019-08-10 21:41:38 INFO  Account:82 - James Stevenson signed in.
2019-08-10 21:41:38 INFO  User:21 - Added new Customer:Vandal James Stevenson
2019-08-10 21:42:15 INFO  Account:82 - James Stevenson signed in.
2019-08-10 21:42:15 INFO  User:21 - Added new Customer:Vandal James Stevenson
2019-08-10 21:42:42 INFO  Account:82 - James Stevenson signed in.
2019-08-10 21:42:43 INFO  User:21 - Added new Customer:Vandal James Stevenson
2019-08-10 21:44:18 INFO  Account:82 - James Stevenson signed in.
2019-08-10 21:44:18 INFO  User:21 - Added new Customer:Vandal James Stevenson
2019-08-10 22:26:33 INFO  Account:82 - James Stevenson signed in.
2019-08-10 22:26:34 INFO  User:21 - Added new Customer:Vandal James Stevenson
2019-08-10 22:31:38 INFO  Account:82 - James Stevenson signed in.
2019-08-10 22:31:39 INFO  User:21 - Added new Customer:Vandal James Stevenson
2019-08-10 22:32:14 INFO  User:65 - James Stevenson signed out.
2019-08-10 22:32:23 INFO  Account:82 - Devon signed in.
2019-08-10 22:32:23 INFO  User:12 - Added new Admin:@0 Devon
2019-08-10 22:38:16 INFO  Account:82 - Devon signed in.
2019-08-10 22:38:17 INFO  User:12 - Added new Admin:@0 Devon
2019-08-10 22:39:39 INFO  Account:104 - Account Checking0Approved by Devon
2019-08-10 22:39:40 INFO  Account:238 - Devon approved account: banking.application.Account@442675e1
2019-08-10 22:41:32 INFO  User:65 - Devon signed out.
2019-08-10 22:41:49 INFO  Account:82 - Devon signed in.
2019-08-10 22:41:49 INFO  User:12 - Added new Admin:@0 Devon
2019-08-11 09:58:21 INFO  Account:82 - Devon signed in.
2019-08-11 09:58:22 INFO  User:12 - Added new Admin:@0 Devon
2019-08-11 09:58:35 INFO  User:65 - Devon signed out.
2019-08-11 09:58:40 INFO  Account:82 - James Stevenson signed in.
2019-08-11 09:58:41 INFO  User:21 - Added new Customer:Vandal James Stevenson
2019-08-11 10:02:52 INFO  Account:82 - James Stevenson signed in.
2019-08-11 10:02:52 INFO  User:21 - Added new Customer:Vandal James Stevenson
2019-08-11 10:04:43 INFO  User:65 - James Stevenson signed out.
2019-08-11 10:04:49 INFO  Account:82 - Uri Heim signed in.
2019-08-11 10:04:50 INFO  User:21 - Added new Customer:Inferno Uri Heim
2019-08-11 10:05:11 INFO  User:65 - Uri Heim signed out.
2019-08-11 10:05:16 INFO  Account:82 - Devon signed in.
2019-08-11 10:05:16 INFO  User:12 - Added new Admin:@0 Devon
2019-08-11 10:14:28 INFO  User:12 - Added new Admin:@4 Bob
2019-08-11 10:14:28 INFO  User:12 - Added new employee:#5 Rob
2019-08-11 10:14:28 INFO  User:16 - Added new Customer:fullMetal Edward
2019-08-11 10:14:30 INFO  User:12 - Added new Admin:@4 Bob
2019-08-11 10:14:30 INFO  User:12 - Added new employee:#5 Rob
2019-08-11 10:14:30 INFO  User:16 - Added new Customer:fullMetal Edward
2019-08-11 10:14:31 INFO  User:12 - Added new Admin:@4 Bob
2019-08-11 10:14:31 INFO  User:12 - Added new employee:#5 Rob
2019-08-11 10:14:31 INFO  User:16 - Added new Customer:fullMetal Edward
2019-08-11 10:14:32 INFO  User:12 - Added new Admin:@4 Bob
2019-08-11 10:14:32 INFO  User:12 - Added new employee:#5 Rob
2019-08-11 10:14:32 INFO  User:16 - Added new Customer:fullMetal Edward
2019-08-11 10:14:33 INFO  User:12 - Added new Admin:@4 Bob
2019-08-11 10:14:33 INFO  User:12 - Added new employee:#5 Rob
2019-08-11 10:14:33 INFO  User:16 - Added new Customer:fullMetal Edward
2019-08-11 10:14:34 INFO  User:12 - Added new Admin:@4 Bob
2019-08-11 10:14:34 INFO  User:12 - Added new employee:#5 Rob
2019-08-11 10:14:34 INFO  User:16 - Added new Customer:fullMetal Edward
2019-08-11 10:14:35 INFO  User:12 - Added new Admin:@4 Bob
2019-08-11 10:14:35 INFO  User:12 - Added new employee:#5 Rob
2019-08-11 10:14:35 INFO  User:16 - Added new Customer:fullMetal Edward
2019-08-11 10:14:35 INFO  User:12 - Added new Admin:@4 Bob
2019-08-11 10:14:35 INFO  User:12 - Added new employee:#5 Rob
2019-08-11 10:14:35 INFO  User:16 - Added new Customer:fullMetal Edward
2019-08-11 10:14:37 INFO  User:12 - Added new Admin:@4 Bob
2019-08-11 10:14:37 INFO  User:12 - Added new employee:#5 Rob
2019-08-11 10:14:37 INFO  User:16 - Added new Customer:fullMetal Edward
2019-08-11 10:14:38 INFO  User:12 - Added new Admin:@4 Bob
2019-08-11 10:14:38 INFO  User:12 - Added new employee:#5 Rob
2019-08-11 10:14:38 INFO  User:16 - Added new Customer:fullMetal Edward
2019-08-11 10:14:38 INFO  User:12 - Added new Admin:@0 Abaddon
2019-08-11 10:14:38 INFO  User:12 - Added new Admin:@0 Abaddon
2019-08-11 10:14:39 INFO  User:12 - Added new Admin:@4 Bob
2019-08-11 10:14:39 INFO  User:12 - Added new employee:#5 Rob
2019-08-11 10:14:39 INFO  User:16 - Added new Customer:fullMetal Edward
2019-08-11 10:14:39 INFO  User:12 - Added new Admin:@4 Bob
2019-08-11 10:14:39 INFO  User:12 - Added new employee:#5 Rob
2019-08-11 10:14:39 INFO  User:16 - Added new Customer:fullMetal Edward
2019-08-11 10:14:40 INFO  User:12 - Added new Admin:@4 Bob
2019-08-11 10:14:40 INFO  User:12 - Added new employee:#5 Rob
2019-08-11 10:14:40 INFO  User:16 - Added new Customer:fullMetal Edward
2019-08-11 10:14:40 INFO  User:12 - Added new employee:#0 Abaddon
2019-08-11 10:14:40 INFO  User:12 - Added new employee:#0 Abaddon
2019-08-11 10:14:41 INFO  User:12 - Added new Admin:@4 Bob
2019-08-11 10:14:41 INFO  User:12 - Added new employee:#5 Rob
2019-08-11 10:14:41 INFO  User:16 - Added new Customer:fullMetal Edward
2019-08-11 10:14:42 INFO  User:12 - Added new Admin:@4 Bob
2019-08-11 10:14:42 INFO  User:12 - Added new employee:#5 Rob
2019-08-11 10:14:42 INFO  User:16 - Added new Customer:fullMetal Edward
2019-08-11 10:14:42 INFO  User:12 - Added new Admin:@4 Bob
2019-08-11 10:14:42 INFO  User:12 - Added new employee:#5 Rob
2019-08-11 10:14:42 INFO  User:16 - Added new Customer:fullMetal Edward
2019-08-11 10:14:43 INFO  User:12 - Added new Admin:@4 Bob
2019-08-11 10:14:43 INFO  User:12 - Added new employee:#5 Rob
2019-08-11 10:14:43 INFO  User:16 - Added new Customer:fullMetal Edward
2019-08-11 10:14:43 INFO  User:12 - Added new Admin:@4 Bob
2019-08-11 10:14:43 INFO  User:12 - Added new employee:#5 Rob
2019-08-11 10:14:43 INFO  User:16 - Added new Customer:fullMetal Edward
2019-08-11 10:14:44 INFO  User:12 - Added new Admin:@4 Bob
2019-08-11 10:14:44 INFO  User:12 - Added new employee:#5 Rob
2019-08-11 10:14:44 INFO  User:16 - Added new Customer:fullMetal Edward
2019-08-11 10:14:44 INFO  User:12 - Added new Admin:@4 Bob
2019-08-11 10:14:44 INFO  User:12 - Added new employee:#5 Rob
2019-08-11 10:14:44 INFO  User:16 - Added new Customer:fullMetal Edward
2019-08-11 10:14:45 INFO  User:12 - Added new Admin:@4 Bob
2019-08-11 10:14:45 INFO  User:12 - Added new employee:#5 Rob
2019-08-11 10:14:45 INFO  User:16 - Added new Customer:fullMetal Edward
2019-08-11 10:22:23 INFO  User:12 - Added new Admin:@4 Bob
2019-08-11 10:22:23 INFO  User:12 - Added new employee:#5 Rob
2019-08-11 10:22:23 INFO  User:16 - Added new Customer:fullMetal Edward
2019-08-11 10:22:27 INFO  User:12 - Added new Admin:@4 Bob
2019-08-11 10:22:27 INFO  User:12 - Added new employee:#5 Rob
2019-08-11 10:22:27 INFO  User:16 - Added new Customer:fullMetal Edward
2019-08-11 10:22:28 INFO  User:12 - Added new Admin:@4 Bob
2019-08-11 10:22:28 INFO  User:12 - Added new employee:#5 Rob
2019-08-11 10:22:28 INFO  User:16 - Added new Customer:fullMetal Edward
2019-08-11 10:22:28 INFO  User:12 - Added new Admin:@4 Bob
2019-08-11 10:22:28 INFO  User:12 - Added new employee:#5 Rob
2019-08-11 10:22:28 INFO  User:16 - Added new Customer:fullMetal Edward
2019-08-11 10:22:29 INFO  User:12 - Added new Admin:@4 Bob
2019-08-11 10:22:29 INFO  User:12 - Added new employee:#5 Rob
2019-08-11 10:22:29 INFO  User:16 - Added new Customer:fullMetal Edward
2019-08-11 10:22:30 INFO  User:12 - Added new Admin:@4 Bob
2019-08-11 10:22:30 INFO  User:12 - Added new employee:#5 Rob
2019-08-11 10:22:30 INFO  User:16 - Added new Customer:fullMetal Edward
2019-08-11 10:22:31 INFO  User:12 - Added new Admin:@4 Bob
2019-08-11 10:22:31 INFO  User:12 - Added new employee:#5 Rob
2019-08-11 10:22:31 INFO  User:16 - Added new Customer:fullMetal Edward
2019-08-11 10:22:32 INFO  User:12 - Added new Admin:@4 Bob
2019-08-11 10:22:32 INFO  User:12 - Added new employee:#5 Rob
2019-08-11 10:22:32 INFO  User:16 - Added new Customer:fullMetal Edward
2019-08-11 10:22:33 INFO  User:12 - Added new Admin:@4 Bob
2019-08-11 10:22:33 INFO  User:12 - Added new employee:#5 Rob
2019-08-11 10:22:33 INFO  User:16 - Added new Customer:fullMetal Edward
2019-08-11 10:22:34 INFO  User:12 - Added new Admin:@0 Abaddon
2019-08-11 10:22:34 INFO  User:12 - Added new Admin:@0 Abaddon
2019-08-11 10:22:34 INFO  User:12 - Added new Admin:@4 Bob
2019-08-11 10:22:34 INFO  User:12 - Added new employee:#5 Rob
2019-08-11 10:22:34 INFO  User:16 - Added new Customer:fullMetal Edward
2019-08-11 10:22:35 INFO  User:12 - Added new Admin:@4 Bob
2019-08-11 10:22:35 INFO  User:12 - Added new employee:#5 Rob
2019-08-11 10:22:35 INFO  User:16 - Added new Customer:fullMetal Edward
2019-08-11 10:22:35 INFO  User:12 - Added new employee:#0 Abaddon
2019-08-11 10:22:35 INFO  User:12 - Added new employee:#0 Abaddon
2019-08-11 10:22:36 INFO  User:12 - Added new Admin:@4 Bob
2019-08-11 10:22:36 INFO  User:12 - Added new employee:#5 Rob
2019-08-11 10:22:36 INFO  User:16 - Added new Customer:fullMetal Edward
2019-08-11 10:22:36 INFO  User:12 - Added new Admin:@4 Bob
2019-08-11 10:22:36 INFO  User:12 - Added new employee:#5 Rob
2019-08-11 10:22:36 INFO  User:16 - Added new Customer:fullMetal Edward
2019-08-11 10:22:37 INFO  User:12 - Added new Admin:@4 Bob
2019-08-11 10:22:37 INFO  User:12 - Added new employee:#5 Rob
2019-08-11 10:22:37 INFO  User:16 - Added new Customer:fullMetal Edward
2019-08-11 10:22:37 INFO  User:12 - Added new Admin:@4 Bob
2019-08-11 10:22:37 INFO  User:12 - Added new employee:#5 Rob
2019-08-11 10:22:37 INFO  User:16 - Added new Customer:fullMetal Edward
2019-08-11 10:22:38 INFO  User:12 - Added new Admin:@4 Bob
2019-08-11 10:22:38 INFO  User:12 - Added new employee:#5 Rob
2019-08-11 10:22:38 INFO  User:16 - Added new Customer:fullMetal Edward
2019-08-11 10:22:38 INFO  User:12 - Added new Admin:@4 Bob
2019-08-11 10:22:38 INFO  User:12 - Added new employee:#5 Rob
2019-08-11 10:22:38 INFO  User:16 - Added new Customer:fullMetal Edward
2019-08-11 10:22:39 INFO  User:12 - Added new Admin:@4 Bob
2019-08-11 10:22:39 INFO  User:12 - Added new employee:#5 Rob
2019-08-11 10:22:39 INFO  User:16 - Added new Customer:fullMetal Edward
2019-08-11 10:22:40 INFO  User:12 - Added new Admin:@4 Bob
2019-08-11 10:22:40 INFO  User:12 - Added new employee:#5 Rob
2019-08-11 10:22:40 INFO  User:16 - Added new Customer:fullMetal Edward
2019-08-11 10:22:41 INFO  User:12 - Added new Admin:@4 Bob
2019-08-11 10:22:41 INFO  User:12 - Added new employee:#5 Rob
2019-08-11 10:22:41 INFO  User:16 - Added new Customer:fullMetal Edward
2019-08-11 10:22:41 INFO  User:12 - Added new Admin:@4 Bob
2019-08-11 10:22:41 INFO  User:12 - Added new employee:#5 Rob
2019-08-11 10:22:41 INFO  User:16 - Added new Customer:fullMetal Edward
2019-08-11 10:22:43 INFO  User:12 - Added new Admin:@4 Bob
2019-08-11 10:22:43 INFO  User:12 - Added new employee:#5 Rob
2019-08-11 10:22:43 INFO  User:16 - Added new Customer:fullMetal Edward
2019-08-11 10:29:40 INFO  User:12 - Added new Admin:@4 Bob
2019-08-11 10:29:40 INFO  User:12 - Added new employee:#5 Rob
2019-08-11 10:29:40 INFO  User:16 - Added new Customer:fullMetal Edward
2019-08-11 10:29:43 INFO  User:12 - Added new Admin:@4 Bob
2019-08-11 10:29:43 INFO  User:12 - Added new employee:#5 Rob
2019-08-11 10:29:43 INFO  User:16 - Added new Customer:fullMetal Edward
2019-08-11 10:29:44 INFO  User:12 - Added new Admin:@4 Bob
2019-08-11 10:29:44 INFO  User:12 - Added new employee:#5 Rob
2019-08-11 10:29:44 INFO  User:16 - Added new Customer:fullMetal Edward
2019-08-11 10:29:45 INFO  User:12 - Added new Admin:@4 Bob
2019-08-11 10:29:45 INFO  User:12 - Added new employee:#5 Rob
2019-08-11 10:29:45 INFO  User:16 - Added new Customer:fullMetal Edward
2019-08-11 10:29:46 INFO  User:12 - Added new Admin:@4 Bob
2019-08-11 10:29:46 INFO  User:12 - Added new employee:#5 Rob
2019-08-11 10:29:46 INFO  User:16 - Added new Customer:fullMetal Edward
2019-08-11 10:29:47 INFO  User:12 - Added new Admin:@4 Bob
2019-08-11 10:29:47 INFO  User:12 - Added new employee:#5 Rob
2019-08-11 10:29:47 INFO  User:16 - Added new Customer:fullMetal Edward
2019-08-11 10:29:47 INFO  User:12 - Added new Admin:@4 Bob
2019-08-11 10:29:47 INFO  User:12 - Added new employee:#5 Rob
2019-08-11 10:29:47 INFO  User:16 - Added new Customer:fullMetal Edward
2019-08-11 10:29:48 INFO  User:12 - Added new Admin:@4 Bob
2019-08-11 10:29:48 INFO  User:12 - Added new employee:#5 Rob
2019-08-11 10:29:48 INFO  User:16 - Added new Customer:fullMetal Edward
2019-08-11 10:29:50 INFO  User:12 - Added new Admin:@4 Bob
2019-08-11 10:29:50 INFO  User:12 - Added new employee:#5 Rob
2019-08-11 10:29:50 INFO  User:16 - Added new Customer:fullMetal Edward
2019-08-11 10:29:50 INFO  User:12 - Added new Admin:@0 Abaddon
2019-08-11 10:29:50 INFO  User:12 - Added new Admin:@0 Abaddon
2019-08-11 10:29:51 INFO  User:12 - Added new Admin:@4 Bob
2019-08-11 10:29:51 INFO  User:12 - Added new employee:#5 Rob
2019-08-11 10:29:51 INFO  User:16 - Added new Customer:fullMetal Edward
2019-08-11 10:29:52 INFO  User:12 - Added new Admin:@4 Bob
2019-08-11 10:29:52 INFO  User:12 - Added new employee:#5 Rob
2019-08-11 10:29:52 INFO  User:16 - Added new Customer:fullMetal Edward
2019-08-11 10:29:52 INFO  User:12 - Added new employee:#0 Abaddon
2019-08-11 10:29:52 INFO  User:12 - Added new employee:#0 Abaddon
2019-08-11 10:29:52 INFO  User:12 - Added new Admin:@4 Bob
2019-08-11 10:29:52 INFO  User:12 - Added new employee:#5 Rob
2019-08-11 10:29:52 INFO  User:16 - Added new Customer:fullMetal Edward
2019-08-11 10:29:53 INFO  User:12 - Added new Admin:@4 Bob
2019-08-11 10:29:53 INFO  User:12 - Added new employee:#5 Rob
2019-08-11 10:29:53 INFO  User:16 - Added new Customer:fullMetal Edward
2019-08-11 10:29:53 INFO  User:12 - Added new Admin:@4 Bob
2019-08-11 10:29:54 INFO  User:12 - Added new employee:#5 Rob
2019-08-11 10:29:54 INFO  User:16 - Added new Customer:fullMetal Edward
2019-08-11 10:29:54 INFO  User:12 - Added new Admin:@4 Bob
2019-08-11 10:29:54 INFO  User:12 - Added new employee:#5 Rob
2019-08-11 10:29:54 INFO  User:16 - Added new Customer:fullMetal Edward
2019-08-11 10:29:54 INFO  User:12 - Added new Admin:@4 Bob
2019-08-11 10:29:54 INFO  User:12 - Added new employee:#5 Rob
2019-08-11 10:29:54 INFO  User:16 - Added new Customer:fullMetal Edward
2019-08-11 10:29:55 INFO  User:12 - Added new Admin:@4 Bob
2019-08-11 10:29:55 INFO  User:12 - Added new employee:#5 Rob
2019-08-11 10:29:55 INFO  User:16 - Added new Customer:fullMetal Edward
2019-08-11 10:29:55 INFO  User:12 - Added new Admin:@4 Bob
2019-08-11 10:29:55 INFO  User:12 - Added new employee:#5 Rob
2019-08-11 10:29:55 INFO  User:16 - Added new Customer:fullMetal Edward
2019-08-11 10:29:56 INFO  User:12 - Added new Admin:@4 Bob
2019-08-11 10:29:56 INFO  User:12 - Added new employee:#5 Rob
2019-08-11 10:29:56 INFO  User:16 - Added new Customer:fullMetal Edward
2019-08-11 10:29:58 INFO  User:12 - Added new Admin:@4 Bob
2019-08-11 10:29:58 INFO  User:12 - Added new employee:#5 Rob
2019-08-11 10:29:58 INFO  User:16 - Added new Customer:fullMetal Edward
2019-08-11 10:29:58 INFO  User:12 - Added new Admin:@4 Bob
2019-08-11 10:29:58 INFO  User:12 - Added new employee:#5 Rob
2019-08-11 10:29:58 INFO  User:16 - Added new Customer:fullMetal Edward
2019-08-11 10:30:00 INFO  User:12 - Added new Admin:@4 Bob
2019-08-11 10:30:00 INFO  User:12 - Added new employee:#5 Rob
2019-08-11 10:30:00 INFO  User:16 - Added new Customer:fullMetal Edward
2019-08-11 10:32:36 INFO  User:12 - Added new Admin:@4 Bob
2019-08-11 10:32:36 INFO  User:12 - Added new employee:#5 Rob
2019-08-11 10:32:36 INFO  User:16 - Added new Customer:fullMetal Edward
2019-08-11 10:32:39 INFO  User:12 - Added new Admin:@4 Bob
2019-08-11 10:32:39 INFO  User:12 - Added new employee:#5 Rob
2019-08-11 10:32:39 INFO  User:16 - Added new Customer:fullMetal Edward
2019-08-11 10:32:41 INFO  User:12 - Added new Admin:@4 Bob
2019-08-11 10:32:41 INFO  User:12 - Added new employee:#5 Rob
2019-08-11 10:32:41 INFO  User:16 - Added new Customer:fullMetal Edward
2019-08-11 10:32:42 INFO  User:12 - Added new Admin:@4 Bob
2019-08-11 10:32:42 INFO  User:12 - Added new employee:#5 Rob
2019-08-11 10:32:42 INFO  User:16 - Added new Customer:fullMetal Edward
2019-08-11 10:32:43 INFO  User:12 - Added new Admin:@4 Bob
2019-08-11 10:32:43 INFO  User:12 - Added new employee:#5 Rob
2019-08-11 10:32:43 INFO  User:16 - Added new Customer:fullMetal Edward
2019-08-11 10:32:45 INFO  User:12 - Added new Admin:@4 Bob
2019-08-11 10:32:45 INFO  User:12 - Added new employee:#5 Rob
2019-08-11 10:32:45 INFO  User:16 - Added new Customer:fullMetal Edward
2019-08-11 10:32:46 INFO  User:12 - Added new Admin:@4 Bob
2019-08-11 10:32:46 INFO  User:12 - Added new employee:#5 Rob
2019-08-11 10:32:46 INFO  User:16 - Added new Customer:fullMetal Edward
2019-08-11 10:32:47 INFO  User:12 - Added new Admin:@4 Bob
2019-08-11 10:32:47 INFO  User:12 - Added new employee:#5 Rob
2019-08-11 10:32:47 INFO  User:16 - Added new Customer:fullMetal Edward
2019-08-11 10:32:49 INFO  User:12 - Added new Admin:@4 Bob
2019-08-11 10:32:49 INFO  User:12 - Added new employee:#5 Rob
2019-08-11 10:32:49 INFO  User:16 - Added new Customer:fullMetal Edward
2019-08-11 10:32:50 INFO  User:12 - Added new Admin:@0 Abaddon
2019-08-11 10:32:50 INFO  User:12 - Added new Admin:@0 Abaddon
2019-08-11 10:32:51 INFO  User:12 - Added new Admin:@4 Bob
2019-08-11 10:32:51 INFO  User:12 - Added new employee:#5 Rob
2019-08-11 10:32:51 INFO  User:16 - Added new Customer:fullMetal Edward
2019-08-11 10:32:52 INFO  User:12 - Added new Admin:@4 Bob
2019-08-11 10:32:52 INFO  User:12 - Added new employee:#5 Rob
2019-08-11 10:32:52 INFO  User:16 - Added new Customer:fullMetal Edward
2019-08-11 10:32:53 INFO  User:12 - Added new employee:#0 Abaddon
2019-08-11 10:32:53 INFO  User:12 - Added new employee:#0 Abaddon
2019-08-11 10:32:53 INFO  User:12 - Added new Admin:@4 Bob
2019-08-11 10:32:53 INFO  User:12 - Added new employee:#5 Rob
2019-08-11 10:32:53 INFO  User:16 - Added new Customer:fullMetal Edward
2019-08-11 10:32:55 INFO  User:12 - Added new Admin:@4 Bob
2019-08-11 10:32:55 INFO  User:12 - Added new employee:#5 Rob
2019-08-11 10:32:55 INFO  User:16 - Added new Customer:fullMetal Edward
2019-08-11 10:32:56 INFO  User:12 - Added new Admin:@4 Bob
2019-08-11 10:32:56 INFO  User:12 - Added new employee:#5 Rob
2019-08-11 10:32:56 INFO  User:16 - Added new Customer:fullMetal Edward
2019-08-11 10:32:57 INFO  User:12 - Added new Admin:@4 Bob
2019-08-11 10:32:57 INFO  User:12 - Added new employee:#5 Rob
2019-08-11 10:32:57 INFO  User:16 - Added new Customer:fullMetal Edward
2019-08-11 10:32:58 INFO  User:12 - Added new Admin:@4 Bob
2019-08-11 10:32:58 INFO  User:12 - Added new employee:#5 Rob
2019-08-11 10:32:58 INFO  User:16 - Added new Customer:fullMetal Edward
2019-08-11 10:32:59 INFO  User:12 - Added new Admin:@4 Bob
2019-08-11 10:32:59 INFO  User:12 - Added new employee:#5 Rob
2019-08-11 10:32:59 INFO  User:16 - Added new Customer:fullMetal Edward
2019-08-11 10:33:00 INFO  User:12 - Added new Admin:@4 Bob
2019-08-11 10:33:00 INFO  User:12 - Added new employee:#5 Rob
2019-08-11 10:33:00 INFO  User:16 - Added new Customer:fullMetal Edward
2019-08-11 10:33:02 INFO  User:12 - Added new Admin:@4 Bob
2019-08-11 10:33:02 INFO  User:12 - Added new employee:#5 Rob
2019-08-11 10:33:02 INFO  User:16 - Added new Customer:fullMetal Edward
2019-08-11 10:33:13 INFO  User:12 - Added new Admin:@4 Bob
2019-08-11 10:33:13 INFO  User:12 - Added new employee:#5 Rob
2019-08-11 10:33:13 INFO  User:16 - Added new Customer:fullMetal Edward
2019-08-11 10:33:25 INFO  User:12 - Added new Admin:@4 Bob
2019-08-11 10:33:25 INFO  User:12 - Added new employee:#5 Rob
2019-08-11 10:33:25 INFO  User:16 - Added new Customer:fullMetal Edward
2019-08-11 10:50:41 INFO  User:12 - Added new Admin:@0 Devon
2019-08-11 10:50:52 INFO  Account:82 - Devon signed in.
2019-08-11 10:50:52 INFO  User:12 - Added new Admin:@0 Devon
2019-08-11 10:53:58 INFO  User:16 - Added new Customer:Vandal James Stevenson
2019-08-11 10:54:12 INFO  Account:82 - James Stevenson signed in.
2019-08-11 10:54:13 INFO  User:21 - Added new Customer:Vandal James Stevenson
2019-08-11 10:55:16 INFO  User:65 - James Stevenson signed out.
2019-08-11 10:55:20 INFO  Account:82 - Devon signed in.
2019-08-11 10:55:20 INFO  User:12 - Added new Admin:@0 Devon
2019-08-11 10:55:28 INFO  User:65 - Devon signed out.
2019-08-11 10:55:40 INFO  Account:82 - James Stevenson signed in.
2019-08-11 10:55:40 INFO  User:21 - Added new Customer:Vandal James Stevenson
2019-08-11 10:55:57 INFO  User:65 - James Stevenson signed out.
2019-08-11 10:56:14 INFO  Account:82 - James Stevenson signed in.
2019-08-11 10:56:14 INFO  User:21 - Added new Customer:Vandal James Stevenson
2019-08-11 10:56:32 INFO  User:65 - James Stevenson signed out.
2019-08-11 10:57:24 INFO  Account:82 - Devon signed in.
2019-08-11 10:57:24 INFO  User:12 - Added new Admin:@0 Devon
2019-08-11 10:58:55 INFO  Account:82 - Devon signed in.
2019-08-11 10:58:55 INFO  User:12 - Added new Admin:@0 Devon
2019-08-11 10:59:45 INFO  Account:104 - Account Checking1000Approved by Devon
2019-08-11 10:59:47 INFO  Account:238 - Devon approved account: banking.application.Account@27c6e487
2019-08-11 11:00:23 INFO  User:65 - Devon signed out.
2019-08-11 11:05:59 INFO  Account:82 - James Stevenson signed in.
2019-08-11 11:06:00 INFO  User:21 - Added new Customer:Vandal James Stevenson
2019-08-11 11:06:10 INFO  User:65 - James Stevenson signed out.
2019-08-11 11:06:14 INFO  Account:82 - Devon signed in.
2019-08-11 11:06:15 INFO  User:12 - Added new Admin:@0 Devon
2019-08-11 11:06:46 INFO  User:65 - Devon signed out.
2019-08-11 11:08:15 INFO  User:16 - Added new Customer:Inferno Uri Heim
2019-08-11 11:08:43 INFO  Account:82 - Uri Heim signed in.
2019-08-11 11:08:44 INFO  User:21 - Added new Customer:Inferno Uri Heim
2019-08-11 11:09:27 INFO  User:21 - Added new Customer:Vandal James Stevenson
2019-08-11 11:09:36 INFO  User:65 - Uri Heim signed out.
2019-08-11 11:09:40 INFO  Account:82 - Devon signed in.
2019-08-11 11:09:41 INFO  User:12 - Added new Admin:@0 Devon
2019-08-11 11:10:56 INFO  User:65 - Devon signed out.
2019-08-11 11:45:51 INFO  Account:84 - James Stevenson signed in.
2019-08-11 11:45:51 INFO  User:21 - Added new Customer:Vandal James Stevenson
2019-08-11 11:47:34 INFO  User:21 - Added new Customer:Inferno Uri Heim
2019-08-11 11:55:01 INFO  Account:84 - James Stevenson signed in.
2019-08-11 11:55:02 INFO  User:21 - Added new Customer:Vandal James Stevenson
2019-08-11 11:56:35 INFO  Account:84 - James Stevenson signed in.
2019-08-11 11:56:35 INFO  User:21 - Added new Customer:Vandal James Stevenson
2019-08-11 11:58:04 INFO  Account:84 - Uri Heim signed in.
2019-08-11 11:58:04 INFO  User:21 - Added new Customer:Inferno Uri Heim
2019-08-11 11:58:47 INFO  User:21 - Added new Customer:Vandal James Stevenson
2019-08-11 11:58:56 INFO  User:65 - Uri Heim signed out.
2019-08-11 11:59:01 INFO  Account:84 - James Stevenson signed in.
2019-08-11 11:59:01 INFO  User:21 - Added new Customer:Vandal James Stevenson
2019-08-11 12:02:47 INFO  Account:84 - Uri Heim signed in.
2019-08-11 12:02:48 INFO  User:21 - Added new Customer:Inferno Uri Heim
2019-08-11 12:08:35 INFO  Account:84 - Uri Heim signed in.
2019-08-11 12:08:36 INFO  User:21 - Added new Customer:Inferno Uri Heim
2019-08-11 12:12:17 INFO  Account:84 - Uri Heim signed in.
2019-08-11 12:12:18 INFO  User:21 - Added new Customer:Inferno Uri Heim
2019-08-11 12:12:49 INFO  User:21 - Added new Customer:Vandal James Stevenson
2019-08-11 12:12:55 INFO  User:65 - Uri Heim signed out.
2019-08-11 12:13:02 INFO  Account:84 - James Stevenson signed in.
2019-08-11 12:13:02 INFO  User:21 - Added new Customer:Vandal James Stevenson
2019-08-11 12:17:03 INFO  Account:84 - Uri Heim signed in.
2019-08-11 12:17:04 INFO  User:21 - Added new Customer:Inferno Uri Heim
2019-08-11 12:17:32 INFO  User:21 - Added new Customer:Vandal James Stevenson
2019-08-11 12:17:40 INFO  User:65 - Uri Heim signed out.
2019-08-11 12:17:46 INFO  Account:84 - James Stevenson signed in.
2019-08-11 12:17:46 INFO  User:21 - Added new Customer:Vandal James Stevenson
2019-08-11 12:17:58 INFO  User:65 - James Stevenson signed out.
2019-08-11 12:18:02 INFO  Account:84 - Devon signed in.
2019-08-11 12:18:02 INFO  User:12 - Added new Admin:@0 Devon
2019-08-11 12:18:31 INFO  Account:102 - Account Saving1000Approved by Devon
2019-08-11 12:18:32 INFO  Account:240 - Devon approved account: banking.application.Account@221af3c0
2019-08-11 12:18:35 INFO  User:65 - Devon signed out.
2019-08-11 12:18:48 INFO  Account:84 - James Stevenson signed in.
2019-08-11 12:18:49 INFO  User:21 - Added new Customer:Vandal James Stevenson
2019-08-11 12:21:14 INFO  User:65 - James Stevenson signed out.
2019-08-11 12:21:19 INFO  Account:84 - Devon signed in.
2019-08-11 12:21:19 INFO  User:12 - Added new Admin:@0 Devon
2019-08-11 12:21:41 INFO  User:65 - Devon signed out.
2019-08-11 12:28:10 INFO  Account:84 - Uri Heim signed in.
2019-08-11 12:28:11 INFO  User:21 - Added new Customer:Inferno Uri Heim
2019-08-11 12:28:37 INFO  User:21 - Added new Customer:Vandal James Stevenson
2019-08-11 12:28:43 INFO  User:65 - Uri Heim signed out.
2019-08-11 12:28:50 INFO  Account:84 - Devon signed in.
2019-08-11 12:28:50 INFO  User:12 - Added new Admin:@0 Devon
2019-08-11 12:29:23 INFO  User:65 - Devon signed out.
2019-08-11 12:29:29 INFO  Account:84 - James Stevenson signed in.
2019-08-11 12:29:29 INFO  User:21 - Added new Customer:Vandal James Stevenson
2019-08-11 12:30:15 INFO  User:65 - James Stevenson signed out.
2019-08-11 12:30:54 INFO  Account:84 - Devon signed in.
2019-08-11 12:30:55 INFO  User:12 - Added new Admin:@0 Devon
2019-08-11 12:31:14 INFO  User:65 - Devon signed out.
2019-08-11 12:35:46 INFO  Account:84 - James Stevenson signed in.
2019-08-11 12:35:46 INFO  User:21 - Added new Customer:Vandal James Stevenson
2019-08-11 12:36:44 INFO  User:65 - James Stevenson signed out.
2019-08-11 12:36:48 INFO  Account:84 - Devon signed in.
2019-08-11 12:36:49 INFO  User:12 - Added new Admin:@0 Devon
2019-08-11 12:45:57 INFO  Account:84 - Uri Heim signed in.
2019-08-11 12:45:58 INFO  User:21 - Added new Customer:Inferno Uri Heim
2019-08-11 12:47:05 INFO  User:21 - Added new Customer:Vandal James Stevenson
2019-08-11 12:47:17 INFO  User:65 - Uri Heim signed out.
2019-08-11 12:47:24 INFO  Account:84 - James Stevenson signed in.
2019-08-11 12:47:25 INFO  User:21 - Added new Customer:Vandal James Stevenson
2019-08-11 12:48:24 INFO  User:65 - James Stevenson signed out.
2019-08-11 12:48:28 INFO  Account:84 - Devon signed in.
2019-08-11 12:48:28 INFO  User:12 - Added new Admin:@0 Devon
2019-08-11 15:12:09 INFO  Account:82 - Devon signed in.
2019-08-11 15:12:09 INFO  User:12 - Added new Admin:@0 Devon
2019-08-11 15:12:19 INFO  User:65 - Devon signed out.
2019-08-11 15:12:54 INFO  Account:82 - Uri Heim signed in.
2019-08-11 15:12:55 INFO  User:21 - Added new Customer:Inferno Uri Heim
2019-08-11 15:33:33 INFO  Account:82 - Uri Heim signed in.
2019-08-11 15:34:12 INFO  Account:30 - Account Saving0Opened.
	Balance: $68000.0
2019-08-11 15:34:35 INFO  User:65 - Uri Heim signed out.
2019-08-11 15:34:50 INFO  Account:82 - James Stevenson signed in.
2019-08-11 15:35:06 INFO  User:65 - James Stevenson signed out.
2019-08-11 15:35:10 INFO  Account:82 - Devon signed in.
2019-08-11 15:51:16 INFO  Account:82 - Uri Heim signed in.
2019-08-11 15:51:37 INFO  Account:30 - Account Saving0Opened.
	Balance: $68000.0
2019-08-11 15:53:05 INFO  Account:82 - James Stevenson signed in.
2019-08-11 15:53:20 INFO  Account:30 - Account Saving0Opened.
	Balance: $65.59
2019-08-11 15:53:28 INFO  User:65 - James Stevenson signed out.
2019-08-11 16:01:20 INFO  Account:82 - James Stevenson signed in.
2019-08-11 16:01:48 INFO  Account:30 - Account Checking0Opened.
	Balance: $666.32
2019-08-11 16:08:19 INFO  Account:82 - James Stevenson signed in.
2019-08-11 16:08:39 INFO  Account:30 - Account Checking0Opened.
	Balance: $666.58
2019-08-11 16:34:52 INFO  Account:83 - Devon signed in.
2019-08-11 16:35:17 INFO  Account:100 - Account Checking1001Approved by Devon
2019-08-11 16:35:18 INFO  Account:239 - Devon approved account: banking.application.Account@442675e1
2019-08-11 16:35:41 INFO  User:65 - Devon signed out.
2019-08-11 16:35:51 INFO  Account:83 - Uri Heim signed in.
2019-08-11 16:37:37 INFO  Account:30 - Account Saving0Opened.
	Balance: $68000.0
2019-08-11 16:39:13 INFO  User:65 - Uri Heim signed out.
2019-08-11 16:39:18 INFO  Account:83 - James Stevenson signed in.
2019-08-11 16:39:38 INFO  User:65 - James Stevenson signed out.
2019-08-11 16:43:45 INFO  Account:82 - Devon signed in.
2019-08-11 16:49:58 INFO  Account:82 - Devon signed in.
2019-08-11 16:50:45 INFO  User:65 - Devon signed out.
2019-08-11 16:50:54 INFO  Account:82 - James Stevenson signed in.
2019-08-11 16:53:21 INFO  User:65 - James Stevenson signed out.
2019-08-11 16:53:44 INFO  Account:82 - Devon signed in.
2019-08-11 16:54:06 INFO  User:65 - Devon signed out.
2019-08-11 16:54:12 INFO  Account:82 - James Stevenson signed in.
2019-08-11 16:54:51 INFO  Account:30 - Account Personal Saving0Opened.
	Balance: $980.54
2019-08-11 16:55:08 INFO  User:65 - James Stevenson signed out.
2019-08-11 16:55:13 INFO  Account:82 - Devon signed in.
2019-08-11 16:56:01 INFO  Account:107 - Account Personal Saving1003Approved by Devon
2019-08-11 16:56:02 INFO  Account:238 - Devon approved account: banking.application.Account@23a5fd2
2019-08-11 16:56:17 INFO  Account:107 - Account Saving1002Approved by Devon
2019-08-11 16:56:18 INFO  Account:238 - Devon approved account: banking.application.Account@7364985f
2019-08-11 16:56:20 INFO  User:65 - Devon signed out.
2019-08-11 16:56:28 INFO  Account:82 - James Stevenson signed in.
2019-08-11 16:57:38 INFO  User:65 - James Stevenson signed out.
2019-08-11 16:57:48 INFO  Account:82 - Uri Heim signed in.
2019-08-11 16:58:06 INFO  User:65 - Uri Heim signed out.
2019-08-11 17:01:35 INFO  Account:82 - James Stevenson signed in.
2019-08-11 18:49:34 INFO  Account:82 - James Stevenson signed in.
2019-08-11 18:50:06 INFO  User:65 - James Stevenson signed out.
2019-08-11 18:51:59 INFO  Account:82 - Devon signed in.
2019-08-11 18:52:27 INFO  User:65 - Devon signed out.
2019-08-11 18:52:32 INFO  Account:82 - Uri Heim signed in.
2019-08-11 18:52:47 INFO  User:65 - Uri Heim signed out.
2019-08-11 18:53:08 INFO  Account:82 - James Stevenson signed in.
2019-08-11 18:54:50 INFO  User:65 - James Stevenson signed out.
2019-08-11 18:58:04 INFO  Account:82 - James Stevenson signed in.
2019-08-11 18:58:56 INFO  Account:82 - Uri Heim signed in.
2019-08-11 19:02:22 INFO  Account:82 - James Stevenson signed in.
2019-08-11 19:05:02 INFO  Account:82 - James Stevenson signed in.
2019-08-11 20:53:45 INFO  Account:82 - James Stevenson signed in.
2019-08-11 22:28:10 INFO  Account:82 - James Stevenson signed in.
2019-08-11 22:29:42 INFO  Account:82 - James Stevenson signed in.
2019-08-11 22:32:10 INFO  Account:82 - James Stevenson signed in.
2019-08-11 22:32:30 INFO  User:65 - James Stevenson signed out.
2019-08-12 09:42:07 INFO  Account:87 - Devon signed in.
2019-08-12 09:43:19 INFO  Account:87 - Devon signed in.
2019-08-12 09:44:17 INFO  Account:163 - Devon withdrew $1000.0 from account Saving1002.
	Balance: $67000.0
2019-08-12 09:44:28 INFO  User:65 - Devon signed out.
2019-08-12 09:44:39 INFO  Account:87 - Uri Heim signed in.
2019-08-12 09:45:53 INFO  Account:87 - Uri Heim signed in.
2019-08-12 09:46:29 INFO  User:65 - Uri Heim signed out.
2019-08-12 09:52:01 INFO  Account:87 - Uri Heim signed in.
2019-08-12 10:02:14 INFO  Account:87 - Uri Heim signed in.
2019-08-12 10:03:57 INFO  Account:162 - Uri Heim withdrew $1500.0 from account Saving1002.
	Balance: $65500.0
2019-08-12 10:03:59 INFO  Account:135 - Deposited $1500.0 into account Checking1001.
	Balance: $2166.58
2019-08-12 10:03:59 INFO  Account:218 - Uri Heim transferred $1500.0 from account Saving1002to account 10011001.
2019-08-12 10:04:07 INFO  Account:135 - Deposited $2500.0 into account Saving1002.
	Balance: $68000.0
2019-08-12 10:04:36 INFO  Account:30 - Account Personal Checking0Opened.
	Balance: $4500.0
2019-08-12 10:11:54 INFO  Account:87 - Uri Heim signed in.
2019-08-12 10:12:39 INFO  Account:30 - Account Joint Saving0Opened.
	Balance: $68000.0
2019-08-12 10:18:42 INFO  Account:87 - Devon signed in.
2019-08-12 10:21:57 INFO  Account:87 - Devon signed in.
2019-08-12 10:22:17 INFO  User:65 - Devon signed out.
2019-08-12 10:22:24 INFO  Account:87 - Uri Heim signed in.
2019-08-12 10:23:12 INFO  Account:25 - Account Joint Savings0Opened.
	Balance: $68000.42
2019-08-12 11:22:03 INFO  Account:87 - Uri Heim signed in.
2019-08-12 11:22:47 INFO  Account:25 - Account Joint Saving0Opened.
	Balance: $68000.0
2019-08-12 11:46:00 INFO  Account:82 - Uri Heim signed in.
2019-08-12 11:48:44 INFO  Account:82 - Uri Heim signed in.
2019-08-12 11:52:29 INFO  Account:82 - Uri Heim signed in.
2019-08-12 11:52:52 INFO  Account:25 - Account Joint Saving0Opened.
	Balance: $68000.78
2019-08-12 12:50:06 INFO  Account:82 - Uri Heim signed in.
2019-08-12 12:50:52 INFO  Account:25 - Account Joint Checking0Opened.
	Balance: $68000.78
2019-08-12 12:52:20 INFO  User:67 - Uri Heim signed out.
2019-08-12 12:52:26 INFO  Account:82 - James Stevenson signed in.
2019-08-12 12:54:20 INFO  Account:82 - James Stevenson signed in.
2019-08-12 12:54:52 INFO  Account:25 - Account Personal Checking0Opened.
	Balance: $666.48
2019-08-12 12:55:04 INFO  User:67 - James Stevenson signed out.
2019-08-12 12:55:17 INFO  Account:82 - Devon signed in.
2019-08-12 12:55:26 INFO  User:67 - Devon signed out.
2019-08-12 12:55:31 INFO  Account:82 - Uri Heim signed in.
2019-08-12 12:55:43 INFO  User:67 - Uri Heim signed out.
2019-08-12 12:55:51 INFO  Account:82 - Devon signed in.
2019-08-12 12:56:31 INFO  Account:101 - Account Personal Checking1023Approved by Devon
2019-08-12 13:00:59 INFO  Account:101 - Account Joint Checking1022Approved by Devon
2019-08-12 13:01:01 INFO  User:67 - Devon signed out.
2019-08-12 13:01:09 INFO  Account:82 - James Stevenson signed in.
2019-08-12 13:01:32 INFO  Account:163 - James Stevenson attempted to withdraw $5989.0 from account Personal Checking1023.
	Balance: $666.48
2019-08-12 13:01:48 INFO  Account:157 - James Stevenson withdrew $65.48 from account Personal Checking1023.
	Balance: $601.0
2019-08-12 13:02:24 INFO  Account:130 - Deposited $78.0 into account Personal Checking1023.
	Balance: $679.0
2019-08-12 13:11:19 INFO  Account:82 - James Stevenson signed in.
2019-08-12 13:12:39 INFO  Account:82 - James Stevenson signed in.
2019-08-12 13:13:28 INFO  Account:157 - James Stevenson withdrew $679.0 from account Personal Checking1023.
	Balance: $0.0
2019-08-12 13:13:29 INFO  Account:130 - Deposited $679.0 into account Joint Checking1022.
	Balance: $68679.78
2019-08-12 13:13:29 INFO  Account:212 - James Stevenson transferred $679.0 from account Personal Checking1023to account 10221022.
2019-08-12 13:13:39 INFO  User:67 - James Stevenson signed out.
2019-08-12 13:13:50 INFO  Account:82 - Devon signed in.
2019-08-12 13:14:13 INFO  Account:249 - Devon denied account: banking.application.Account@23a5fd2
2019-08-12 13:14:29 INFO  User:67 - Devon signed out.
2019-08-12 13:14:36 INFO  Account:82 - James Stevenson signed in.
2019-08-12 13:14:57 INFO  User:67 - James Stevenson signed out.
2019-08-12 13:24:14 INFO  User:15 - Added new Customer:Alexshade Alexander
2019-08-12 13:24:39 INFO  Account:82 - Alexander signed in.
2019-08-12 13:25:21 INFO  Account:25 - Account Alex0Opened.
	Balance: $500.0
2019-08-12 13:25:32 INFO  User:67 - Alexander signed out.
2019-08-12 13:25:36 INFO  Account:82 - Devon signed in.
2019-08-12 13:25:55 INFO  Account:101 - Account Alex1024Approved by Devon
2019-08-12 13:25:58 INFO  User:67 - Devon signed out.
2019-08-12 13:26:11 INFO  Account:82 - Alexander signed in.
2019-08-12 13:26:41 INFO  User:67 - Alexander signed out.
2019-08-12 13:27:29 INFO  Account:82 - Devon signed in.
2019-08-12 13:28:02 INFO  User:16 - Added new employee:#4 Jessica Sanchez
2019-08-12 13:28:07 INFO  User:67 - Devon signed out.
2019-08-12 13:28:13 INFO  Account:82 - Jessica Sanchez signed in.
2019-08-12 13:28:28 INFO  User:67 - Jessica Sanchez signed out.
2019-08-12 13:47:22 INFO  User:16 - Added new Admin:@0 Abaddon
2019-08-12 13:47:24 INFO  User:16 - Added new employee:#0 Abaddon
2019-08-12 15:59:19 INFO  Account:84 - Devon signed in.
2019-08-12 16:00:06 INFO  User:16 - Added new Admin:@5 Azareth
2019-08-12 16:00:12 INFO  User:67 - Devon signed out.
2019-08-12 16:00:26 INFO  Account:84 - Jessica Sanchez signed in.
2019-08-12 16:00:34 INFO  User:67 - Jessica Sanchez signed out.
2019-08-12 16:00:38 INFO  Account:84 - Azareth signed in.
2019-08-12 16:00:43 INFO  User:67 - Azareth signed out.
2019-08-12 16:22:14 INFO  User:15 - Added new Customer:Frost gfdsajf asdgsadjbf
2019-08-12 16:22:47 INFO  Account:84 - gfdsajf asdgsadjbf signed in.
2019-08-12 16:28:04 INFO  Account:84 - gfdsajf asdgsadjbf signed in.
2019-08-13 08:54:55 INFO  Account:84 - gfdsajf asdgsadjbf signed in.
2019-08-13 08:59:11 INFO  Account:84 - gfdsajf asdgsadjbf signed in.
2019-08-13 09:01:29 INFO  Account:84 - gfdsajf asdgsadjbf signed in.
2019-08-13 09:02:30 INFO  User:69 - Eliza Heim signed out.
2019-08-13 09:02:36 INFO  Account:84 - Eliza Heim signed in.
2019-08-13 09:03:23 INFO  User:69 - Eliza Heim signed out.
2019-08-13 09:03:32 INFO  Account:84 - Devon signed in.
2019-08-13 09:04:01 INFO  User:69 - Devon James Virden signed out.
