Samout013signed in
Hello
signed in
Samout013signed in 2019-08-31 21:34:02.682
Samout013signed in 2019-08-31 22:08:15.499
LopezR013signed in 2019-09-01 16:25:10.62
LopezR013signed in 2019-09-01 16:26:52.549
LopezR013signed in 2019-09-01 16:28:47.961
LopezR013signed in 2019-09-01 16:30:13.341
LopezR013signed in 2019-09-01 16:40:18.153
LopezR013signed in 2019-09-01 16:48:58.925
LopezR013signed in 2019-09-01 17:08:30.693
LopezR013signed in 2019-09-01 17:09:07.26
LopezR013signed in 2019-09-01 17:09:53.68
LopezR013signed in 2019-09-01 17:10:23.867
LopezR013signed in 2019-09-01 17:12:58.915
LopezR013signed in 2019-09-01 17:17:45.223
LopezR013signed in 2019-09-01 17:18:26.192
LopezR013signed in 2019-09-01 17:18:57.643
LopezR013signed in 2019-09-01 17:19:50.458
LopezR013signed in 2019-09-01 17:30:58.602
LopezR013signed in 2019-09-01 17:31:33.734
LopezR013signed in 2019-09-01 17:33:24.03
LopezR013signed in 2019-09-01 17:38:54.791
LopezR013signed in 2019-09-01 17:40:10.176
LopezR013signed in 2019-09-01 17:40:58.868
LopezR013signed in 2019-09-01 17:42:20.622
LopezR013signed in 2019-09-01 17:43:07.135
LopezR013signed in 2019-09-01 17:43:15.811
LopezR013signed in 2019-09-01 17:44:28.273
LopezR013signed in 2019-09-01 17:44:45.27
LopezR013signed in 2019-09-01 17:45:04.824
LopezR013signed in 2019-09-01 17:45:40.779
LopezR013signed in 2019-09-01 17:45:57.706
LopezR013signed in 2019-09-01 17:46:28.345
LopezR013signed in 2019-09-01 17:46:50.971
LopezR013signed in 2019-09-01 17:47:12.419
LopezR013signed in 2019-09-01 17:49:04.484
LopezR013signed in 2019-09-01 17:49:31.889
LopezR013signed in 2019-09-01 17:52:49.557
LopezR013signed in 2019-09-01 17:53:57.681
LopezR013signed in 2019-09-01 17:54:08.555
LopezR013signed in 2019-09-01 17:54:46.595
LopezR013signed in 2019-09-01 17:55:09.691
LopezR013signed in 2019-09-01 17:55:24.296
LopezR013signed in 2019-09-01 17:55:39.364
LopezR013signed in 2019-09-01 17:55:51.76
LopezR013signed in 2019-09-01 17:56:53.281
LopezR013signed in 2019-09-01 17:57:07.845
LopezR013signed in 2019-09-01 17:57:21.138
LopezR013signed in 2019-09-01 18:00:04.533
Samout013signed in 2019-09-01 18:05:02.213
Samout013signed in 2019-09-01 18:06:09.611
Samout013signed in 2019-09-01 18:06:50.369
Samout013signed in 2019-09-01 18:07:26.268
Samout013signed in 2019-09-01 18:07:51.314
Samout013signed in 2019-09-01 18:08:59.195
Samout013signed in 2019-09-01 18:11:07.113
Samout013signed in 2019-09-01 18:11:45.084
Samout013signed in 2019-09-01 18:12:44.058
Samout013signed in 2019-09-01 18:21:53.733
Samout013signed in 2019-09-01 18:29:30.581
Samout013signed in 2019-09-01 18:35:14.845
LopezR013signed in 2019-09-01 18:35:44.208
LopezR013signed in 2019-09-01 18:36:09.365
LopezR013signed in 2019-09-01 18:37:20.654
LopezR013signed in 2019-09-01 18:37:35.664
LopezR013signed in 2019-09-01 18:37:48.177
LopezR013signed in 2019-09-01 18:38:04.186
Samout013signed in 2019-09-01 19:44:03.297
Samout013signed in 2019-09-01 19:44:19.397
LopezR013signed in 2019-09-01 19:44:30.6
Samout013signed in 2019-09-01 19:45:10.653
LopezR013signed in 2019-09-01 19:56:06.551
LopezR013signed in 2019-09-01 20:07:00.555
Samout013signed in 2019-09-01 20:09:37.799
LopezR013signed in 2019-09-01 20:10:33.615
