2019-08-04 21:29:35 INFO  CustomerDAOImpl:41 - 0.0 was withdrawn from [barton]'s Account
2019-08-04 21:29:35 INFO  CustomerDAOImpl:53 - 50.0 was deposited into [barton]'s Account
2019-08-04 21:29:35 INFO  CustomerDAOImpl:69 - 50.0 was withdrawn from [barton] and depositied into [lester]
2019-08-04 21:30:10 INFO  CustomerDAOImpl:41 - 0.0 was withdrawn from [barton]'s Account
2019-08-04 21:30:10 INFO  CustomerDAOImpl:53 - 50.0 was deposited into [barton]'s Account
2019-08-04 21:30:10 INFO  CustomerDAOImpl:69 - 50.0 was withdrawn from [barton] and depositied into [lester]
2019-08-04 21:30:35 INFO  CustomerDAOImpl:41 - 0.0 was withdrawn from [barton]'s Account
2019-08-04 21:30:35 INFO  CustomerDAOImpl:53 - 50.0 was deposited into [barton]'s Account
2019-08-04 21:30:35 INFO  CustomerDAOImpl:69 - 50.0 was withdrawn from [barton] and depositied into [lester]
2019-08-04 21:33:23 INFO  CustomerDAOImpl:53 - 200.0 was deposited into [barton, stacy]'s Account
2019-08-04 21:34:01 INFO  CustomerDAOImpl:41 - 100.0 was withdrawn from [barton, stacy]'s Account
2019-08-04 21:36:10 INFO  CustomerDAOImpl:53 - 100.0 was deposited into [barton, stacy]'s Account
2019-08-04 21:40:35 INFO  CustomerDAOImpl:41 - 50.0 was withdrawn from [barton, stacy]'s Account
2019-08-04 21:49:54 INFO  CustomerDAOImpl:69 - 20.0 was withdrawn from [barton, stacy] and depositied into [lester]
2019-08-05 07:03:33 INFO  CustomerDAOImpl:54 - 100.0 was deposited into [barton, stacy]'s Account
2019-08-05 07:05:23 INFO  CustomerDAOImpl:54 - 100.0 was deposited into [barton]'s Account
2019-08-05 07:05:23 INFO  CustomerDAOImpl:41 - 50.0 was withdrawn from [barton]'s Account
2019-08-05 07:05:23 INFO  CustomerDAOImpl:54 - 50.0 was deposited into [barton]'s Account
2019-08-05 07:05:23 INFO  CustomerDAOImpl:71 - 50.0 was withdrawn from [barton] and depositied into [lester]
2019-08-05 07:08:10 INFO  CustomerDAOImpl:54 - 100.0 was deposited into [test]'s Account
2019-08-05 07:08:10 INFO  CustomerDAOImpl:41 - 50.0 was withdrawn from [test]'s Account
2019-08-05 07:08:10 INFO  CustomerDAOImpl:54 - 50.0 was deposited into [test]'s Account
2019-08-05 07:08:10 INFO  CustomerDAOImpl:71 - 50.0 was withdrawn from [test] and depositied into [lester]
2019-08-05 07:08:31 INFO  CustomerDAOImpl:54 - 100.0 was deposited into [test]'s Account
2019-08-05 07:08:31 INFO  CustomerDAOImpl:41 - 50.0 was withdrawn from [test]'s Account
2019-08-05 07:08:31 INFO  CustomerDAOImpl:54 - 50.0 was deposited into [test]'s Account
2019-08-05 07:08:31 INFO  CustomerDAOImpl:71 - 50.0 was withdrawn from [test] and depositied into [lester]
2019-08-05 07:08:54 INFO  CustomerDAOImpl:54 - 100.0 was deposited into [test]'s Account
2019-08-05 07:08:54 INFO  CustomerDAOImpl:41 - 50.0 was withdrawn from [test]'s Account
2019-08-05 07:08:54 INFO  CustomerDAOImpl:54 - 50.0 was deposited into [test]'s Account
2019-08-05 07:08:54 INFO  CustomerDAOImpl:71 - 50.0 was withdrawn from [test] and depositied into [lester]
2019-08-05 07:09:28 INFO  CustomerDAOImpl:54 - 100.0 was deposited into [test]'s Account
2019-08-05 07:09:28 INFO  CustomerDAOImpl:41 - 50.0 was withdrawn from [test]'s Account
2019-08-05 07:09:28 INFO  CustomerDAOImpl:54 - 50.0 was deposited into [test]'s Account
2019-08-05 07:09:28 INFO  CustomerDAOImpl:71 - 50.0 was withdrawn from [test] and depositied into [lester]
2019-08-05 07:10:34 INFO  CustomerDAOImpl:54 - 100.0 was deposited into [test]'s Account
2019-08-05 07:10:34 INFO  CustomerDAOImpl:41 - 50.0 was withdrawn from [test]'s Account
2019-08-05 07:10:34 INFO  CustomerDAOImpl:54 - 50.0 was deposited into [test]'s Account
2019-08-05 07:12:51 INFO  CustomerDAOImpl:54 - 100.0 was deposited into [test]'s Account
2019-08-05 07:12:51 INFO  CustomerDAOImpl:41 - 50.0 was withdrawn from [test]'s Account
2019-08-05 07:12:51 INFO  CustomerDAOImpl:54 - 50.0 was deposited into [test]'s Account
2019-08-05 07:12:51 INFO  CustomerDAOImpl:71 - 50.0 was withdrawn from [test] and depositied into [test2]
2019-08-05 07:25:25 INFO  CustomerDAOImpl:54 - 100.0 was deposited into [test]'s Account
2019-08-05 07:25:25 INFO  CustomerDAOImpl:41 - 50.0 was withdrawn from [test]'s Account
2019-08-05 07:25:25 INFO  CustomerDAOImpl:54 - 50.0 was deposited into [test]'s Account
2019-08-05 07:25:25 INFO  CustomerDAOImpl:71 - 50.0 was withdrawn from [test] and depositied into [test2]
2019-08-05 07:25:42 INFO  CustomerDAOImpl:54 - 100.0 was deposited into [barton, stacy]'s Account
2019-08-05 14:19:17 INFO  CustomerDAOImpl:41 - 50.0 was withdrawn from [barton, stacy]'s Account
2019-08-05 14:21:55 INFO  CustomerDAOImpl:54 - 100.0 was deposited into [test]'s Account
2019-08-05 14:21:55 INFO  CustomerDAOImpl:41 - 50.0 was withdrawn from [test]'s Account
2019-08-05 14:21:55 INFO  CustomerDAOImpl:54 - 50.0 was deposited into [test]'s Account
2019-08-05 14:21:55 INFO  CustomerDAOImpl:71 - 50.0 was withdrawn from [test] and depositied into [test2]
2019-08-05 14:22:34 INFO  CustomerDAOImpl:54 - 100.0 was deposited into [test]'s Account
2019-08-05 14:22:34 INFO  CustomerDAOImpl:41 - 50.0 was withdrawn from [test]'s Account
2019-08-05 14:22:34 INFO  CustomerDAOImpl:54 - 100.0 was deposited into [test]'s Account
2019-08-05 14:22:34 INFO  CustomerDAOImpl:71 - 50.0 was withdrawn from [test] and depositied into [test2]
2019-08-05 14:23:44 INFO  CustomerDAOImpl:54 - 100.0 was deposited into [test]'s Account
2019-08-05 14:23:44 INFO  CustomerDAOImpl:41 - 50.0 was withdrawn from [test]'s Account
2019-08-05 14:23:44 INFO  CustomerDAOImpl:54 - 100.0 was deposited into [test]'s Account
2019-08-05 14:23:44 INFO  CustomerDAOImpl:71 - 50.0 was withdrawn from [test] and depositied into [test2]
2019-08-05 14:25:43 INFO  CustomerDAOImpl:41 - 100.0 was withdrawn from [barton, stacy]'s Account
2019-08-05 14:25:58 INFO  CustomerDAOImpl:54 - 100.0 was deposited into [test]'s Account
2019-08-05 14:25:58 INFO  CustomerDAOImpl:41 - 50.0 was withdrawn from [test]'s Account
2019-08-05 14:25:58 INFO  CustomerDAOImpl:54 - 100.0 was deposited into [test]'s Account
2019-08-05 14:25:58 INFO  CustomerDAOImpl:71 - 50.0 was withdrawn from [test] and depositied into [test2]
2019-08-05 14:26:35 INFO  CustomerDAOImpl:54 - 100.0 was deposited into [barton, stacy]'s Account
2019-08-05 14:26:58 INFO  CustomerDAOImpl:41 - 200.0 was withdrawn from [barton, stacy]'s Account
2019-08-05 14:27:05 INFO  CustomerDAOImpl:54 - 100.0 was deposited into [barton, stacy]'s Account
2019-08-05 14:27:29 INFO  CustomerDAOImpl:54 - 100.0 was deposited into [test]'s Account
2019-08-05 14:27:29 INFO  CustomerDAOImpl:41 - 50.0 was withdrawn from [test]'s Account
2019-08-05 14:27:29 INFO  CustomerDAOImpl:54 - 100.0 was deposited into [test]'s Account
2019-08-05 14:27:29 INFO  CustomerDAOImpl:71 - 50.0 was withdrawn from [test] and depositied into [test2]
2019-08-05 14:28:37 INFO  CustomerDAOImpl:54 - 100.0 was deposited into [test]'s Account
2019-08-05 14:28:37 INFO  CustomerDAOImpl:41 - 50.0 was withdrawn from [test]'s Account
2019-08-05 14:28:37 INFO  CustomerDAOImpl:54 - 100.0 was deposited into [test]'s Account
2019-08-05 14:28:37 INFO  CustomerDAOImpl:71 - 50.0 was withdrawn from [test] and depositied into [test2]
2019-08-05 14:30:17 INFO  CustomerDAOImpl:54 - 100.0 was deposited into [test]'s Account
2019-08-05 14:30:17 INFO  CustomerDAOImpl:41 - 50.0 was withdrawn from [test]'s Account
2019-08-05 14:30:17 INFO  CustomerDAOImpl:54 - 100.0 was deposited into [test]'s Account
2019-08-05 14:30:17 INFO  CustomerDAOImpl:71 - 0.0 was withdrawn from [test] and depositied into [test2]
2019-08-05 14:32:43 INFO  CustomerDAOImpl:54 - 100.0 was deposited into [test]'s Account
2019-08-05 14:32:43 INFO  CustomerDAOImpl:41 - 50.0 was withdrawn from [test]'s Account
2019-08-05 14:32:43 INFO  CustomerDAOImpl:54 - 100.0 was deposited into [test]'s Account
2019-08-05 14:32:43 INFO  CustomerDAOImpl:71 - 0.0 was withdrawn from [test] and depositied into [test2]
2019-08-05 14:37:42 INFO  CustomerDAOImpl:54 - 100.0 was deposited into [test]'s Account
2019-08-05 14:37:42 INFO  CustomerDAOImpl:41 - 100.0 was withdrawn from [test]'s Account
2019-08-05 14:37:42 INFO  CustomerDAOImpl:54 - 100.0 was deposited into [test]'s Account
2019-08-05 14:37:42 INFO  CustomerDAOImpl:71 - 0.0 was withdrawn from [test] and depositied into [test2]
2019-08-05 14:38:07 INFO  CustomerDAOImpl:54 - 100.0 was deposited into [test]'s Account
2019-08-05 14:38:07 INFO  CustomerDAOImpl:41 - 100.0 was withdrawn from [test]'s Account
2019-08-05 14:38:07 INFO  CustomerDAOImpl:54 - 100.0 was deposited into [test]'s Account
2019-08-05 14:38:07 INFO  CustomerDAOImpl:71 - 0.0 was withdrawn from [test] and depositied into [test2]
2019-08-05 14:39:47 INFO  CustomerDAOImpl:54 - 100.0 was deposited into [test]'s Account
2019-08-05 14:39:47 INFO  CustomerDAOImpl:41 - 100.0 was withdrawn from [test]'s Account
2019-08-05 14:39:47 INFO  CustomerDAOImpl:54 - 100.0 was deposited into [test]'s Account
2019-08-05 14:39:47 INFO  CustomerDAOImpl:71 - 100.0 was withdrawn from [test] and depositied into [test2]
2019-08-05 15:03:17 INFO  CustomerDAOImpl:54 - 100.0 was deposited into [test]'s Account
2019-08-05 15:03:27 INFO  CustomerDAOImpl:41 - 50.0 was withdrawn from [test]'s Account
2019-08-05 15:03:39 INFO  CustomerDAOImpl:71 - 25.0 was withdrawn from [test] and depositied into [barton, stacy]
2019-08-05 15:25:55 INFO  CustomerDAOImpl:54 - 200.0 was deposited into [test]'s Account
2019-08-05 15:26:12 INFO  CustomerDAOImpl:41 - 100.0 was withdrawn from [test]'s Account
2019-08-05 15:26:45 INFO  CustomerDAOImpl:71 - 50.0 was withdrawn from [test] and depositied into [barton, stacy]
2019-08-05 15:28:11 INFO  CustomerDAOImpl:41 - 20.0 was withdrawn from [test]'s Account
2019-08-05 15:28:46 INFO  CustomerDAOImpl:54 - 100.0 was deposited into [test]'s Account
2019-08-05 15:28:46 INFO  CustomerDAOImpl:41 - 100.0 was withdrawn from [test]'s Account
2019-08-05 15:28:46 INFO  CustomerDAOImpl:54 - 100.0 was deposited into [test]'s Account
2019-08-05 15:28:46 INFO  CustomerDAOImpl:71 - 100.0 was withdrawn from [test] and depositied into [test2]
2019-08-05 15:43:33 INFO  CustomerDAOImpl:54 - 100.0 was deposited into [test]'s Account
2019-08-05 15:43:33 INFO  CustomerDAOImpl:41 - 100.0 was withdrawn from [test]'s Account
2019-08-05 15:43:33 INFO  CustomerDAOImpl:54 - 100.0 was deposited into [test]'s Account
2019-08-05 15:43:33 INFO  CustomerDAOImpl:71 - 100.0 was withdrawn from [test] and depositied into [test2]
2019-08-05 15:43:39 INFO  CustomerDAOImpl:54 - 100.0 was deposited into [test]'s Account
2019-08-05 15:43:39 INFO  CustomerDAOImpl:41 - 100.0 was withdrawn from [test]'s Account
2019-08-05 15:43:39 INFO  CustomerDAOImpl:54 - 100.0 was deposited into [test]'s Account
2019-08-05 15:43:39 INFO  CustomerDAOImpl:71 - 100.0 was withdrawn from [test] and depositied into [test2]
2019-08-07 16:06:44 INFO  CustomerDAOImpl:54 - 25.0 was deposited into [barton, stacy]'s Account
2019-08-08 09:00:18 INFO  CustomerDAOImpl:41 - 1.0 was withdrawn from [barton, stacy]'s Account
2019-08-08 09:00:24 INFO  CustomerDAOImpl:41 - 1.0 was withdrawn from [barton, stacy]'s Account
2019-08-08 09:00:25 INFO  CustomerDAOImpl:41 - 1.0 was withdrawn from [barton, stacy]'s Account
2019-08-08 09:00:25 INFO  CustomerDAOImpl:41 - 1.0 was withdrawn from [barton, stacy]'s Account
2019-08-08 10:27:17 INFO  CustomerDAOImpl:41 - 50.0 was withdrawn from [barton, stacy]'s Account
2019-08-08 10:27:28 INFO  CustomerDAOImpl:41 - 6.0 was withdrawn from [barton, stacy]'s Account
2019-08-11 20:59:42 INFO  UserImpl:46 - 100.0 was deposited into 1's Account
2019-08-11 20:59:49 INFO  UserImpl:33 - 50.0 was withdrawn from 1's Account
2019-08-11 21:14:55 INFO  UserImpl:46 - 100.0 was deposited into 1's Account
2019-08-11 21:17:28 INFO  UserImpl:33 - 100.0 was withdrawn from 1's Account
2019-08-11 21:17:29 INFO  UserImpl:46 - 100.0 was deposited into 1's Account
2019-08-11 21:21:30 INFO  UserImpl:46 - 100.0 was deposited into 2's Account
2019-08-11 21:22:03 INFO  UserImpl:46 - 100.0 was deposited into 1's Account
2019-08-11 21:22:05 INFO  UserImpl:63 - 50.0 was withdrawn from 1 and depositied into 2
