2019-08-02 16:06:33 INFO  User:18 - Added new Admin:@0 Devon
2019-08-03 14:40:24 INFO  User:18 - Added new Admin:@0 Devon
2019-08-03 14:41:46 INFO  User:18 - Added new Admin:@0 Devon
2019-08-03 14:42:25 INFO  User:18 - Added new employee:#1 Darth Vader
2019-08-03 14:42:58 INFO  User:18 - Added new Admin:@0 Devon
2019-08-03 14:44:13 INFO  User:18 - Added new Admin:@0 Devon
2019-08-03 14:46:21 INFO  User:18 - Added new Admin:@0 Devon
2019-08-03 14:46:41 INFO  User:19 - Added new Customer:sam sam
2019-08-03 14:47:34 INFO  Account:34 - Account sam0Opened.
	Balance: $100000.0
2019-08-03 14:49:56 INFO  User:19 - Added new Customer:3 3
2019-08-03 14:57:05 INFO  User:18 - Added new Admin:@0 Devon
2019-08-03 15:07:43 INFO  User:18 - Added new Admin:@0 Devon
2019-08-03 15:08:00 INFO  User:19 - Added new Customer:sam 
2019-08-03 15:29:06 INFO  User:18 - Added new Admin:@4 Bob
2019-08-03 15:29:06 INFO  User:18 - Added new employee:#5 Rob
2019-08-03 15:29:06 INFO  User:19 - Added new Customer:fullMetal Edward
2019-08-03 15:29:06 INFO  Account:34 - Account Checking11545Opened.
	Balance: $4445.45
2019-08-03 15:29:06 INFO  User:18 - Added new Admin:@4 Bob
2019-08-03 15:29:06 INFO  User:18 - Added new employee:#5 Rob
2019-08-03 15:29:06 INFO  User:19 - Added new Customer:fullMetal Edward
2019-08-03 15:29:06 INFO  Account:34 - Account Checking11545Opened.
	Balance: $4445.45
2019-08-03 15:29:06 INFO  User:18 - Added new Admin:@4 Bob
2019-08-03 15:29:06 INFO  User:18 - Added new employee:#5 Rob
2019-08-03 15:29:06 INFO  User:19 - Added new Customer:fullMetal Edward
2019-08-03 15:29:06 INFO  Account:34 - Account Checking11545Opened.
	Balance: $4445.45
2019-08-03 15:29:06 INFO  User:18 - Added new Admin:@4 Bob
2019-08-03 15:29:06 INFO  User:18 - Added new employee:#5 Rob
2019-08-03 15:29:06 INFO  User:19 - Added new Customer:fullMetal Edward
2019-08-03 15:29:06 INFO  Account:34 - Account Checking11545Opened.
	Balance: $4445.45
2019-08-03 15:29:06 INFO  User:18 - Added new Admin:@4 Bob
2019-08-03 15:29:06 INFO  User:18 - Added new employee:#5 Rob
2019-08-03 15:29:06 INFO  User:19 - Added new Customer:fullMetal Edward
2019-08-03 15:29:06 INFO  Account:34 - Account Checking11545Opened.
	Balance: $4445.45
2019-08-03 15:29:06 INFO  User:18 - Added new Admin:@4 Bob
2019-08-03 15:29:06 INFO  User:18 - Added new employee:#5 Rob
2019-08-03 15:29:06 INFO  User:19 - Added new Customer:fullMetal Edward
2019-08-03 15:29:06 INFO  Account:34 - Account Checking11545Opened.
	Balance: $4445.45
2019-08-03 15:29:06 INFO  User:18 - Added new Admin:@4 Bob
2019-08-03 15:29:06 INFO  User:18 - Added new employee:#5 Rob
2019-08-03 15:29:06 INFO  User:19 - Added new Customer:fullMetal Edward
2019-08-03 15:29:06 INFO  Account:34 - Account Checking11545Opened.
	Balance: $4445.45
2019-08-03 15:29:06 INFO  User:18 - Added new Admin:@4 Bob
2019-08-03 15:29:06 INFO  User:18 - Added new employee:#5 Rob
2019-08-03 15:29:06 INFO  User:19 - Added new Customer:fullMetal Edward
2019-08-03 15:29:06 INFO  Account:34 - Account Checking11545Opened.
	Balance: $4445.45
2019-08-03 15:29:06 INFO  User:18 - Added new Admin:@4 Bob
2019-08-03 15:29:06 INFO  User:18 - Added new employee:#5 Rob
2019-08-03 15:29:06 INFO  User:19 - Added new Customer:fullMetal Edward
2019-08-03 15:29:06 INFO  Account:34 - Account Checking11545Opened.
	Balance: $4445.45
2019-08-03 15:29:06 INFO  User:18 - Added new Admin:@4 Bob
2019-08-03 15:29:06 INFO  User:18 - Added new employee:#5 Rob
2019-08-03 15:29:06 INFO  User:19 - Added new Customer:fullMetal Edward
2019-08-03 15:29:06 INFO  Account:34 - Account Checking11545Opened.
	Balance: $4445.45
2019-08-03 15:29:06 INFO  User:18 - Added new Admin:@0 Abaddon
2019-08-03 15:29:06 INFO  User:18 - Added new Admin:@0 Abaddon
2019-08-03 15:29:06 INFO  User:18 - Added new Admin:@4 Bob
2019-08-03 15:29:07 INFO  User:18 - Added new employee:#5 Rob
2019-08-03 15:29:07 INFO  User:19 - Added new Customer:fullMetal Edward
2019-08-03 15:29:07 INFO  Account:34 - Account Checking11545Opened.
	Balance: $4445.45
2019-08-03 15:29:07 INFO  User:18 - Added new Admin:@4 Bob
2019-08-03 15:29:07 INFO  User:18 - Added new employee:#5 Rob
2019-08-03 15:29:07 INFO  User:19 - Added new Customer:fullMetal Edward
2019-08-03 15:29:07 INFO  Account:34 - Account Checking11545Opened.
	Balance: $4445.45
2019-08-03 15:29:07 INFO  User:18 - Added new Admin:@4 Bob
2019-08-03 15:29:07 INFO  User:18 - Added new employee:#5 Rob
2019-08-03 15:29:07 INFO  User:19 - Added new Customer:fullMetal Edward
2019-08-03 15:29:07 INFO  Account:34 - Account Checking11545Opened.
	Balance: $4445.45
2019-08-03 15:29:07 INFO  User:18 - Added new employee:#0 Abaddon
2019-08-03 15:29:07 INFO  User:18 - Added new employee:#0 Abaddon
2019-08-03 15:29:07 INFO  User:18 - Added new Admin:@4 Bob
2019-08-03 15:29:07 INFO  User:18 - Added new employee:#5 Rob
2019-08-03 15:29:07 INFO  User:19 - Added new Customer:fullMetal Edward
2019-08-03 15:29:07 INFO  Account:34 - Account Checking11545Opened.
	Balance: $4445.45
2019-08-03 15:29:07 INFO  User:18 - Added new Admin:@4 Bob
2019-08-03 15:29:07 INFO  User:18 - Added new employee:#5 Rob
2019-08-03 15:29:07 INFO  User:19 - Added new Customer:fullMetal Edward
2019-08-03 15:29:07 INFO  Account:34 - Account Checking11545Opened.
	Balance: $4445.45
2019-08-03 15:29:07 INFO  User:18 - Added new Admin:@4 Bob
2019-08-03 15:29:07 INFO  User:18 - Added new employee:#5 Rob
2019-08-03 15:29:07 INFO  User:19 - Added new Customer:fullMetal Edward
2019-08-03 15:29:07 INFO  Account:34 - Account Checking11545Opened.
	Balance: $4445.45
2019-08-03 15:29:07 INFO  User:18 - Added new Admin:@4 Bob
2019-08-03 15:29:07 INFO  User:18 - Added new employee:#5 Rob
2019-08-03 15:29:07 INFO  User:19 - Added new Customer:fullMetal Edward
2019-08-03 15:29:07 INFO  Account:34 - Account Checking11545Opened.
	Balance: $4445.45
2019-08-03 15:29:07 INFO  User:18 - Added new Admin:@4 Bob
2019-08-03 15:29:07 INFO  User:18 - Added new employee:#5 Rob
2019-08-03 15:29:07 INFO  User:19 - Added new Customer:fullMetal Edward
2019-08-03 15:29:07 INFO  Account:34 - Account Checking11545Opened.
	Balance: $4445.45
2019-08-03 15:29:07 INFO  User:18 - Added new Admin:@4 Bob
2019-08-03 15:29:07 INFO  User:18 - Added new employee:#5 Rob
2019-08-03 15:29:07 INFO  User:19 - Added new Customer:fullMetal Edward
2019-08-03 15:29:07 INFO  Account:34 - Account Checking11545Opened.
	Balance: $4445.45
2019-08-03 15:29:07 INFO  User:18 - Added new Admin:@4 Bob
2019-08-03 15:29:07 INFO  User:18 - Added new employee:#5 Rob
2019-08-03 15:29:07 INFO  User:19 - Added new Customer:fullMetal Edward
2019-08-03 15:29:07 INFO  Account:34 - Account Checking11545Opened.
	Balance: $4445.45
2019-08-03 15:29:07 INFO  User:18 - Added new Admin:@4 Bob
2019-08-03 15:29:07 INFO  User:18 - Added new employee:#5 Rob
2019-08-03 15:29:07 INFO  User:19 - Added new Customer:fullMetal Edward
2019-08-03 15:29:07 INFO  Account:34 - Account Checking11545Opened.
	Balance: $4445.45
2019-08-03 15:29:07 INFO  User:18 - Added new Admin:@4 Bob
2019-08-03 15:29:07 INFO  User:18 - Added new employee:#5 Rob
2019-08-03 15:29:07 INFO  User:19 - Added new Customer:fullMetal Edward
2019-08-03 15:29:07 INFO  Account:34 - Account Checking11545Opened.
	Balance: $4445.45
2019-08-03 17:47:03 INFO  User:18 - Added new Admin:@4 Bob
2019-08-03 17:47:03 INFO  User:18 - Added new employee:#5 Rob
2019-08-03 17:47:03 INFO  User:19 - Added new Customer:fullMetal Edward
2019-08-03 17:47:03 INFO  Account:34 - Account Checking11545Opened.
	Balance: $4445.45
2019-08-03 17:47:03 INFO  User:18 - Added new Admin:@4 Bob
2019-08-03 17:47:03 INFO  User:18 - Added new employee:#5 Rob
2019-08-03 17:47:03 INFO  User:19 - Added new Customer:fullMetal Edward
2019-08-03 17:47:03 INFO  Account:34 - Account Checking11545Opened.
	Balance: $4445.45
2019-08-03 17:47:03 INFO  User:18 - Added new Admin:@4 Bob
2019-08-03 17:47:03 INFO  User:18 - Added new employee:#5 Rob
2019-08-03 17:47:03 INFO  User:19 - Added new Customer:fullMetal Edward
2019-08-03 17:47:03 INFO  Account:34 - Account Checking11545Opened.
	Balance: $4445.45
2019-08-03 17:47:03 INFO  User:18 - Added new Admin:@4 Bob
2019-08-03 17:47:03 INFO  User:18 - Added new employee:#5 Rob
2019-08-03 17:47:03 INFO  User:19 - Added new Customer:fullMetal Edward
2019-08-03 17:47:03 INFO  Account:34 - Account Checking11545Opened.
	Balance: $4445.45
2019-08-03 17:47:03 INFO  User:18 - Added new Admin:@4 Bob
2019-08-03 17:47:03 INFO  User:18 - Added new employee:#5 Rob
2019-08-03 17:47:03 INFO  User:19 - Added new Customer:fullMetal Edward
2019-08-03 17:47:03 INFO  Account:34 - Account Checking11545Opened.
	Balance: $4445.45
2019-08-03 17:47:03 INFO  User:18 - Added new Admin:@4 Bob
2019-08-03 17:47:03 INFO  User:18 - Added new employee:#5 Rob
2019-08-03 17:47:03 INFO  User:19 - Added new Customer:fullMetal Edward
2019-08-03 17:47:03 INFO  Account:34 - Account Checking11545Opened.
	Balance: $4445.45
2019-08-03 17:47:03 INFO  User:18 - Added new Admin:@4 Bob
2019-08-03 17:47:03 INFO  User:18 - Added new employee:#5 Rob
2019-08-03 17:47:03 INFO  User:19 - Added new Customer:fullMetal Edward
2019-08-03 17:47:03 INFO  Account:34 - Account Checking11545Opened.
	Balance: $4445.45
2019-08-03 17:47:03 INFO  User:18 - Added new Admin:@4 Bob
2019-08-03 17:47:03 INFO  User:18 - Added new employee:#5 Rob
2019-08-03 17:47:03 INFO  User:19 - Added new Customer:fullMetal Edward
2019-08-03 17:47:03 INFO  Account:34 - Account Checking11545Opened.
	Balance: $4445.45
2019-08-03 17:47:03 INFO  User:18 - Added new Admin:@4 Bob
2019-08-03 17:47:03 INFO  User:18 - Added new employee:#5 Rob
2019-08-03 17:47:03 INFO  User:19 - Added new Customer:fullMetal Edward
2019-08-03 17:47:03 INFO  Account:34 - Account Checking11545Opened.
	Balance: $4445.45
2019-08-03 17:47:03 INFO  User:18 - Added new Admin:@4 Bob
2019-08-03 17:47:03 INFO  User:18 - Added new employee:#5 Rob
2019-08-03 17:47:03 INFO  User:19 - Added new Customer:fullMetal Edward
2019-08-03 17:47:03 INFO  Account:34 - Account Checking11545Opened.
	Balance: $4445.45
2019-08-03 17:47:03 INFO  User:18 - Added new Admin:@0 Abaddon
2019-08-03 17:47:03 INFO  User:18 - Added new Admin:@0 Abaddon
2019-08-03 17:47:03 INFO  User:18 - Added new Admin:@4 Bob
2019-08-03 17:47:03 INFO  User:18 - Added new employee:#5 Rob
2019-08-03 17:47:03 INFO  User:19 - Added new Customer:fullMetal Edward
2019-08-03 17:47:03 INFO  Account:34 - Account Checking11545Opened.
	Balance: $4445.45
2019-08-03 17:47:03 INFO  User:18 - Added new Admin:@4 Bob
2019-08-03 17:47:03 INFO  User:18 - Added new employee:#5 Rob
2019-08-03 17:47:03 INFO  User:19 - Added new Customer:fullMetal Edward
2019-08-03 17:47:03 INFO  Account:34 - Account Checking11545Opened.
	Balance: $4445.45
2019-08-03 17:47:03 INFO  User:18 - Added new Admin:@4 Bob
2019-08-03 17:47:03 INFO  User:18 - Added new employee:#5 Rob
2019-08-03 17:47:03 INFO  User:19 - Added new Customer:fullMetal Edward
2019-08-03 17:47:03 INFO  Account:34 - Account Checking11545Opened.
	Balance: $4445.45
2019-08-03 17:47:03 INFO  User:18 - Added new employee:#0 Abaddon
2019-08-03 17:47:03 INFO  User:18 - Added new employee:#0 Abaddon
2019-08-03 17:47:03 INFO  User:18 - Added new Admin:@4 Bob
2019-08-03 17:47:03 INFO  User:18 - Added new employee:#5 Rob
2019-08-03 17:47:03 INFO  User:19 - Added new Customer:fullMetal Edward
2019-08-03 17:47:03 INFO  Account:34 - Account Checking11545Opened.
	Balance: $4445.45
2019-08-03 17:47:03 INFO  User:18 - Added new Admin:@4 Bob
2019-08-03 17:47:03 INFO  User:18 - Added new employee:#5 Rob
2019-08-03 17:47:03 INFO  User:19 - Added new Customer:fullMetal Edward
2019-08-03 17:47:03 INFO  Account:34 - Account Checking11545Opened.
	Balance: $4445.45
2019-08-03 17:47:03 INFO  User:18 - Added new Admin:@4 Bob
2019-08-03 17:47:03 INFO  User:18 - Added new employee:#5 Rob
2019-08-03 17:47:03 INFO  User:19 - Added new Customer:fullMetal Edward
2019-08-03 17:47:03 INFO  Account:34 - Account Checking11545Opened.
	Balance: $4445.45
2019-08-03 17:47:03 INFO  User:18 - Added new Admin:@4 Bob
2019-08-03 17:47:03 INFO  User:18 - Added new employee:#5 Rob
2019-08-03 17:47:03 INFO  User:19 - Added new Customer:fullMetal Edward
2019-08-03 17:47:03 INFO  Account:34 - Account Checking11545Opened.
	Balance: $4445.45
2019-08-03 17:47:03 INFO  User:18 - Added new Admin:@4 Bob
2019-08-03 17:47:03 INFO  User:18 - Added new employee:#5 Rob
2019-08-03 17:47:03 INFO  User:19 - Added new Customer:fullMetal Edward
2019-08-03 17:47:03 INFO  Account:34 - Account Checking11545Opened.
	Balance: $4445.45
2019-08-03 17:47:03 INFO  User:18 - Added new Admin:@4 Bob
2019-08-03 17:47:03 INFO  User:18 - Added new employee:#5 Rob
2019-08-03 17:47:03 INFO  User:19 - Added new Customer:fullMetal Edward
2019-08-03 17:47:03 INFO  Account:34 - Account Checking11545Opened.
	Balance: $4445.45
2019-08-03 17:47:03 INFO  User:18 - Added new Admin:@4 Bob
2019-08-03 17:47:03 INFO  User:18 - Added new employee:#5 Rob
2019-08-03 17:47:03 INFO  User:19 - Added new Customer:fullMetal Edward
2019-08-03 17:47:03 INFO  Account:34 - Account Checking11545Opened.
	Balance: $4445.45
2019-08-03 17:47:03 INFO  User:18 - Added new Admin:@4 Bob
2019-08-03 17:47:03 INFO  User:18 - Added new employee:#5 Rob
2019-08-03 17:47:03 INFO  User:19 - Added new Customer:fullMetal Edward
2019-08-03 17:47:03 INFO  Account:34 - Account Checking11545Opened.
	Balance: $4445.45
2019-08-03 17:47:03 INFO  User:18 - Added new Admin:@4 Bob
2019-08-03 17:47:03 INFO  User:18 - Added new employee:#5 Rob
2019-08-03 17:47:03 INFO  User:19 - Added new Customer:fullMetal Edward
2019-08-03 17:47:03 INFO  Account:34 - Account Checking11545Opened.
	Balance: $4445.45
2019-08-03 17:47:37 INFO  User:18 - Added new Admin:@0 Devon
2019-08-03 17:48:18 INFO  User:19 - Added new Customer:AAAAaa gghhj
2019-08-03 18:07:33 INFO  User:18 - Added new Admin:@4 Bob
2019-08-03 18:07:33 INFO  User:18 - Added new employee:#5 Rob
2019-08-03 18:07:33 INFO  User:19 - Added new Customer:fullMetal Edward
2019-08-03 18:07:33 INFO  Account:34 - Account Checking11545Opened.
	Balance: $4445.45
2019-08-03 18:07:33 INFO  User:18 - Added new Admin:@4 Bob
2019-08-03 18:07:33 INFO  User:18 - Added new employee:#5 Rob
2019-08-03 18:07:33 INFO  User:19 - Added new Customer:fullMetal Edward
2019-08-03 18:07:33 INFO  Account:34 - Account Checking11545Opened.
	Balance: $4445.45
2019-08-03 18:07:33 INFO  User:18 - Added new Admin:@4 Bob
2019-08-03 18:07:33 INFO  User:18 - Added new employee:#5 Rob
2019-08-03 18:07:33 INFO  User:19 - Added new Customer:fullMetal Edward
2019-08-03 18:07:33 INFO  User:18 - Added new Admin:@4 Bob
2019-08-03 18:07:33 INFO  Account:34 - Account Checking11545Opened.
	Balance: $4445.45
2019-08-03 18:07:33 INFO  User:18 - Added new Admin:@4 Bob
2019-08-03 18:07:33 INFO  User:18 - Added new employee:#5 Rob
2019-08-03 18:07:33 INFO  User:19 - Added new Customer:fullMetal Edward
2019-08-03 18:07:33 INFO  User:18 - Added new employee:#5 Rob
2019-08-03 18:07:33 INFO  User:19 - Added new Customer:fullMetal Edward
2019-08-03 18:07:33 INFO  Account:34 - Account Checking11545Opened.
	Balance: $4445.45
2019-08-03 18:07:33 INFO  User:18 - Added new Admin:@4 Bob
2019-08-03 18:07:33 INFO  User:18 - Added new employee:#5 Rob
2019-08-03 18:07:33 INFO  User:19 - Added new Customer:fullMetal Edward
2019-08-03 18:07:33 INFO  Account:34 - Account Checking11545Opened.
	Balance: $4445.45
2019-08-03 18:07:33 INFO  User:18 - Added new Admin:@4 Bob
2019-08-03 18:07:33 INFO  User:18 - Added new employee:#5 Rob
2019-08-03 18:07:33 INFO  User:19 - Added new Customer:fullMetal Edward
2019-08-03 18:07:33 INFO  Account:34 - Account Checking11545Opened.
	Balance: $4445.45
2019-08-03 18:07:33 INFO  User:18 - Added new Admin:@4 Bob
2019-08-03 18:07:33 INFO  Account:34 - Account Checking11545Opened.
	Balance: $4445.45
2019-08-03 18:07:33 INFO  User:18 - Added new Admin:@4 Bob
2019-08-03 18:07:33 INFO  User:18 - Added new employee:#5 Rob
2019-08-03 18:07:33 INFO  User:18 - Added new employee:#5 Rob
2019-08-03 18:07:33 INFO  User:19 - Added new Customer:fullMetal Edward
2019-08-03 18:07:33 INFO  User:19 - Added new Customer:fullMetal Edward
2019-08-03 18:07:33 INFO  Account:34 - Account Checking11545Opened.
	Balance: $4445.45
2019-08-03 18:07:33 INFO  User:18 - Added new Admin:@4 Bob
2019-08-03 18:07:33 INFO  User:18 - Added new employee:#5 Rob
2019-08-03 18:07:33 INFO  User:19 - Added new Customer:fullMetal Edward
2019-08-03 18:07:33 INFO  Account:34 - Account Checking11545Opened.
	Balance: $4445.45
2019-08-03 18:07:33 INFO  User:18 - Added new Admin:@4 Bob
2019-08-03 18:07:33 INFO  User:18 - Added new employee:#5 Rob
2019-08-03 18:07:33 INFO  User:19 - Added new Customer:fullMetal Edward
2019-08-03 18:07:33 INFO  Account:34 - Account Checking11545Opened.
	Balance: $4445.45
2019-08-03 18:07:33 INFO  User:18 - Added new Admin:@4 Bob
2019-08-03 18:07:33 INFO  User:18 - Added new employee:#5 Rob
2019-08-03 18:07:33 INFO  User:19 - Added new Customer:fullMetal Edward
2019-08-03 18:07:33 INFO  Account:34 - Account Checking11545Opened.
	Balance: $4445.45
2019-08-03 18:07:33 INFO  User:18 - Added new Admin:@4 Bob
2019-08-03 18:07:33 INFO  Account:34 - Account Checking11545Opened.
	Balance: $4445.45
2019-08-03 18:07:33 INFO  User:18 - Added new Admin:@4 Bob
2019-08-03 18:07:33 INFO  User:18 - Added new employee:#5 Rob
2019-08-03 18:07:33 INFO  User:19 - Added new Customer:fullMetal Edward
2019-08-03 18:07:33 INFO  User:18 - Added new employee:#5 Rob
2019-08-03 18:07:33 INFO  User:19 - Added new Customer:fullMetal Edward
2019-08-03 18:07:33 INFO  Account:34 - Account Checking11545Opened.
	Balance: $4445.45
2019-08-03 18:07:33 INFO  User:18 - Added new Admin:@4 Bob
2019-08-03 18:07:33 INFO  User:18 - Added new employee:#5 Rob
2019-08-03 18:07:33 INFO  User:19 - Added new Customer:fullMetal Edward
2019-08-03 18:07:33 INFO  Account:34 - Account Checking11545Opened.
	Balance: $4445.45
2019-08-03 18:07:33 INFO  User:18 - Added new Admin:@4 Bob
2019-08-03 18:07:33 INFO  User:18 - Added new employee:#5 Rob
2019-08-03 18:07:33 INFO  Account:34 - Account Checking11545Opened.
	Balance: $4445.45
2019-08-03 18:07:33 INFO  User:19 - Added new Customer:fullMetal Edward
2019-08-03 18:07:33 INFO  User:18 - Added new Admin:@0 Abaddon
2019-08-03 18:07:33 INFO  Account:34 - Account Checking11545Opened.
	Balance: $4445.45
2019-08-03 18:07:33 INFO  User:18 - Added new Admin:@0 Abaddon
2019-08-03 18:07:33 INFO  User:18 - Added new Admin:@4 Bob
2019-08-03 18:07:33 INFO  User:18 - Added new employee:#5 Rob
2019-08-03 18:07:33 INFO  User:19 - Added new Customer:fullMetal Edward
2019-08-03 18:07:33 INFO  Account:34 - Account Checking11545Opened.
	Balance: $4445.45
2019-08-03 18:07:33 INFO  User:18 - Added new Admin:@4 Bob
2019-08-03 18:07:33 INFO  User:18 - Added new employee:#5 Rob
2019-08-03 18:07:33 INFO  User:19 - Added new Customer:fullMetal Edward
2019-08-03 18:07:33 INFO  Account:34 - Account Checking11545Opened.
	Balance: $4445.45
2019-08-03 18:07:33 INFO  User:18 - Added new Admin:@4 Bob
2019-08-03 18:07:33 INFO  User:18 - Added new Admin:@4 Bob
2019-08-03 18:07:33 INFO  User:18 - Added new employee:#5 Rob
2019-08-03 18:07:33 INFO  User:19 - Added new Customer:fullMetal Edward
2019-08-03 18:07:33 INFO  Account:34 - Account Checking11545Opened.
	Balance: $4445.45
2019-08-03 18:07:33 INFO  User:18 - Added new Admin:@4 Bob
2019-08-03 18:07:33 INFO  User:18 - Added new employee:#5 Rob
2019-08-03 18:07:33 INFO  User:19 - Added new Customer:fullMetal Edward
2019-08-03 18:07:33 INFO  Account:34 - Account Checking11545Opened.
	Balance: $4445.45
2019-08-03 18:07:33 INFO  User:18 - Added new Admin:@4 Bob
2019-08-03 18:07:33 INFO  User:18 - Added new employee:#5 Rob
2019-08-03 18:07:33 INFO  User:19 - Added new Customer:fullMetal Edward
2019-08-03 18:07:33 INFO  Account:34 - Account Checking11545Opened.
	Balance: $4445.45
2019-08-03 18:07:33 INFO  User:18 - Added new employee:#0 Abaddon
2019-08-03 18:07:33 INFO  User:18 - Added new employee:#5 Rob
2019-08-03 18:07:33 INFO  User:18 - Added new employee:#0 Abaddon
2019-08-03 18:07:33 INFO  User:18 - Added new Admin:@4 Bob
2019-08-03 18:07:33 INFO  User:19 - Added new Customer:fullMetal Edward
2019-08-03 18:07:33 INFO  User:18 - Added new employee:#5 Rob
2019-08-03 18:07:33 INFO  Account:34 - Account Checking11545Opened.
	Balance: $4445.45
2019-08-03 18:07:33 INFO  User:18 - Added new Admin:@4 Bob
2019-08-03 18:07:33 INFO  User:18 - Added new employee:#5 Rob
2019-08-03 18:07:33 INFO  User:19 - Added new Customer:fullMetal Edward
2019-08-03 18:07:33 INFO  User:19 - Added new Customer:fullMetal Edward
2019-08-03 18:07:33 INFO  Account:34 - Account Checking11545Opened.
	Balance: $4445.45
2019-08-03 18:07:33 INFO  Account:34 - Account Checking11545Opened.
	Balance: $4445.45
2019-08-03 18:07:33 INFO  User:18 - Added new Admin:@4 Bob
2019-08-03 18:07:33 INFO  User:18 - Added new Admin:@0 Abaddon
2019-08-03 18:07:33 INFO  User:18 - Added new Admin:@0 Abaddon
2019-08-03 18:07:33 INFO  User:18 - Added new Admin:@4 Bob
2019-08-03 18:07:33 INFO  User:18 - Added new employee:#5 Rob
2019-08-03 18:07:33 INFO  User:19 - Added new Customer:fullMetal Edward
2019-08-03 18:07:33 INFO  User:18 - Added new employee:#5 Rob
2019-08-03 18:07:33 INFO  User:19 - Added new Customer:fullMetal Edward
2019-08-03 18:07:33 INFO  Account:34 - Account Checking11545Opened.
	Balance: $4445.45
2019-08-03 18:07:33 INFO  Account:34 - Account Checking11545Opened.
	Balance: $4445.45
2019-08-03 18:07:33 INFO  User:18 - Added new Admin:@4 Bob
2019-08-03 18:07:33 INFO  User:18 - Added new Admin:@4 Bob
2019-08-03 18:07:33 INFO  User:18 - Added new employee:#5 Rob
2019-08-03 18:07:33 INFO  User:18 - Added new employee:#5 Rob
2019-08-03 18:07:33 INFO  User:19 - Added new Customer:fullMetal Edward
2019-08-03 18:07:33 INFO  User:19 - Added new Customer:fullMetal Edward
2019-08-03 18:07:33 INFO  Account:34 - Account Checking11545Opened.
	Balance: $4445.45
2019-08-03 18:07:33 INFO  User:18 - Added new Admin:@4 Bob
2019-08-03 18:07:33 INFO  User:18 - Added new employee:#5 Rob
2019-08-03 18:07:33 INFO  User:19 - Added new Customer:fullMetal Edward
2019-08-03 18:07:33 INFO  Account:34 - Account Checking11545Opened.
	Balance: $4445.45
2019-08-03 18:07:33 INFO  User:18 - Added new Admin:@4 Bob
2019-08-03 18:07:33 INFO  User:18 - Added new employee:#5 Rob
2019-08-03 18:07:33 INFO  User:19 - Added new Customer:fullMetal Edward
2019-08-03 18:07:33 INFO  Account:34 - Account Checking11545Opened.
	Balance: $4445.45
2019-08-03 18:07:33 INFO  User:18 - Added new employee:#0 Abaddon
2019-08-03 18:07:33 INFO  Account:34 - Account Checking11545Opened.
	Balance: $4445.45
2019-08-03 18:07:33 INFO  User:18 - Added new employee:#0 Abaddon
2019-08-03 18:07:33 INFO  User:18 - Added new Admin:@4 Bob
2019-08-03 18:07:33 INFO  User:18 - Added new Admin:@4 Bob
2019-08-03 18:07:33 INFO  User:18 - Added new employee:#5 Rob
2019-08-03 18:07:33 INFO  User:18 - Added new employee:#5 Rob
2019-08-03 18:07:33 INFO  User:19 - Added new Customer:fullMetal Edward
2019-08-03 18:07:33 INFO  User:19 - Added new Customer:fullMetal Edward
2019-08-03 18:07:33 INFO  Account:34 - Account Checking11545Opened.
	Balance: $4445.45
2019-08-03 18:07:33 INFO  User:18 - Added new Admin:@4 Bob
2019-08-03 18:07:33 INFO  Account:34 - Account Checking11545Opened.
	Balance: $4445.45
2019-08-03 18:07:33 INFO  User:18 - Added new employee:#5 Rob
2019-08-03 18:07:33 INFO  User:18 - Added new Admin:@4 Bob
2019-08-03 18:07:33 INFO  User:19 - Added new Customer:fullMetal Edward
2019-08-03 18:07:33 INFO  User:18 - Added new employee:#5 Rob
2019-08-03 18:07:33 INFO  User:19 - Added new Customer:fullMetal Edward
2019-08-03 18:07:33 INFO  Account:34 - Account Checking11545Opened.
	Balance: $4445.45
2019-08-03 18:07:33 INFO  User:18 - Added new Admin:@4 Bob
2019-08-03 18:07:33 INFO  User:18 - Added new employee:#5 Rob
2019-08-03 18:07:33 INFO  Account:34 - Account Checking11545Opened.
	Balance: $4445.45
2019-08-03 18:07:33 INFO  User:18 - Added new Admin:@4 Bob
2019-08-03 18:07:33 INFO  User:18 - Added new employee:#5 Rob
2019-08-03 18:07:33 INFO  User:19 - Added new Customer:fullMetal Edward
2019-08-03 18:07:33 INFO  User:19 - Added new Customer:fullMetal Edward
2019-08-03 18:07:34 INFO  Account:34 - Account Checking11545Opened.
	Balance: $4445.45
2019-08-03 18:07:34 INFO  User:18 - Added new Admin:@4 Bob
2019-08-03 18:07:34 INFO  Account:34 - Account Checking11545Opened.
	Balance: $4445.45
2019-08-03 18:07:34 INFO  User:18 - Added new employee:#5 Rob
2019-08-03 18:07:34 INFO  User:19 - Added new Customer:fullMetal Edward
2019-08-03 18:07:34 INFO  Account:34 - Account Checking11545Opened.
	Balance: $4445.45
2019-08-03 18:07:34 INFO  User:18 - Added new Admin:@4 Bob
2019-08-03 18:07:34 INFO  User:18 - Added new Admin:@4 Bob
2019-08-03 18:07:34 INFO  User:18 - Added new employee:#5 Rob
2019-08-03 18:07:34 INFO  User:19 - Added new Customer:fullMetal Edward
2019-08-03 18:07:34 INFO  User:18 - Added new employee:#5 Rob
2019-08-03 18:07:34 INFO  User:19 - Added new Customer:fullMetal Edward
2019-08-03 18:07:34 INFO  Account:34 - Account Checking11545Opened.
	Balance: $4445.45
2019-08-03 18:07:34 INFO  Account:34 - Account Checking11545Opened.
	Balance: $4445.45
2019-08-03 18:07:34 INFO  User:18 - Added new Admin:@4 Bob
2019-08-03 18:07:34 INFO  User:18 - Added new employee:#5 Rob
2019-08-03 18:07:34 INFO  User:19 - Added new Customer:fullMetal Edward
2019-08-03 18:07:34 INFO  Account:34 - Account Checking11545Opened.
	Balance: $4445.45
2019-08-03 18:07:34 INFO  User:18 - Added new Admin:@4 Bob
2019-08-03 18:07:34 INFO  User:18 - Added new employee:#5 Rob
2019-08-03 18:07:34 INFO  User:19 - Added new Customer:fullMetal Edward
2019-08-03 18:07:34 INFO  Account:34 - Account Checking11545Opened.
	Balance: $4445.45
2019-08-03 18:07:34 INFO  User:18 - Added new Admin:@4 Bob
2019-08-03 18:07:34 INFO  User:18 - Added new employee:#5 Rob
2019-08-03 18:07:34 INFO  User:19 - Added new Customer:fullMetal Edward
2019-08-03 18:07:34 INFO  Account:34 - Account Checking11545Opened.
	Balance: $4445.45
2019-08-03 18:07:34 INFO  User:18 - Added new Admin:@4 Bob
2019-08-03 18:07:34 INFO  User:18 - Added new employee:#5 Rob
2019-08-03 18:07:34 INFO  User:19 - Added new Customer:fullMetal Edward
2019-08-03 18:07:34 INFO  Account:34 - Account Checking11545Opened.
	Balance: $4445.45
2019-08-03 18:07:34 INFO  User:18 - Added new Admin:@4 Bob
2019-08-03 18:07:34 INFO  User:18 - Added new employee:#5 Rob
2019-08-03 18:07:34 INFO  User:19 - Added new Customer:fullMetal Edward
2019-08-03 18:07:34 INFO  Account:34 - Account Checking11545Opened.
	Balance: $4445.45
2019-08-03 20:41:18 INFO  User:18 - Added new Admin:@0 Devon
2019-08-03 20:41:32 INFO  User:19 - Added new Customer:sam sam
2019-08-03 20:46:06 INFO  User:18 - Added new Admin:@0 Devon
2019-08-03 20:47:19 INFO  User:19 - Added new Customer:beastmate Abaddon
2019-08-03 20:51:25 INFO  User:18 - Added new Admin:@0 Devon
2019-08-04 17:42:38 INFO  User:18 - Added new Admin:@4 Bob
2019-08-04 17:42:38 INFO  User:18 - Added new employee:#5 Rob
2019-08-04 17:42:38 INFO  User:19 - Added new Customer:fullMetal Edward
2019-08-04 17:42:38 INFO  Account:33 - Account Checking11545Opened.
	Balance: $4445.45
2019-08-04 17:42:38 INFO  User:18 - Added new Admin:@4 Bob
2019-08-04 17:42:38 INFO  User:18 - Added new employee:#5 Rob
2019-08-04 17:42:38 INFO  User:19 - Added new Customer:fullMetal Edward
2019-08-04 17:42:38 INFO  Account:33 - Account Checking11545Opened.
	Balance: $4445.45
2019-08-04 17:42:38 INFO  User:18 - Added new Admin:@4 Bob
2019-08-04 17:42:38 INFO  User:18 - Added new employee:#5 Rob
2019-08-04 17:42:38 INFO  User:19 - Added new Customer:fullMetal Edward
2019-08-04 17:42:38 INFO  Account:33 - Account Checking11545Opened.
	Balance: $4445.45
2019-08-04 17:42:38 INFO  User:18 - Added new Admin:@4 Bob
2019-08-04 17:42:38 INFO  User:18 - Added new employee:#5 Rob
2019-08-04 17:42:38 INFO  User:19 - Added new Customer:fullMetal Edward
2019-08-04 17:42:38 INFO  Account:33 - Account Checking11545Opened.
	Balance: $4445.45
2019-08-04 17:42:38 INFO  User:18 - Added new Admin:@4 Bob
2019-08-04 17:42:38 INFO  User:18 - Added new employee:#5 Rob
2019-08-04 17:42:38 INFO  User:19 - Added new Customer:fullMetal Edward
2019-08-04 17:42:38 INFO  Account:33 - Account Checking11545Opened.
	Balance: $4445.45
2019-08-04 17:42:38 INFO  User:18 - Added new Admin:@4 Bob
2019-08-04 17:42:38 INFO  User:18 - Added new employee:#5 Rob
2019-08-04 17:42:38 INFO  User:19 - Added new Customer:fullMetal Edward
2019-08-04 17:42:38 INFO  Account:33 - Account Checking11545Opened.
	Balance: $4445.45
2019-08-04 17:42:38 INFO  User:18 - Added new Admin:@4 Bob
2019-08-04 17:42:38 INFO  User:18 - Added new employee:#5 Rob
2019-08-04 17:42:38 INFO  User:19 - Added new Customer:fullMetal Edward
2019-08-04 17:42:38 INFO  Account:33 - Account Checking11545Opened.
	Balance: $4445.45
2019-08-04 17:42:38 INFO  User:18 - Added new Admin:@4 Bob
2019-08-04 17:42:38 INFO  User:18 - Added new employee:#5 Rob
2019-08-04 17:42:38 INFO  User:19 - Added new Customer:fullMetal Edward
2019-08-04 17:42:38 INFO  Account:33 - Account Checking11545Opened.
	Balance: $4445.45
2019-08-04 17:42:38 INFO  User:18 - Added new Admin:@4 Bob
2019-08-04 17:42:38 INFO  User:18 - Added new employee:#5 Rob
2019-08-04 17:42:38 INFO  User:19 - Added new Customer:fullMetal Edward
2019-08-04 17:42:39 INFO  Account:33 - Account Checking11545Opened.
	Balance: $4445.45
2019-08-04 17:42:39 INFO  User:18 - Added new Admin:@4 Bob
2019-08-04 17:42:39 INFO  User:18 - Added new employee:#5 Rob
2019-08-04 17:42:39 INFO  User:19 - Added new Customer:fullMetal Edward
2019-08-04 17:42:39 INFO  Account:33 - Account Checking11545Opened.
	Balance: $4445.45
2019-08-04 17:42:39 INFO  User:18 - Added new Admin:@0 Abaddon
2019-08-04 17:42:39 INFO  User:18 - Added new Admin:@0 Abaddon
2019-08-04 17:42:39 INFO  User:18 - Added new Admin:@4 Bob
2019-08-04 17:42:39 INFO  User:18 - Added new employee:#5 Rob
2019-08-04 17:42:39 INFO  User:19 - Added new Customer:fullMetal Edward
2019-08-04 17:42:39 INFO  Account:33 - Account Checking11545Opened.
	Balance: $4445.45
2019-08-04 17:42:39 INFO  User:18 - Added new Admin:@4 Bob
2019-08-04 17:42:39 INFO  User:18 - Added new employee:#5 Rob
2019-08-04 17:42:39 INFO  User:19 - Added new Customer:fullMetal Edward
2019-08-04 17:42:39 INFO  Account:33 - Account Checking11545Opened.
	Balance: $4445.45
2019-08-04 17:42:39 INFO  User:18 - Added new Admin:@4 Bob
2019-08-04 17:42:39 INFO  User:18 - Added new employee:#5 Rob
2019-08-04 17:42:39 INFO  User:19 - Added new Customer:fullMetal Edward
2019-08-04 17:42:39 INFO  Account:33 - Account Checking11545Opened.
	Balance: $4445.45
2019-08-04 17:42:39 INFO  User:18 - Added new employee:#0 Abaddon
2019-08-04 17:42:39 INFO  User:18 - Added new employee:#0 Abaddon
2019-08-04 17:42:39 INFO  User:18 - Added new Admin:@4 Bob
2019-08-04 17:42:39 INFO  User:18 - Added new employee:#5 Rob
2019-08-04 17:42:39 INFO  User:19 - Added new Customer:fullMetal Edward
2019-08-04 17:42:39 INFO  Account:33 - Account Checking11545Opened.
	Balance: $4445.45
2019-08-04 17:42:39 INFO  User:18 - Added new Admin:@4 Bob
2019-08-04 17:42:39 INFO  User:18 - Added new employee:#5 Rob
2019-08-04 17:42:39 INFO  User:19 - Added new Customer:fullMetal Edward
2019-08-04 17:42:39 INFO  Account:33 - Account Checking11545Opened.
	Balance: $4445.45
2019-08-04 17:42:39 INFO  User:18 - Added new Admin:@4 Bob
2019-08-04 17:42:39 INFO  User:18 - Added new employee:#5 Rob
2019-08-04 17:42:39 INFO  User:19 - Added new Customer:fullMetal Edward
2019-08-04 17:42:39 INFO  Account:33 - Account Checking11545Opened.
	Balance: $4445.45
2019-08-04 17:42:39 INFO  User:18 - Added new Admin:@4 Bob
2019-08-04 17:42:39 INFO  User:18 - Added new employee:#5 Rob
2019-08-04 17:42:39 INFO  User:19 - Added new Customer:fullMetal Edward
2019-08-04 17:42:39 INFO  Account:33 - Account Checking11545Opened.
	Balance: $4445.45
2019-08-04 17:42:39 INFO  User:18 - Added new Admin:@4 Bob
2019-08-04 17:42:39 INFO  User:18 - Added new employee:#5 Rob
2019-08-04 17:42:39 INFO  User:19 - Added new Customer:fullMetal Edward
2019-08-04 17:42:39 INFO  Account:33 - Account Checking11545Opened.
	Balance: $4445.45
2019-08-04 17:42:39 INFO  User:18 - Added new Admin:@4 Bob
2019-08-04 17:42:39 INFO  User:18 - Added new employee:#5 Rob
2019-08-04 17:42:39 INFO  User:19 - Added new Customer:fullMetal Edward
2019-08-04 17:42:39 INFO  Account:33 - Account Checking11545Opened.
	Balance: $4445.45
2019-08-04 17:42:39 INFO  User:18 - Added new Admin:@4 Bob
2019-08-04 17:42:39 INFO  User:18 - Added new employee:#5 Rob
2019-08-04 17:42:39 INFO  User:19 - Added new Customer:fullMetal Edward
2019-08-04 17:42:39 INFO  Account:33 - Account Checking11545Opened.
	Balance: $4445.45
2019-08-04 17:42:39 INFO  User:18 - Added new Admin:@4 Bob
2019-08-04 17:42:39 INFO  User:18 - Added new employee:#5 Rob
2019-08-04 17:42:39 INFO  User:19 - Added new Customer:fullMetal Edward
2019-08-04 17:42:39 INFO  Account:33 - Account Checking11545Opened.
	Balance: $4445.45
2019-08-04 17:42:39 INFO  User:18 - Added new Admin:@4 Bob
2019-08-04 17:42:39 INFO  User:18 - Added new employee:#5 Rob
2019-08-04 17:42:39 INFO  User:19 - Added new Customer:fullMetal Edward
2019-08-04 17:42:39 INFO  Account:33 - Account Checking11545Opened.
	Balance: $4445.45
