2019-08-11 09:50:06 INFO  Transaction:67 - User JUnitUser created.
2019-08-11 09:54:16 INFO  Transaction:148 - Account created.
2019-08-11 09:54:48 INFO  Transaction:148 - Account created.
2019-08-11 09:54:50 INFO  Transaction:67 - User JUnitUser created.
2019-08-11 09:55:43 INFO  Transaction:148 - Account created.
2019-08-11 09:55:45 INFO  Transaction:67 - User JUnitUser created.
2019-08-11 09:59:44 INFO  Transaction:148 - Account created.
2019-08-11 09:59:46 INFO  Transaction:67 - User JUnitUser created.
2019-08-11 09:59:47 INFO  Transaction:148 - Account created.
2019-08-11 10:00:10 INFO  Transaction:148 - Account created.
2019-08-11 10:00:12 INFO  Transaction:67 - User JUnitUser created.
2019-08-11 10:00:13 INFO  Transaction:148 - Account created.
2019-08-11 10:04:26 INFO  Transaction:148 - Account created.
2019-08-11 10:04:27 INFO  Transaction:148 - Account created.
2019-08-11 10:04:29 INFO  Transaction:67 - User JUnitUser created.
2019-08-11 10:04:30 INFO  Transaction:148 - Account created.
2019-08-11 10:05:19 INFO  Transaction:148 - Account created.
2019-08-11 10:05:21 INFO  Transaction:148 - Account created.
2019-08-11 10:05:24 INFO  Transaction:67 - User JUnitUser created.
2019-08-11 10:05:25 INFO  Transaction:148 - Account created.
2019-08-11 10:10:43 INFO  Transaction:148 - Account created.
2019-08-11 10:10:44 INFO  Transaction:148 - Account created.
2019-08-11 10:10:46 INFO  Transaction:67 - User JUnitUser created.
2019-08-11 10:10:47 INFO  Transaction:148 - Account created.
2019-08-11 10:11:10 INFO  Transaction:148 - Account created.
2019-08-11 10:11:11 INFO  Transaction:148 - Account created.
2019-08-11 10:11:13 INFO  Transaction:67 - User JUnitUser created.
2019-08-11 10:11:15 INFO  Transaction:148 - Account created.
2019-08-11 10:11:50 INFO  Transaction:67 - User admin created.
2019-08-11 10:11:51 INFO  Transaction:67 - User emp created.
2019-08-11 10:12:31 INFO  Transaction:67 - User Sam created.
2019-08-11 10:12:32 INFO  Transaction:67 - User Monk created.
2019-08-11 10:12:32 INFO  Transaction:148 - Account created.
2019-08-11 10:14:11 INFO  Transaction:193 - Account 1 approved.
2019-08-11 10:14:25 INFO  Transaction:187 - Account 1 destroyed.
2019-08-11 10:17:32 INFO  Transaction:67 - User Carol created.
2019-08-11 10:17:33 INFO  Transaction:67 - User Dan created.
2019-08-11 10:17:33 INFO  Transaction:148 - Account created.
2019-08-11 10:17:58 INFO  Transaction:193 - Account 2 approved.
2019-08-11 10:18:11 INFO  Transaction:187 - Account 2 destroyed.
2019-08-11 15:14:32 INFO  Transaction:67 - User Samuel created.
2019-08-11 15:14:33 INFO  Transaction:67 - User Greta created.
2019-08-11 15:14:34 INFO  Transaction:148 - Account created.
2019-08-11 15:15:47 INFO  Transaction:193 - Account 3 approved.
2019-08-11 15:16:29 INFO  Transaction:162 - 1.0E7 deposited into account 3
2019-08-11 15:22:38 INFO  Transaction:67 - User admin created.
2019-08-11 15:22:39 INFO  Transaction:67 - User emp created.
2019-08-11 15:23:27 INFO  Transaction:67 - User Tabitha created.
2019-08-11 15:23:28 INFO  Transaction:67 - User Rusko created.
2019-08-11 15:23:29 INFO  Transaction:148 - Account created.
2019-08-11 15:24:08 INFO  Transaction:67 - User Pamela created.
2019-08-11 15:24:09 INFO  Transaction:67 - User Ronnie created.
2019-08-11 15:24:09 INFO  Transaction:148 - Account created.
2019-08-11 15:24:43 INFO  Transaction:67 - User Reginald created.
2019-08-11 15:24:44 INFO  Transaction:148 - Account created.
2019-08-11 15:25:28 INFO  Transaction:67 - User Hans created.
2019-08-11 15:25:29 INFO  Transaction:148 - Account created.
2019-08-11 15:25:57 INFO  Transaction:187 - Account 4 destroyed.
2019-08-11 15:26:28 INFO  Transaction:67 - User Logan created.
2019-08-11 15:26:28 INFO  Transaction:148 - Account created.
2019-08-11 15:27:38 INFO  Transaction:193 - Account 5 approved.
2019-08-11 15:27:50 INFO  Transaction:193 - Account 1 approved.
2019-08-11 15:29:14 INFO  Transaction:218 - 3000.0 transferred from account 1 to accound 5
2019-08-12 13:40:01 INFO  Transaction:193 - Account 2 approved.
2019-08-12 13:46:36 INFO  Transaction:218 - 30000.0 transferred from account 2 to accound 1
2019-08-12 21:06:33 INFO  Transaction:67 - User SamuelJones created.
2019-08-12 21:06:33 INFO  Transaction:148 - Account created.
2019-08-12 21:11:23 INFO  Transaction:67 - User admin created.
2019-08-12 21:11:25 INFO  Transaction:67 - User emp created.
2019-08-12 21:11:57 INFO  Transaction:67 - User Sam created.
2019-08-12 21:11:57 INFO  Transaction:148 - Account created.
2019-08-12 21:14:12 INFO  Transaction:67 - User Mary created.
2019-08-12 21:14:13 INFO  Transaction:67 - User Louise created.
2019-08-12 21:14:14 INFO  Transaction:148 - Account created.
2019-08-12 21:15:42 INFO  Transaction:193 - Account 2 approved.
2019-08-12 21:18:13 INFO  Transaction:193 - Account 1 approved.
2019-08-12 21:18:35 INFO  Transaction:218 - 9000.0 transferred from account 2 to accound 1
2019-08-12 21:27:51 INFO  Transaction:67 - User BG created.
2019-08-12 21:27:52 INFO  Transaction:67 - User WB created.
2019-08-12 21:27:53 INFO  Transaction:148 - Account created.
2019-08-12 21:28:09 INFO  Transaction:193 - Account 3 approved.
2019-08-12 21:28:31 INFO  Transaction:218 - 1.0E7 transferred from account 3 to accound 1
2019-08-13 09:36:11 INFO  Transaction:67 - User admin created.
2019-08-13 09:37:14 INFO  Transaction:67 - User emp created.
2019-08-13 09:41:12 INFO  Transaction:176 - 1000000.0 withdrawn from account 1
2019-08-13 09:43:11 INFO  Transaction:176 - 8000000.0 withdrawn from account 1
2019-08-13 09:43:21 INFO  Transaction:176 - 1000000.0 withdrawn from account 1
2019-08-13 09:45:38 INFO  Transaction:67 - User JB created.
2019-08-13 09:45:43 INFO  Transaction:67 - User BlizzardCEO created.
2019-08-13 09:45:44 INFO  Transaction:148 - Account created.
2019-08-13 09:46:09 INFO  Transaction:193 - Account 4 approved.
2019-08-13 09:47:00 INFO  Transaction:218 - 2300.0 transferred from account 1 to accound 4
2019-08-13 09:58:07 INFO  Transaction:67 - User billg created.
2019-08-13 09:58:09 INFO  Transaction:67 - User warrb created.
2019-08-13 09:58:11 INFO  Transaction:148 - Account created.
2019-08-13 09:58:49 INFO  Transaction:193 - Account 5 approved.
2019-08-13 09:59:12 INFO  Transaction:218 - 100.0 transferred from account 5 to accound 1
2019-08-13 10:00:31 INFO  Transaction:162 - 300.0 deposited into account 1
2019-08-13 10:00:47 INFO  Transaction:176 - -100.0 withdrawn from account 1
2019-08-13 10:01:00 INFO  Transaction:176 - 300.0 withdrawn from account 1
