2019-08-10 13:13:05 INFO  CustomerScreen:56 - Customer created
2019-08-10 13:23:30 INFO  AccesScreen:33 - Logg in: frer1972
2019-08-10 13:29:23 INFO  AccesScreen:33 - Logg in: frer1972
2019-08-10 13:29:34 INFO  OpenAccountScreen:85 -  Account created successful 
2019-08-10 13:40:03 INFO  AccesScreen:33 - Logg in: frer1972
2019-08-10 13:46:20 INFO  AccesScreen:33 - Logg in: frer1972
2019-08-10 13:50:16 INFO  AccesScreen:33 - Logg in: frer1972
2019-08-10 14:06:13 FATAL AccesScreen:35 - User does not exist
2019-08-10 14:10:10 INFO  AccesScreen:33 - Logg in: frer1972
2019-08-10 14:17:07 INFO  AccesScreen:33 - Logg in: frer1972
2019-08-10 14:20:22 INFO  AccesScreen:33 - Logg in: frer1972
2019-08-10 14:23:58 INFO  AccesScreen:33 - Logg in: frer1972
2019-08-10 14:31:35 INFO  AccesScreen:33 - Logg in: frer1972
2019-08-10 14:31:47 INFO  OpenAccountScreen:85 -  Account created successful 
2019-08-10 14:32:00 INFO  OpenAccountScreen:85 -  Account created successful 
2019-08-10 14:43:03 INFO  AccesScreen:33 - Logg in: frer1972
2019-08-10 20:48:05 INFO  CustomerScreen:82 - Admin created successful
2019-08-10 20:53:21 INFO  CustomerScreen:82 - Employee created successful
2019-08-10 22:17:42 INFO  AccesScreen:33 - Logg in: admin
2019-08-10 22:18:40 FATAL AccesScreen:35 - User does not exist
2019-08-10 22:19:26 INFO  AccesScreen:33 - Logg in: 1234
2019-08-10 22:20:13 FATAL AccesScreen:35 - User does not exist
2019-08-10 22:20:46 INFO  AccesScreen:33 - Logg in: frer1972
2019-08-10 23:34:58 INFO  OpenAccountScreen:85 -  Account created successful 
2019-08-10 23:36:33 INFO  AccesScreen:33 - Logg in: 1234
2019-08-10 23:46:04 INFO  AccesScreen:33 - Logg in: 1234
2019-08-11 00:27:04 INFO  AccesScreen:33 - Logg in: 1234
2019-08-11 00:35:43 INFO  AccesScreen:33 - Logg in: 1234
2019-08-11 00:50:57 INFO  AccesScreen:33 - Logg in: 1234
2019-08-11 01:00:25 INFO  AccesScreen:33 - Logg in: 1234
2019-08-11 01:03:30 INFO  AccesScreen:33 - Logg in: 1234
2019-08-11 01:08:34 INFO  AccesScreen:33 - Logg in: 1234
2019-08-11 01:47:09 INFO  AccesScreen:33 - Logg in: 1234
2019-08-11 01:48:21 INFO  AccesScreen:33 - Logg in: 1234
2019-08-11 01:52:13 INFO  AccesScreen:33 - Logg in: 1234
2019-08-11 01:53:16 INFO  AccesScreen:33 - Logg in: 1234
2019-08-11 01:55:44 INFO  AccesScreen:33 - Logg in: 1234
2019-08-11 02:04:37 INFO  AccesScreen:33 - Logg in: 1234
2019-08-11 02:07:12 INFO  AccesScreen:33 - Logg in: 1234
2019-08-11 02:12:07 INFO  AccesScreen:33 - Logg in: 1234
2019-08-11 02:13:25 INFO  AccesScreen:33 - Logg in: 1234
2019-08-11 02:33:13 INFO  AccesScreen:33 - Logg in: 1234
2019-08-11 02:34:07 INFO  AccesScreen:33 - Logg in: 1234
2019-08-11 02:49:51 INFO  AccesScreen:33 - Logg in: 1234
2019-08-11 02:54:48 INFO  AccesScreen:33 - Logg in: 1234
2019-08-11 02:58:35 INFO  AccesScreen:33 - Logg in: 1234
2019-08-11 03:01:12 FATAL AccesScreen:35 - User does not exist
2019-08-11 03:01:30 INFO  AccesScreen:33 - Logg in: frer1972
2019-08-11 03:13:47 INFO  AccesScreen:33 - Logg in: frer1972
2019-08-11 03:31:24 INFO  AccesScreen:33 - Logg in: frer1972
2019-08-11 03:31:43 INFO  TransactionScreen:99 - You made a Deposit day 2019-08-11 Account number: 1 for a mount of: 300.0
2019-08-11 08:17:28 INFO  AccesScreen:33 - Logg in: frer1972
2019-08-11 08:17:47 INFO  TransactionScreen:99 - You made a Deposit day 2019-08-11 Account number: 1 for a mount of: 420.0
2019-08-11 08:38:10 INFO  AccesScreen:33 - Logg in: frer1972
2019-08-11 08:38:32 INFO  TransactionScreen:104 - You made a Deposit day 2019-08-11 Account number: 1 for a mount of: 240.0
2019-08-11 08:45:44 INFO  AccesScreen:33 - Logg in: frer1972
2019-08-11 08:49:38 INFO  AccesScreen:33 - Logg in: frer1972
2019-08-11 08:51:54 INFO  AccesScreen:33 - Logg in: frer1972
2019-08-11 09:07:27 INFO  AccesScreen:33 - Logg in: frer1972
2019-08-11 09:07:34 INFO  TransactionScreen:105 - You made a Deposit day 2019-08-11 Account number: 000000000000001 for a mount of: 234.0
2019-08-11 09:09:39 INFO  AccesScreen:33 - Logg in: frer1972
2019-08-11 09:09:49 INFO  TransactionScreen:105 - You made a Deposit day 2019-08-11 Account number: 000000000000001 for a mount of: 356.0
2019-08-11 09:13:33 INFO  TransactionScreen:105 - You made a Withdraw day 2019-08-11 Account number: 000000000000001 for a mount of: 56.0
2019-08-11 09:13:50 INFO  TransactionScreen:105 - You made a Deposit day 2019-08-11 Account number: 000000000000001 for a mount of: 500.0
2019-08-11 09:29:05 INFO  AccesScreen:33 - Logg in: frer1972
2019-08-11 09:32:52 INFO  AccesScreen:33 - Logg in: frer1972
2019-08-11 09:36:25 FATAL AccesScreen:35 - User does not exist
2019-08-11 09:36:38 INFO  AccesScreen:33 - Logg in: frer1972
2019-08-11 09:38:38 INFO  AccesScreen:33 - Logg in: frer1972
2019-08-11 09:42:59 INFO  AccesScreen:33 - Logg in: frer1972
2019-08-11 09:52:06 INFO  AccesScreen:33 - Logg in: frer1972
2019-08-11 09:52:38 FATAL TransferScreen:111 - You balance is: 0.0 and the amount required  is bigger and the balance 100.0
2019-08-11 09:59:13 INFO  AccesScreen:33 - Logg in: frer1972
2019-08-11 09:59:35 INFO  TransferScreen:115 -  Accounts transfer from 000000000000001 to 000000000000002 day  dateTime  for a mount of: 100.0
2019-08-11 10:06:33 INFO  AccesScreen:33 - Logg in: frer1972
2019-08-11 10:06:50 INFO  TransferScreen:116 -  Accounts transfer from 000000000000001 to 000000000000001 day  dateTime  for a mount of: 100.0
2019-08-11 10:07:24 FATAL TransferScreen:120 - You balance is: 700.0 and the amount required  is bigger and the balance 10000.0
2019-08-11 10:08:03 INFO  TransferScreen:116 -  Accounts transfer from 000000000000001 to 000000000000001 day  dateTime  for a mount of: 50.0
2019-08-11 10:08:21 INFO  TransactionScreen:106 - You made a Deposit day 2019-08-11 Account number: 000000000000002 for a mount of: 300.0
2019-08-11 10:08:35 INFO  TransactionScreen:106 - You made a Withdraw day 2019-08-11 Account number: 000000000000001 for a mount of: 25.67
2019-08-11 10:13:21 INFO  AccesScreen:33 - Logg in: frer1972
2019-08-11 10:13:43 INFO  TransactionScreen:106 - You made a Deposit day 2019-08-11 Account number: 000000000000001 for a mount of: 450.0
2019-08-11 10:14:11 INFO  TransactionScreen:106 - You made a Deposit day 2019-08-11 Account number: 000000000000002 for a mount of: 5000.0
2019-08-11 10:14:36 INFO  TransferScreen:116 -  Accounts transfer from 000000000000002 to 000000000000002 day  dateTime  for a mount of: 1000.0
2019-08-11 10:15:07 INFO  TransactionScreen:106 - You made a Withdraw day 2019-08-11 Account number: 000000000000001 for a mount of: 450.0
2019-08-11 10:28:24 INFO  AccesScreen:33 - Logg in: frer1972
2019-08-11 10:28:36 INFO  TransactionScreen:106 - You made a Deposit day 2019-08-11 Account number: 000000000000001 for a mount of: 5000.0
2019-08-11 10:29:43 INFO  TransferScreen:116 -  Accounts transfer from 000000000000001 to 000000000000001 day  dateTime  for a mount of: 1500.0
2019-08-11 10:32:37 INFO  AccesScreen:33 - Logg in: frer1972
2019-08-11 10:38:14 INFO  AccesScreen:33 - Logg in: frer1972
2019-08-11 10:41:51 INFO  AccesScreen:33 - Logg in: frer1972
2019-08-11 10:42:24 INFO  TransferScreen:116 -  Accounts transfer from 000000000000002 to 000000000000001 day  dateTime  for a mount of: 500.0
2019-08-11 10:44:55 FATAL AccesScreen:35 - User does not exist
2019-08-11 10:45:05 INFO  AccesScreen:33 - Logg in: frer1972
2019-08-11 10:45:20 INFO  OpenAccountScreen:85 -  Account created successful 
2019-08-11 10:45:34 INFO  TransactionScreen:106 - You made a Deposit day 2019-08-11 Account number: 000000000000001 for a mount of: 5900.0
2019-08-11 10:45:58 INFO  TransferScreen:116 -  Accounts transfer from 000000000000001 to 000000000000002 day  dateTime  for a mount of: 900.0
2019-08-11 10:47:03 INFO  TransactionScreen:106 - You made a Withdraw day 2019-08-11 Account number: 000000000000002 for a mount of: 400.0
2019-08-11 11:03:25 FATAL AccesScreen:35 - User does not exist
2019-08-11 11:03:38 INFO  AccesScreen:33 - Logg in: frer1972
2019-08-11 11:05:12 INFO  AccesScreen:33 - Logg in: frer1972
2019-08-11 11:10:14 INFO  AccesScreen:33 - Logg in: frer1972
2019-08-11 11:21:19 FATAL AccesScreen:35 - User does not exist
2019-08-11 11:21:56 INFO  AccesScreen:33 - Logg in: frer1972
2019-08-11 11:27:43 INFO  AccesScreen:33 - Logg in: frer1972
2019-08-11 11:29:50 FATAL AccesScreen:35 - User does not exist
2019-08-11 11:30:19 INFO  AccesScreen:33 - Logg in: frer1972
2019-08-11 11:35:06 INFO  AccesScreen:33 - Logg in: frer1972
2019-08-11 11:40:40 INFO  AccesScreen:33 - Logg in: frer1972
2019-08-11 11:45:32 INFO  AccesScreen:33 - Logg in: frer1972
2019-08-11 12:08:00 INFO  CustomerScreen:81 - Customer created successful
2019-08-11 12:08:12 FATAL AccesScreen:35 - User does not exist
2019-08-11 12:08:32 INFO  AccesScreen:33 - Logg in: bobby
2019-08-11 12:08:56 INFO  OpenAccountScreen:85 -  Account created successful 
2019-08-11 12:09:03 INFO  OpenAccountScreen:85 -  Account created successful 
2019-08-11 12:09:32 INFO  AccesScreen:33 - Logg in: 1234
2019-08-11 12:12:15 INFO  AccesScreen:33 - Logg in: 1234
2019-08-11 12:13:34 INFO  AccesScreen:33 - Logg in: bobby
2019-08-11 12:13:49 INFO  TransactionScreen:106 - You made a Deposit day 2019-08-11 Account number: 000000000000006 for a mount of: 567.0
2019-08-11 12:16:21 INFO  AccesScreen:33 - Logg in: bobby
2019-08-11 12:17:02 INFO  AccesScreen:33 - Logg in: bobby
2019-08-11 12:17:19 INFO  TransactionScreen:106 - You made a Withdraw day 2019-08-11 Account number: 000000000000006 for a mount of: 67.0
2019-08-12 04:43:58 FATAL AccesScreen:35 - User does not exist
2019-08-12 04:44:15 INFO  AccesScreen:33 - Logg in: admin
2019-08-12 04:51:44 INFO  AccesScreen:33 - Logg in: admin
2019-08-12 04:55:50 INFO  AccesScreen:33 - Logg in: admin
2019-08-12 04:58:55 INFO  AccesScreen:33 - Logg in: admin
2019-08-12 04:59:47 INFO  TransactionScreen:84 - You made a Deposit day 2019-08-12 Account number: 000000000000001 for a mount of: 200.0
2019-08-12 05:01:15 INFO  AccesScreen:33 - Logg in: admin
2019-08-12 05:38:21 INFO  AccesScreen:33 - Logg in: frer1972
2019-08-12 05:43:57 INFO  AccesScreen:33 - Logg in: frer1972
2019-08-12 05:44:23 INFO  TransactionScreen:93 - You made a Deposit day 2019-08-12 Account number: 000000000000001 for a mount of: 23.45
2019-08-12 05:45:18 INFO  TransactionScreen:93 - You made a Withdraw day 2019-08-12 Account number: 000000000000002 for a mount of: 23.45
2019-08-12 05:49:48 INFO  AccesScreen:33 - Logg in: frer1972
2019-08-12 05:50:31 INFO  TransferScreen:123 -  Accounts transfer from 000000000000001 to 000000000000002 day  dateTime  for a mount of: 200.67
2019-08-12 05:51:30 INFO  AccesScreen:33 - Logg in: frer1972
2019-08-12 06:03:25 INFO  AccesScreen:33 - Logg in: frer1972
2019-08-12 06:07:04 INFO  AccesScreen:33 - Logg in: frer1972
2019-08-12 06:11:24 INFO  AccesScreen:33 - Logg in: frer1972
2019-08-12 14:46:29 INFO  AccesScreen:33 - Logg in: Fausto Espinoza
2019-08-12 14:46:50 FATAL AccesJointAccount:34 - User does not exist
2019-08-12 14:47:37 INFO  AccesJointAccount:25 - Logg in: Fausto Espinoza Bobby Jones
2019-08-12 15:00:24 INFO  AccesScreen:33 - Logg in: Fausto Espinoza
2019-08-12 15:01:52 INFO  AccesJointAccount:29 - You can't joint account with the same person
2019-08-12 15:05:41 INFO  AccesScreen:33 - Logg in: Fausto Espinoza
2019-08-12 15:05:53 INFO  AccesJointAccount:25 - Logg in: Fausto Espinoza Bobby Jones
2019-08-12 15:12:12 INFO  AccesScreen:33 - Logg in: Fausto Espinoza
2019-08-12 15:12:39 INFO  AccesJointAccount:25 - Logg in: Fausto Espinoza Bobby Jones
2019-08-12 15:14:00 INFO  AccesJointAccount:25 - Logg in: Fausto Espinoza Bobby Jones
2019-08-12 15:16:57 INFO  AccesScreen:33 - Logg in: Fausto Espinoza
2019-08-12 15:17:22 INFO  AccesJointAccount:25 - Logg in: Fausto Espinoza Bobby Jones
2019-08-12 15:44:20 INFO  AccesScreen:33 - Logg in: Fausto Espinoza
2019-08-12 15:44:33 INFO  AccesJointAccount:25 - Logg in: Fausto Espinoza Bobby Jones
2019-08-12 15:45:59 INFO  AccesScreen:33 - Logg in: Fausto Espinoza
2019-08-12 15:46:24 INFO  AccesJointAccount:25 - Logg in: Fausto Espinoza Bobby Jones
2019-08-12 15:46:30 INFO  JointAccountScreen:71 -  Account created successful 
2019-08-12 15:47:29 INFO  AccesScreen:33 - Logg in: Jorge Pineda
2019-08-12 16:18:59 INFO  AccesScreen:33 - Logg in: Jorge Pineda
2019-08-12 16:21:08 INFO  AccesScreen:33 - Logg in: Jorge Pineda
2019-08-12 21:30:04 INFO  AccesScreen:33 - Logg in: Fausto Espinoza
2019-08-12 21:30:19 INFO  AccesScreen:33 - Logg in: Jorge Pineda
2019-08-12 21:31:22 INFO  AccesScreen:33 - Logg in: Jorge Pineda
2019-08-12 21:36:44 FATAL AccesScreen:35 - User does not exist
2019-08-12 21:37:09 INFO  AccesScreen:33 - Logg in: Jorge Pineda
2019-08-12 21:40:38 INFO  AccesScreen:33 - Logg in: Jorge Pineda
2019-08-12 21:47:06 INFO  AccesScreen:33 - Logg in: Jorge Pineda
2019-08-12 21:54:57 INFO  AccesScreen:33 - Logg in: Jorge Pineda
2019-08-12 22:04:22 INFO  AccesScreen:33 - Logg in: Fausto Espinoza
2019-08-12 22:04:54 INFO  TransactionScreen:93 - You made a Deposit day 2019-08-12 Account number: 000000000000006 for a mount of: 700.0
2019-08-12 22:14:01 INFO  AccesScreen:33 - Logg in: Fausto Espinoza
2019-08-12 22:14:16 INFO  AccesJointAccount:25 - Logg in: Fausto Espinoza Bobby Jones
2019-08-13 02:17:37 INFO  AccesScreen:33 - Logg in: Fausto Espinoza
2019-08-13 02:17:54 INFO  AccesJointAccount:25 - Logg in: Fausto Espinoza Bobby Jones
2019-08-13 02:38:09 INFO  AccesScreen:33 - Logg in: Jorge Pineda
2019-08-13 02:41:36 INFO  AccesScreen:33 - Logg in: Jorge Pineda
2019-08-13 02:45:33 INFO  AccesScreen:33 - Logg in: Jorge Pineda
2019-08-13 02:46:46 INFO  AccesScreen:33 - Logg in: Jorge Pineda
2019-08-13 02:52:15 INFO  AccesScreen:33 - Logg in: Jorge Pineda
2019-08-13 02:54:48 INFO  AccesScreen:33 - Logg in: John Garcia
2019-08-13 02:55:14 INFO  TransactionScreen:93 - You made a Withdraw day 2019-08-13 Account number: 000000000000006 for a mount of: 200.0
2019-08-13 02:56:04 INFO  TransferScreen:123 -  Accounts transfer from 000000000000001 to 000000000000002 day  dateTime  for a mount of: 22.0
